2025-03-14 23:08:55.403 [info] [main] Log level: Info
2025-03-14 23:08:55.403 [info] [main] Validating found git in: "git"
2025-03-14 23:08:55.403 [info] [main] Using git "2.45.2" from "git"
2025-03-14 23:08:55.403 [info] [Model][doInitialScan] Initial repository scan started
2025-03-14 23:08:55.403 [info] > git rev-parse --show-toplevel [808ms]
2025-03-14 23:08:55.403 [info] fatal: not a git repository (or any of the parent directories): .git
2025-03-14 23:08:55.403 [info] > git rev-parse --show-toplevel [328ms]
2025-03-14 23:08:55.403 [info] fatal: not a git repository (or any of the parent directories): .git
2025-03-14 23:08:55.403 [info] > git rev-parse --show-toplevel [541ms]
2025-03-14 23:08:55.403 [info] fatal: not a git repository (or any of the parent directories): .git
2025-03-14 23:08:55.469 [info] > git rev-parse --show-toplevel [39ms]
2025-03-14 23:08:55.469 [info] fatal: not a git repository (or any of the parent directories): .git
2025-03-14 23:08:55.578 [info] > git rev-parse --show-toplevel [63ms]
2025-03-14 23:08:55.578 [info] fatal: not a git repository (or any of the parent directories): .git
2025-03-14 23:08:55.637 [info] > git rev-parse --show-toplevel [30ms]
2025-03-14 23:08:55.637 [info] fatal: not a git repository (or any of the parent directories): .git
2025-03-14 23:08:55.733 [info] > git rev-parse --show-toplevel [69ms]
2025-03-14 23:08:55.733 [info] fatal: not a git repository (or any of the parent directories): .git
2025-03-14 23:08:55.801 [info] > git rev-parse --show-toplevel [22ms]
2025-03-14 23:08:55.801 [info] fatal: not a git repository (or any of the parent directories): .git
2025-03-14 23:08:55.892 [info] > git rev-parse --show-toplevel [47ms]
2025-03-14 23:08:55.892 [info] fatal: not a git repository (or any of the parent directories): .git
2025-03-14 23:08:55.929 [info] > git rev-parse --show-toplevel [11ms]
2025-03-14 23:08:55.929 [info] fatal: not a git repository (or any of the parent directories): .git
2025-03-14 23:08:55.993 [info] > git rev-parse --show-toplevel [25ms]
2025-03-14 23:08:55.993 [info] fatal: not a git repository (or any of the parent directories): .git
2025-03-14 23:08:56.021 [info] [Model][doInitialScan] Initial repository scan completed - repositories (0), closed repositories (0), parent repositories (0), unsafe repositories (0)
