2025-03-17 20:44:18.945 [info] Extension host with pid 282130 started
2025-03-17 20:44:18.945 [error] Error: EEXIST: file already exists, open '/root/.vscode-server/data/User/workspaceStorage/99125c4b3bde653cbaa6c15da80dd38a/vscode.lock'
2025-03-17 20:44:18.953 [info] Lock '/root/.vscode-server/data/User/workspaceStorage/99125c4b3bde653cbaa6c15da80dd38a/vscode.lock': Could not acquire lock, checking if the file is stale.
2025-03-17 20:44:18.959 [info] Lock '/root/.vscode-server/data/User/workspaceStorage/99125c4b3bde653cbaa6c15da80dd38a/vscode.lock': The lock does not look stale, elapsed: 861 ms, giving up.
2025-03-17 20:44:18.970 [info] Lock '/root/.vscode-server/data/User/workspaceStorage/99125c4b3bde653cbaa6c15da80dd38a-1/vscode.lock': Lock acquired.
2025-03-17 20:44:19.237 [info] ExtensionService#_doActivateExtension vscode.git-base, startup: false, activationEvent: '*', root cause: vscode.git
2025-03-17 20:44:19.243 [info] ExtensionService#_doActivateExtension vscode.tunnel-forwarding, startup: false, activationEvent: 'onTunnel'
2025-03-17 20:44:19.244 [info] ExtensionService#_doActivateExtension vscode.emmet, startup: false, activationEvent: 'onLanguage'
2025-03-17 20:44:19.244 [info] ExtensionService#_doActivateExtension vscode.typescript-language-features, startup: false, activationEvent: 'onLanguage:javascript'
2025-03-17 20:44:19.244 [info] ExtensionService#_doActivateExtension vscode.html-language-features, startup: false, activationEvent: 'onLanguage:html'
2025-03-17 20:44:19.246 [info] ExtensionService#_doActivateExtension vscode.css-language-features, startup: false, activationEvent: 'onLanguage:css'
2025-03-17 20:44:20.085 [info] ExtensionService#_doActivateExtension vscode.git, startup: false, activationEvent: '*'
2025-03-17 20:44:20.087 [info] ExtensionService#_doActivateExtension vscode.github, startup: false, activationEvent: '*'
2025-03-17 20:44:22.965 [info] Eager extensions activated
2025-03-17 20:44:22.976 [info] ExtensionService#_doActivateExtension vscode.debug-auto-launch, startup: false, activationEvent: 'onStartupFinished'
2025-03-17 20:44:22.986 [info] ExtensionService#_doActivateExtension vscode.merge-conflict, startup: false, activationEvent: 'onStartupFinished'
2025-03-17 20:56:01.052 [info] ExtensionService#_doActivateExtension vscode.npm, startup: false, activationEvent: 'onTerminalQuickFixRequest:ms-vscode.npm-command'
2025-03-17 20:56:06.692 [info] ExtensionService#_doActivateExtension vscode.configuration-editing, startup: false, activationEvent: 'onLanguage:json'
2025-03-17 20:56:06.692 [info] ExtensionService#_doActivateExtension vscode.extension-editing, startup: false, activationEvent: 'onLanguage:json'
2025-03-17 20:56:06.693 [info] ExtensionService#_doActivateExtension vscode.json-language-features, startup: false, activationEvent: 'onLanguage:json'
