2025-03-14 23:53:50.072 [info] [main] Log level: Info
2025-03-14 23:53:50.072 [info] [main] Validating found git in: "git"
2025-03-14 23:53:50.072 [info] [main] Using git "2.45.2" from "git"
2025-03-14 23:53:50.072 [info] [Model][doInitialScan] Initial repository scan started
2025-03-14 23:53:50.072 [info] > git rev-parse --show-toplevel [723ms]
2025-03-14 23:53:50.072 [info] fatal: not a git repository (or any of the parent directories): .git
2025-03-14 23:53:50.072 [info] > git rev-parse --show-toplevel [192ms]
2025-03-14 23:53:50.072 [info] fatal: not a git repository (or any of the parent directories): .git
2025-03-14 23:53:50.246 [info] > git rev-parse --show-toplevel [409ms]
2025-03-14 23:53:50.246 [info] fatal: not a git repository (or any of the parent directories): .git
2025-03-14 23:53:50.466 [info] > git rev-parse --show-toplevel [156ms]
2025-03-14 23:53:50.466 [info] fatal: not a git repository (or any of the parent directories): .git
2025-03-14 23:53:50.543 [info] > git rev-parse --show-toplevel [38ms]
2025-03-14 23:53:50.543 [info] fatal: not a git repository (or any of the parent directories): .git
2025-03-14 23:53:50.638 [info] > git rev-parse --show-toplevel [52ms]
2025-03-14 23:53:50.638 [info] fatal: not a git repository (or any of the parent directories): .git
2025-03-14 23:53:50.769 [info] > git rev-parse --show-toplevel [77ms]
2025-03-14 23:53:50.769 [info] fatal: not a git repository (or any of the parent directories): .git
2025-03-14 23:53:50.947 [info] > git rev-parse --show-toplevel [125ms]
2025-03-14 23:53:50.947 [info] fatal: not a git repository (or any of the parent directories): .git
2025-03-14 23:53:51.036 [info] > git rev-parse --show-toplevel [11ms]
2025-03-14 23:53:51.036 [info] fatal: not a git repository (or any of the parent directories): .git
2025-03-14 23:53:51.065 [info] [Model][doInitialScan] Initial repository scan completed - repositories (0), closed repositories (0), parent repositories (0), unsafe repositories (0)
2025-03-15 00:00:56.617 [info] > git rev-parse --show-toplevel [12ms]
2025-03-15 00:00:56.617 [info] fatal: not a git repository (or any of the parent directories): .git
2025-03-15 00:00:56.623 [info] > git rev-parse --show-toplevel [1ms]
2025-03-15 00:00:56.623 [info] fatal: not a git repository (or any of the parent directories): .git
2025-03-15 00:00:56.628 [info] > git rev-parse --show-toplevel [2ms]
2025-03-15 00:00:56.628 [info] fatal: not a git repository (or any of the parent directories): .git
2025-03-15 00:00:56.633 [info] > git rev-parse --show-toplevel [2ms]
2025-03-15 00:00:56.633 [info] fatal: not a git repository (or any of the parent directories): .git
2025-03-15 00:00:57.122 [info] > git rev-parse --show-toplevel [1ms]
2025-03-15 00:00:57.122 [info] fatal: not a git repository (or any of the parent directories): .git
2025-03-15 00:00:57.128 [info] > git rev-parse --show-toplevel [2ms]
2025-03-15 00:00:57.128 [info] fatal: not a git repository (or any of the parent directories): .git
2025-03-15 00:00:57.133 [info] > git rev-parse --show-toplevel [2ms]
2025-03-15 00:00:57.133 [info] fatal: not a git repository (or any of the parent directories): .git
2025-03-15 00:00:57.595 [info] > git rev-parse --show-toplevel [2ms]
2025-03-15 00:00:57.595 [info] fatal: not a git repository (or any of the parent directories): .git
2025-03-15 00:00:57.600 [info] > git rev-parse --show-toplevel [1ms]
2025-03-15 00:00:57.600 [info] fatal: not a git repository (or any of the parent directories): .git
2025-03-15 00:00:57.605 [info] > git rev-parse --show-toplevel [2ms]
2025-03-15 00:00:57.605 [info] fatal: not a git repository (or any of the parent directories): .git
2025-03-15 00:00:57.613 [info] > git rev-parse --show-toplevel [3ms]
2025-03-15 00:00:57.613 [info] fatal: not a git repository (or any of the parent directories): .git
2025-03-15 00:00:59.012 [info] > git rev-parse --show-toplevel [4ms]
2025-03-15 00:00:59.012 [info] fatal: not a git repository (or any of the parent directories): .git
2025-03-15 00:00:59.016 [info] > git rev-parse --show-toplevel [1ms]
2025-03-15 00:00:59.016 [info] fatal: not a git repository (or any of the parent directories): .git
2025-03-15 00:01:00.164 [info] > git rev-parse --show-toplevel [2ms]
2025-03-15 00:01:00.164 [info] fatal: not a git repository (or any of the parent directories): .git
2025-03-15 00:01:04.091 [info] > git rev-parse --show-toplevel [11ms]
2025-03-15 00:01:04.095 [info] fatal: not a git repository (or any of the parent directories): .git
2025-03-15 00:01:06.662 [info] > git rev-parse --show-toplevel [39ms]
2025-03-15 00:01:06.662 [info] fatal: not a git repository (or any of the parent directories): .git
2025-03-15 00:01:08.920 [info] > git rev-parse --show-toplevel [11ms]
2025-03-15 00:01:08.920 [info] fatal: not a git repository (or any of the parent directories): .git
2025-03-15 00:01:10.361 [info] > git rev-parse --show-toplevel [21ms]
2025-03-15 00:01:10.361 [info] fatal: not a git repository (or any of the parent directories): .git
2025-03-15 00:01:10.388 [info] > git rev-parse --show-toplevel [7ms]
2025-03-15 00:01:10.388 [info] fatal: not a git repository (or any of the parent directories): .git
2025-03-15 00:01:11.635 [info] > git rev-parse --show-toplevel [2ms]
2025-03-15 00:01:11.635 [info] fatal: not a git repository (or any of the parent directories): .git
2025-03-15 00:01:11.647 [info] > git rev-parse --show-toplevel [4ms]
2025-03-15 00:01:11.648 [info] fatal: not a git repository (or any of the parent directories): .git
2025-03-15 00:01:11.653 [info] > git rev-parse --show-toplevel [1ms]
2025-03-15 00:01:11.653 [info] fatal: not a git repository (or any of the parent directories): .git
2025-03-15 00:01:17.526 [info] > git rev-parse --show-toplevel [2ms]
2025-03-15 00:01:17.526 [info] fatal: not a git repository (or any of the parent directories): .git
2025-03-15 00:01:17.531 [info] > git rev-parse --show-toplevel [2ms]
2025-03-15 00:01:17.531 [info] fatal: not a git repository (or any of the parent directories): .git
2025-03-15 00:01:17.615 [info] > git rev-parse --show-toplevel [14ms]
2025-03-15 00:01:17.615 [info] fatal: not a git repository (or any of the parent directories): .git
2025-03-15 00:01:17.629 [info] > git rev-parse --show-toplevel [4ms]
2025-03-15 00:01:17.629 [info] fatal: not a git repository (or any of the parent directories): .git
2025-03-15 00:01:17.639 [info] > git rev-parse --show-toplevel [4ms]
2025-03-15 00:01:17.639 [info] fatal: not a git repository (or any of the parent directories): .git
2025-03-15 00:01:21.361 [info] > git rev-parse --show-toplevel [4ms]
2025-03-15 00:01:21.361 [info] fatal: not a git repository (or any of the parent directories): .git
2025-03-15 00:01:21.366 [info] > git rev-parse --show-toplevel [2ms]
2025-03-15 00:01:21.366 [info] fatal: not a git repository (or any of the parent directories): .git
2025-03-15 00:01:21.426 [info] > git rev-parse --show-toplevel [5ms]
2025-03-15 00:01:21.426 [info] fatal: not a git repository (or any of the parent directories): .git
2025-03-15 00:01:21.435 [info] > git rev-parse --show-toplevel [3ms]
2025-03-15 00:01:21.435 [info] fatal: not a git repository (or any of the parent directories): .git
2025-03-15 00:01:21.444 [info] > git rev-parse --show-toplevel [3ms]
2025-03-15 00:01:21.444 [info] fatal: not a git repository (or any of the parent directories): .git
2025-03-15 00:01:24.215 [info] > git rev-parse --show-toplevel [5ms]
2025-03-15 00:01:24.215 [info] fatal: not a git repository (or any of the parent directories): .git
2025-03-15 00:01:24.221 [info] > git rev-parse --show-toplevel [1ms]
2025-03-15 00:01:24.221 [info] fatal: not a git repository (or any of the parent directories): .git
2025-03-15 00:01:24.225 [info] > git rev-parse --show-toplevel [1ms]
2025-03-15 00:01:24.225 [info] fatal: not a git repository (or any of the parent directories): .git
2025-03-15 00:01:24.231 [info] > git rev-parse --show-toplevel [4ms]
2025-03-15 00:01:24.231 [info] fatal: not a git repository (or any of the parent directories): .git
2025-03-15 00:01:25.538 [info] > git rev-parse --show-toplevel [1ms]
2025-03-15 00:01:25.538 [info] fatal: not a git repository (or any of the parent directories): .git
2025-03-15 00:01:25.544 [info] > git rev-parse --show-toplevel [2ms]
2025-03-15 00:01:25.544 [info] fatal: not a git repository (or any of the parent directories): .git
2025-03-15 00:01:25.552 [info] > git rev-parse --show-toplevel [2ms]
2025-03-15 00:01:25.552 [info] fatal: not a git repository (or any of the parent directories): .git
2025-03-15 00:01:25.560 [info] > git rev-parse --show-toplevel [2ms]
2025-03-15 00:01:25.560 [info] fatal: not a git repository (or any of the parent directories): .git
2025-03-15 00:01:25.564 [info] > git rev-parse --show-toplevel [1ms]
2025-03-15 00:01:25.564 [info] fatal: not a git repository (or any of the parent directories): .git
2025-03-15 00:01:31.826 [info] > git rev-parse --show-toplevel [3ms]
2025-03-15 00:01:31.826 [info] fatal: not a git repository (or any of the parent directories): .git
2025-03-15 00:01:31.830 [info] > git rev-parse --show-toplevel [1ms]
2025-03-15 00:01:31.830 [info] fatal: not a git repository (or any of the parent directories): .git
2025-03-15 00:01:31.834 [info] > git rev-parse --show-toplevel [1ms]
2025-03-15 00:01:31.834 [info] fatal: not a git repository (or any of the parent directories): .git
2025-03-15 00:01:31.837 [info] > git rev-parse --show-toplevel [1ms]
2025-03-15 00:01:31.837 [info] fatal: not a git repository (or any of the parent directories): .git
2025-03-15 00:01:31.893 [info] > git rev-parse --show-toplevel [5ms]
2025-03-15 00:01:31.893 [info] fatal: not a git repository (or any of the parent directories): .git
2025-03-15 00:01:31.902 [info] > git rev-parse --show-toplevel [3ms]
2025-03-15 00:01:31.902 [info] fatal: not a git repository (or any of the parent directories): .git
2025-03-15 00:01:31.913 [info] > git rev-parse --show-toplevel [4ms]
2025-03-15 00:01:31.913 [info] fatal: not a git repository (or any of the parent directories): .git
2025-03-15 00:01:31.920 [info] > git rev-parse --show-toplevel [3ms]
2025-03-15 00:01:31.920 [info] fatal: not a git repository (or any of the parent directories): .git
2025-03-15 00:01:31.928 [info] > git rev-parse --show-toplevel [2ms]
2025-03-15 00:01:31.928 [info] fatal: not a git repository (or any of the parent directories): .git
2025-03-15 00:01:34.922 [info] > git rev-parse --show-toplevel [4ms]
2025-03-15 00:01:34.922 [info] fatal: not a git repository (or any of the parent directories): .git
2025-03-15 00:01:34.929 [info] > git rev-parse --show-toplevel [2ms]
2025-03-15 00:01:34.929 [info] fatal: not a git repository (or any of the parent directories): .git
2025-03-15 00:01:34.936 [info] > git rev-parse --show-toplevel [3ms]
2025-03-15 00:01:34.936 [info] fatal: not a git repository (or any of the parent directories): .git
2025-03-15 00:01:34.940 [info] > git rev-parse --show-toplevel [1ms]
2025-03-15 00:01:34.940 [info] fatal: not a git repository (or any of the parent directories): .git
2025-03-15 00:01:35.063 [info] > git rev-parse --show-toplevel [9ms]
2025-03-15 00:01:35.063 [info] fatal: not a git repository (or any of the parent directories): .git
2025-03-15 00:01:35.100 [info] > git rev-parse --show-toplevel [13ms]
2025-03-15 00:01:35.100 [info] fatal: not a git repository (or any of the parent directories): .git
2025-03-15 00:01:35.126 [info] > git rev-parse --show-toplevel [9ms]
2025-03-15 00:01:35.126 [info] fatal: not a git repository (or any of the parent directories): .git
2025-03-15 00:01:35.146 [info] > git rev-parse --show-toplevel [7ms]
2025-03-15 00:01:35.146 [info] fatal: not a git repository (or any of the parent directories): .git
2025-03-15 00:01:35.161 [info] > git rev-parse --show-toplevel [5ms]
2025-03-15 00:01:35.161 [info] fatal: not a git repository (or any of the parent directories): .git
2025-03-15 00:01:37.474 [info] > git rev-parse --show-toplevel [3ms]
2025-03-15 00:01:37.474 [info] fatal: not a git repository (or any of the parent directories): .git
2025-03-15 00:01:37.478 [info] > git rev-parse --show-toplevel [1ms]
2025-03-15 00:01:37.478 [info] fatal: not a git repository (or any of the parent directories): .git
2025-03-15 00:01:37.482 [info] > git rev-parse --show-toplevel [1ms]
2025-03-15 00:01:37.482 [info] fatal: not a git repository (or any of the parent directories): .git
2025-03-15 00:01:37.486 [info] > git rev-parse --show-toplevel [1ms]
2025-03-15 00:01:37.486 [info] fatal: not a git repository (or any of the parent directories): .git
2025-03-15 00:01:37.493 [info] > git rev-parse --show-toplevel [2ms]
2025-03-15 00:01:37.493 [info] fatal: not a git repository (or any of the parent directories): .git
2025-03-15 00:01:37.498 [info] > git rev-parse --show-toplevel [2ms]
2025-03-15 00:01:37.498 [info] fatal: not a git repository (or any of the parent directories): .git
2025-03-15 00:01:39.559 [info] > git rev-parse --show-toplevel [1ms]
2025-03-15 00:01:39.559 [info] fatal: not a git repository (or any of the parent directories): .git
2025-03-15 00:01:39.563 [info] > git rev-parse --show-toplevel [1ms]
2025-03-15 00:01:39.563 [info] fatal: not a git repository (or any of the parent directories): .git
2025-03-15 00:01:39.567 [info] > git rev-parse --show-toplevel [1ms]
2025-03-15 00:01:39.567 [info] fatal: not a git repository (or any of the parent directories): .git
2025-03-15 00:01:39.573 [info] > git rev-parse --show-toplevel [1ms]
2025-03-15 00:01:39.573 [info] fatal: not a git repository (or any of the parent directories): .git
2025-03-15 00:01:39.577 [info] > git rev-parse --show-toplevel [1ms]
2025-03-15 00:01:39.577 [info] fatal: not a git repository (or any of the parent directories): .git
2025-03-15 00:01:39.637 [info] > git rev-parse --show-toplevel [6ms]
2025-03-15 00:01:39.638 [info] fatal: not a git repository (or any of the parent directories): .git
2025-03-15 00:01:39.671 [info] > git rev-parse --show-toplevel [6ms]
2025-03-15 00:01:39.671 [info] fatal: not a git repository (or any of the parent directories): .git
2025-03-15 00:01:39.719 [info] > git rev-parse --show-toplevel [13ms]
2025-03-15 00:01:39.719 [info] fatal: not a git repository (or any of the parent directories): .git
2025-03-15 00:01:39.735 [info] > git rev-parse --show-toplevel [2ms]
2025-03-15 00:01:39.735 [info] fatal: not a git repository (or any of the parent directories): .git
2025-03-15 00:01:39.754 [info] > git rev-parse --show-toplevel [7ms]
2025-03-15 00:01:39.754 [info] fatal: not a git repository (or any of the parent directories): .git
2025-03-15 00:01:39.779 [info] > git rev-parse --show-toplevel [5ms]
2025-03-15 00:01:39.779 [info] fatal: not a git repository (or any of the parent directories): .git
2025-03-15 00:01:49.583 [info] > git rev-parse --show-toplevel [4ms]
2025-03-15 00:01:49.583 [info] fatal: not a git repository (or any of the parent directories): .git
2025-03-15 00:01:49.589 [info] > git rev-parse --show-toplevel [3ms]
2025-03-15 00:01:49.589 [info] fatal: not a git repository (or any of the parent directories): .git
2025-03-15 00:01:49.601 [info] > git rev-parse --show-toplevel [7ms]
2025-03-15 00:01:49.601 [info] fatal: not a git repository (or any of the parent directories): .git
2025-03-15 00:01:49.610 [info] > git rev-parse --show-toplevel [3ms]
2025-03-15 00:01:49.611 [info] fatal: not a git repository (or any of the parent directories): .git
2025-03-15 00:01:49.621 [info] > git rev-parse --show-toplevel [4ms]
2025-03-15 00:01:49.621 [info] fatal: not a git repository (or any of the parent directories): .git
2025-03-15 00:01:49.629 [info] > git rev-parse --show-toplevel [5ms]
2025-03-15 00:01:49.629 [info] fatal: not a git repository (or any of the parent directories): .git
2025-03-15 00:01:49.634 [info] > git rev-parse --show-toplevel [2ms]
2025-03-15 00:01:49.634 [info] fatal: not a git repository (or any of the parent directories): .git
2025-03-15 00:01:51.032 [info] > git rev-parse --show-toplevel [1ms]
2025-03-15 00:01:51.032 [info] fatal: not a git repository (or any of the parent directories): .git
2025-03-15 00:01:51.043 [info] > git rev-parse --show-toplevel [7ms]
2025-03-15 00:01:51.043 [info] fatal: not a git repository (or any of the parent directories): .git
2025-03-15 00:01:51.050 [info] > git rev-parse --show-toplevel [2ms]
2025-03-15 00:01:51.050 [info] fatal: not a git repository (or any of the parent directories): .git
2025-03-15 00:01:51.057 [info] > git rev-parse --show-toplevel [3ms]
2025-03-15 00:01:51.057 [info] fatal: not a git repository (or any of the parent directories): .git
2025-03-15 00:01:51.061 [info] > git rev-parse --show-toplevel [1ms]
2025-03-15 00:01:51.061 [info] fatal: not a git repository (or any of the parent directories): .git
2025-03-15 00:01:51.065 [info] > git rev-parse --show-toplevel [2ms]
2025-03-15 00:01:51.065 [info] fatal: not a git repository (or any of the parent directories): .git
2025-03-15 00:01:51.184 [info] > git rev-parse --show-toplevel [4ms]
2025-03-15 00:01:51.184 [info] fatal: not a git repository (or any of the parent directories): .git
2025-03-15 00:01:51.198 [info] > git rev-parse --show-toplevel [5ms]
2025-03-15 00:01:51.198 [info] fatal: not a git repository (or any of the parent directories): .git
2025-03-15 00:01:51.211 [info] > git rev-parse --show-toplevel [6ms]
2025-03-15 00:01:51.211 [info] fatal: not a git repository (or any of the parent directories): .git
2025-03-15 00:01:51.223 [info] > git rev-parse --show-toplevel [6ms]
2025-03-15 00:01:51.223 [info] fatal: not a git repository (or any of the parent directories): .git
2025-03-15 00:01:51.237 [info] > git rev-parse --show-toplevel [6ms]
2025-03-15 00:01:51.237 [info] fatal: not a git repository (or any of the parent directories): .git
2025-03-15 00:01:51.251 [info] > git rev-parse --show-toplevel [7ms]
2025-03-15 00:01:51.251 [info] fatal: not a git repository (or any of the parent directories): .git
2025-03-15 00:01:51.264 [info] > git rev-parse --show-toplevel [5ms]
2025-03-15 00:01:51.264 [info] fatal: not a git repository (or any of the parent directories): .git
2025-03-15 00:01:53.871 [info] > git rev-parse --show-toplevel [2ms]
2025-03-15 00:01:53.871 [info] fatal: not a git repository (or any of the parent directories): .git
2025-03-15 00:01:53.882 [info] > git rev-parse --show-toplevel [7ms]
2025-03-15 00:01:53.882 [info] fatal: not a git repository (or any of the parent directories): .git
2025-03-15 00:01:53.893 [info] > git rev-parse --show-toplevel [4ms]
2025-03-15 00:01:53.893 [info] fatal: not a git repository (or any of the parent directories): .git
2025-03-15 00:01:53.901 [info] > git rev-parse --show-toplevel [2ms]
2025-03-15 00:01:53.901 [info] fatal: not a git repository (or any of the parent directories): .git
2025-03-15 00:01:53.909 [info] > git rev-parse --show-toplevel [4ms]
2025-03-15 00:01:53.909 [info] fatal: not a git repository (or any of the parent directories): .git
2025-03-15 00:01:53.918 [info] > git rev-parse --show-toplevel [2ms]
2025-03-15 00:01:53.918 [info] fatal: not a git repository (or any of the parent directories): .git
2025-03-15 00:01:53.924 [info] > git rev-parse --show-toplevel [2ms]
2025-03-15 00:01:53.924 [info] fatal: not a git repository (or any of the parent directories): .git
2025-03-15 00:01:53.931 [info] > git rev-parse --show-toplevel [2ms]
2025-03-15 00:01:53.931 [info] fatal: not a git repository (or any of the parent directories): .git
2025-03-15 00:01:55.020 [info] > git rev-parse --show-toplevel [2ms]
2025-03-15 00:01:55.020 [info] fatal: not a git repository (or any of the parent directories): .git
2025-03-15 00:01:55.024 [info] > git rev-parse --show-toplevel [1ms]
2025-03-15 00:01:55.024 [info] fatal: not a git repository (or any of the parent directories): .git
2025-03-15 00:01:55.029 [info] > git rev-parse --show-toplevel [1ms]
2025-03-15 00:01:55.029 [info] fatal: not a git repository (or any of the parent directories): .git
2025-03-15 00:01:55.034 [info] > git rev-parse --show-toplevel [1ms]
2025-03-15 00:01:55.034 [info] fatal: not a git repository (or any of the parent directories): .git
2025-03-15 00:01:55.038 [info] > git rev-parse --show-toplevel [1ms]
2025-03-15 00:01:55.038 [info] fatal: not a git repository (or any of the parent directories): .git
2025-03-15 00:01:55.043 [info] > git rev-parse --show-toplevel [2ms]
2025-03-15 00:01:55.043 [info] fatal: not a git repository (or any of the parent directories): .git
2025-03-15 00:01:55.047 [info] > git rev-parse --show-toplevel [1ms]
2025-03-15 00:01:55.047 [info] fatal: not a git repository (or any of the parent directories): .git
2025-03-15 00:01:55.111 [info] > git rev-parse --show-toplevel [6ms]
2025-03-15 00:01:55.111 [info] fatal: not a git repository (or any of the parent directories): .git
2025-03-15 00:01:55.129 [info] > git rev-parse --show-toplevel [6ms]
2025-03-15 00:01:55.129 [info] fatal: not a git repository (or any of the parent directories): .git
2025-03-15 00:01:55.155 [info] > git rev-parse --show-toplevel [10ms]
2025-03-15 00:01:55.155 [info] fatal: not a git repository (or any of the parent directories): .git
2025-03-15 00:01:55.201 [info] > git rev-parse --show-toplevel [13ms]
2025-03-15 00:01:55.201 [info] fatal: not a git repository (or any of the parent directories): .git
2025-03-15 00:01:55.224 [info] > git rev-parse --show-toplevel [8ms]
2025-03-15 00:01:55.224 [info] fatal: not a git repository (or any of the parent directories): .git
2025-03-15 00:01:55.237 [info] > git rev-parse --show-toplevel [7ms]
2025-03-15 00:01:55.238 [info] fatal: not a git repository (or any of the parent directories): .git
2025-03-15 00:01:55.260 [info] > git rev-parse --show-toplevel [12ms]
2025-03-15 00:01:55.260 [info] fatal: not a git repository (or any of the parent directories): .git
2025-03-15 00:01:55.275 [info] > git rev-parse --show-toplevel [1ms]
2025-03-15 00:01:55.275 [info] fatal: not a git repository (or any of the parent directories): .git
2025-03-15 00:01:56.913 [info] > git rev-parse --show-toplevel [4ms]
2025-03-15 00:01:56.913 [info] fatal: not a git repository (or any of the parent directories): .git
2025-03-15 00:01:56.919 [info] > git rev-parse --show-toplevel [3ms]
2025-03-15 00:01:56.919 [info] fatal: not a git repository (or any of the parent directories): .git
2025-03-15 00:01:56.939 [info] > git rev-parse --show-toplevel [4ms]
2025-03-15 00:01:56.939 [info] fatal: not a git repository (or any of the parent directories): .git
2025-03-15 00:01:56.946 [info] > git rev-parse --show-toplevel [2ms]
2025-03-15 00:01:56.946 [info] fatal: not a git repository (or any of the parent directories): .git
2025-03-15 00:01:56.951 [info] > git rev-parse --show-toplevel [2ms]
2025-03-15 00:01:56.951 [info] fatal: not a git repository (or any of the parent directories): .git
2025-03-15 00:01:56.957 [info] > git rev-parse --show-toplevel [4ms]
2025-03-15 00:01:56.957 [info] fatal: not a git repository (or any of the parent directories): .git
2025-03-15 00:01:56.962 [info] > git rev-parse --show-toplevel [1ms]
2025-03-15 00:01:56.962 [info] fatal: not a git repository (or any of the parent directories): .git
2025-03-15 00:01:56.966 [info] > git rev-parse --show-toplevel [2ms]
2025-03-15 00:01:56.966 [info] fatal: not a git repository (or any of the parent directories): .git
2025-03-15 00:01:56.971 [info] > git rev-parse --show-toplevel [2ms]
2025-03-15 00:01:56.971 [info] fatal: not a git repository (or any of the parent directories): .git
2025-03-15 00:01:57.972 [info] > git rev-parse --show-toplevel [2ms]
2025-03-15 00:01:57.972 [info] fatal: not a git repository (or any of the parent directories): .git
2025-03-15 00:01:57.976 [info] > git rev-parse --show-toplevel [1ms]
2025-03-15 00:01:57.976 [info] fatal: not a git repository (or any of the parent directories): .git
2025-03-15 00:01:57.980 [info] > git rev-parse --show-toplevel [1ms]
2025-03-15 00:01:57.980 [info] fatal: not a git repository (or any of the parent directories): .git
2025-03-15 00:01:57.984 [info] > git rev-parse --show-toplevel [1ms]
2025-03-15 00:01:57.984 [info] fatal: not a git repository (or any of the parent directories): .git
2025-03-15 00:01:57.988 [info] > git rev-parse --show-toplevel [1ms]
2025-03-15 00:01:57.988 [info] fatal: not a git repository (or any of the parent directories): .git
2025-03-15 00:01:57.993 [info] > git rev-parse --show-toplevel [2ms]
2025-03-15 00:01:57.993 [info] fatal: not a git repository (or any of the parent directories): .git
2025-03-15 00:01:57.997 [info] > git rev-parse --show-toplevel [0ms]
2025-03-15 00:01:57.997 [info] fatal: not a git repository (or any of the parent directories): .git
2025-03-15 00:01:58.001 [info] > git rev-parse --show-toplevel [1ms]
2025-03-15 00:01:58.001 [info] fatal: not a git repository (or any of the parent directories): .git
2025-03-15 00:01:58.022 [info] > git rev-parse --show-toplevel [5ms]
2025-03-15 00:01:58.022 [info] fatal: not a git repository (or any of the parent directories): .git
2025-03-15 00:01:58.049 [info] > git rev-parse --show-toplevel [9ms]
2025-03-15 00:01:58.050 [info] fatal: not a git repository (or any of the parent directories): .git
2025-03-15 00:01:58.062 [info] > git rev-parse --show-toplevel [1ms]
2025-03-15 00:01:58.062 [info] fatal: not a git repository (or any of the parent directories): .git
2025-03-15 00:01:58.071 [info] > git rev-parse --show-toplevel [3ms]
2025-03-15 00:01:58.071 [info] fatal: not a git repository (or any of the parent directories): .git
2025-03-15 00:01:58.080 [info] > git rev-parse --show-toplevel [0ms]
2025-03-15 00:01:58.080 [info] fatal: not a git repository (or any of the parent directories): .git
2025-03-15 00:01:58.089 [info] > git rev-parse --show-toplevel [2ms]
2025-03-15 00:01:58.089 [info] fatal: not a git repository (or any of the parent directories): .git
2025-03-15 00:01:58.096 [info] > git rev-parse --show-toplevel [3ms]
2025-03-15 00:01:58.096 [info] fatal: not a git repository (or any of the parent directories): .git
2025-03-15 00:01:58.111 [info] > git rev-parse --show-toplevel [4ms]
2025-03-15 00:01:58.111 [info] fatal: not a git repository (or any of the parent directories): .git
2025-03-15 00:01:58.127 [info] > git rev-parse --show-toplevel [5ms]
2025-03-15 00:01:58.127 [info] fatal: not a git repository (or any of the parent directories): .git
2025-03-15 00:02:00.070 [info] > git rev-parse --show-toplevel [4ms]
2025-03-15 00:02:00.070 [info] fatal: not a git repository (or any of the parent directories): .git
2025-03-15 00:02:00.076 [info] > git rev-parse --show-toplevel [2ms]
2025-03-15 00:02:00.076 [info] fatal: not a git repository (or any of the parent directories): .git
2025-03-15 00:02:00.081 [info] > git rev-parse --show-toplevel [1ms]
2025-03-15 00:02:00.081 [info] fatal: not a git repository (or any of the parent directories): .git
2025-03-15 00:02:00.087 [info] > git rev-parse --show-toplevel [3ms]
2025-03-15 00:02:00.087 [info] fatal: not a git repository (or any of the parent directories): .git
2025-03-15 00:02:00.094 [info] > git rev-parse --show-toplevel [2ms]
2025-03-15 00:02:00.094 [info] fatal: not a git repository (or any of the parent directories): .git
2025-03-15 00:02:00.098 [info] > git rev-parse --show-toplevel [1ms]
2025-03-15 00:02:00.098 [info] fatal: not a git repository (or any of the parent directories): .git
2025-03-15 00:02:00.103 [info] > git rev-parse --show-toplevel [2ms]
2025-03-15 00:02:00.103 [info] fatal: not a git repository (or any of the parent directories): .git
2025-03-15 00:02:00.109 [info] > git rev-parse --show-toplevel [2ms]
2025-03-15 00:02:00.109 [info] fatal: not a git repository (or any of the parent directories): .git
2025-03-15 00:02:00.113 [info] > git rev-parse --show-toplevel [1ms]
2025-03-15 00:02:00.113 [info] fatal: not a git repository (or any of the parent directories): .git
2025-03-15 00:02:00.117 [info] > git rev-parse --show-toplevel [1ms]
2025-03-15 00:02:00.117 [info] fatal: not a git repository (or any of the parent directories): .git
2025-03-15 00:02:00.794 [info] > git rev-parse --show-toplevel [3ms]
2025-03-15 00:02:00.794 [info] fatal: not a git repository (or any of the parent directories): .git
2025-03-15 00:02:00.799 [info] > git rev-parse --show-toplevel [0ms]
2025-03-15 00:02:00.800 [info] fatal: not a git repository (or any of the parent directories): .git
2025-03-15 00:02:00.803 [info] > git rev-parse --show-toplevel [1ms]
2025-03-15 00:02:00.803 [info] fatal: not a git repository (or any of the parent directories): .git
2025-03-15 00:02:00.807 [info] > git rev-parse --show-toplevel [1ms]
2025-03-15 00:02:00.807 [info] fatal: not a git repository (or any of the parent directories): .git
2025-03-15 00:02:00.811 [info] > git rev-parse --show-toplevel [1ms]
2025-03-15 00:02:00.811 [info] fatal: not a git repository (or any of the parent directories): .git
2025-03-15 00:02:00.815 [info] > git rev-parse --show-toplevel [1ms]
2025-03-15 00:02:00.815 [info] fatal: not a git repository (or any of the parent directories): .git
2025-03-15 00:02:00.819 [info] > git rev-parse --show-toplevel [1ms]
2025-03-15 00:02:00.819 [info] fatal: not a git repository (or any of the parent directories): .git
2025-03-15 00:02:00.823 [info] > git rev-parse --show-toplevel [1ms]
2025-03-15 00:02:00.823 [info] fatal: not a git repository (or any of the parent directories): .git
2025-03-15 00:02:00.828 [info] > git rev-parse --show-toplevel [2ms]
2025-03-15 00:02:00.828 [info] fatal: not a git repository (or any of the parent directories): .git
2025-03-15 00:02:00.897 [info] > git rev-parse --show-toplevel [6ms]
2025-03-15 00:02:00.897 [info] fatal: not a git repository (or any of the parent directories): .git
2025-03-15 00:02:00.908 [info] > git rev-parse --show-toplevel [4ms]
2025-03-15 00:02:00.908 [info] fatal: not a git repository (or any of the parent directories): .git
2025-03-15 00:02:00.925 [info] > git rev-parse --show-toplevel [5ms]
2025-03-15 00:02:00.925 [info] fatal: not a git repository (or any of the parent directories): .git
2025-03-15 00:02:00.948 [info] > git rev-parse --show-toplevel [12ms]
2025-03-15 00:02:00.948 [info] fatal: not a git repository (or any of the parent directories): .git
2025-03-15 00:02:00.958 [info] > git rev-parse --show-toplevel [3ms]
2025-03-15 00:02:00.958 [info] fatal: not a git repository (or any of the parent directories): .git
2025-03-15 00:02:00.969 [info] > git rev-parse --show-toplevel [7ms]
2025-03-15 00:02:00.969 [info] fatal: not a git repository (or any of the parent directories): .git
2025-03-15 00:02:00.977 [info] > git rev-parse --show-toplevel [3ms]
2025-03-15 00:02:00.977 [info] fatal: not a git repository (or any of the parent directories): .git
2025-03-15 00:02:00.981 [info] > git rev-parse --show-toplevel [1ms]
2025-03-15 00:02:00.981 [info] fatal: not a git repository (or any of the parent directories): .git
2025-03-15 00:02:00.985 [info] > git rev-parse --show-toplevel [1ms]
2025-03-15 00:02:00.985 [info] fatal: not a git repository (or any of the parent directories): .git
2025-03-15 00:02:00.989 [info] > git rev-parse --show-toplevel [1ms]
2025-03-15 00:02:00.989 [info] fatal: not a git repository (or any of the parent directories): .git
2025-03-15 00:02:02.827 [info] > git rev-parse --show-toplevel [2ms]
2025-03-15 00:02:02.827 [info] fatal: not a git repository (or any of the parent directories): .git
2025-03-15 00:02:02.834 [info] > git rev-parse --show-toplevel [2ms]
2025-03-15 00:02:02.834 [info] fatal: not a git repository (or any of the parent directories): .git
2025-03-15 00:02:02.840 [info] > git rev-parse --show-toplevel [2ms]
2025-03-15 00:02:02.840 [info] fatal: not a git repository (or any of the parent directories): .git
2025-03-15 00:02:02.844 [info] > git rev-parse --show-toplevel [2ms]
2025-03-15 00:02:02.844 [info] fatal: not a git repository (or any of the parent directories): .git
2025-03-15 00:02:02.848 [info] > git rev-parse --show-toplevel [2ms]
2025-03-15 00:02:02.848 [info] fatal: not a git repository (or any of the parent directories): .git
2025-03-15 00:02:02.853 [info] > git rev-parse --show-toplevel [2ms]
2025-03-15 00:02:02.853 [info] fatal: not a git repository (or any of the parent directories): .git
2025-03-15 00:02:02.864 [info] > git rev-parse --show-toplevel [9ms]
2025-03-15 00:02:02.864 [info] fatal: not a git repository (or any of the parent directories): .git
2025-03-15 00:02:02.870 [info] > git rev-parse --show-toplevel [1ms]
2025-03-15 00:02:02.870 [info] fatal: not a git repository (or any of the parent directories): .git
2025-03-15 00:02:02.874 [info] > git rev-parse --show-toplevel [1ms]
2025-03-15 00:02:02.875 [info] fatal: not a git repository (or any of the parent directories): .git
2025-03-15 00:02:02.878 [info] > git rev-parse --show-toplevel [1ms]
2025-03-15 00:02:02.878 [info] fatal: not a git repository (or any of the parent directories): .git
2025-03-15 00:02:02.883 [info] > git rev-parse --show-toplevel [1ms]
2025-03-15 00:02:02.883 [info] fatal: not a git repository (or any of the parent directories): .git
2025-03-15 00:02:04.132 [info] > git rev-parse --show-toplevel [1ms]
2025-03-15 00:02:04.132 [info] fatal: not a git repository (or any of the parent directories): .git
2025-03-15 00:02:04.137 [info] > git rev-parse --show-toplevel [2ms]
2025-03-15 00:02:04.137 [info] fatal: not a git repository (or any of the parent directories): .git
2025-03-15 00:02:04.141 [info] > git rev-parse --show-toplevel [1ms]
2025-03-15 00:02:04.141 [info] fatal: not a git repository (or any of the parent directories): .git
2025-03-15 00:02:04.145 [info] > git rev-parse --show-toplevel [1ms]
2025-03-15 00:02:04.145 [info] fatal: not a git repository (or any of the parent directories): .git
2025-03-15 00:02:04.149 [info] > git rev-parse --show-toplevel [1ms]
2025-03-15 00:02:04.149 [info] fatal: not a git repository (or any of the parent directories): .git
2025-03-15 00:02:04.153 [info] > git rev-parse --show-toplevel [1ms]
2025-03-15 00:02:04.153 [info] fatal: not a git repository (or any of the parent directories): .git
2025-03-15 00:02:04.157 [info] > git rev-parse --show-toplevel [1ms]
2025-03-15 00:02:04.157 [info] fatal: not a git repository (or any of the parent directories): .git
2025-03-15 00:02:04.162 [info] > git rev-parse --show-toplevel [2ms]
2025-03-15 00:02:04.162 [info] fatal: not a git repository (or any of the parent directories): .git
2025-03-15 00:02:04.165 [info] > git rev-parse --show-toplevel [1ms]
2025-03-15 00:02:04.165 [info] fatal: not a git repository (or any of the parent directories): .git
2025-03-15 00:02:04.169 [info] > git rev-parse --show-toplevel [1ms]
2025-03-15 00:02:04.170 [info] fatal: not a git repository (or any of the parent directories): .git
2025-03-15 00:02:04.320 [info] > git rev-parse --show-toplevel [84ms]
2025-03-15 00:02:04.320 [info] fatal: not a git repository (or any of the parent directories): .git
2025-03-15 00:02:04.375 [info] > git rev-parse --show-toplevel [10ms]
2025-03-15 00:02:04.375 [info] fatal: not a git repository (or any of the parent directories): .git
2025-03-15 00:02:04.435 [info] > git rev-parse --show-toplevel [14ms]
2025-03-15 00:02:04.435 [info] fatal: not a git repository (or any of the parent directories): .git
2025-03-15 00:02:04.498 [info] > git rev-parse --show-toplevel [24ms]
2025-03-15 00:02:04.498 [info] fatal: not a git repository (or any of the parent directories): .git
2025-03-15 00:02:04.621 [info] > git rev-parse --show-toplevel [34ms]
2025-03-15 00:02:04.621 [info] fatal: not a git repository (or any of the parent directories): .git
2025-03-15 00:02:04.757 [info] > git rev-parse --show-toplevel [54ms]
2025-03-15 00:02:04.757 [info] fatal: not a git repository (or any of the parent directories): .git
2025-03-15 00:02:04.872 [info] > git rev-parse --show-toplevel [22ms]
2025-03-15 00:02:04.872 [info] fatal: not a git repository (or any of the parent directories): .git
2025-03-15 00:02:04.952 [info] > git rev-parse --show-toplevel [11ms]
2025-03-15 00:02:04.953 [info] fatal: not a git repository (or any of the parent directories): .git
2025-03-15 00:02:05.018 [info] > git rev-parse --show-toplevel [17ms]
2025-03-15 00:02:05.018 [info] fatal: not a git repository (or any of the parent directories): .git
2025-03-15 00:02:05.040 [info] > git rev-parse --show-toplevel [5ms]
2025-03-15 00:02:05.040 [info] fatal: not a git repository (or any of the parent directories): .git
2025-03-15 00:02:05.060 [info] > git rev-parse --show-toplevel [7ms]
2025-03-15 00:02:05.060 [info] fatal: not a git repository (or any of the parent directories): .git
