2025-03-17 22:15:39.749 [info] [main] Log level: Info
2025-03-17 22:15:39.749 [info] [main] Validating found git in: "git"
2025-03-17 22:15:39.749 [info] [main] Using git "2.45.2" from "git"
2025-03-17 22:15:39.749 [info] [Model][doInitialScan] Initial repository scan started
2025-03-17 22:15:39.749 [info] > git rev-parse --show-toplevel [1358ms]
2025-03-17 22:15:39.749 [info] fatal: not a git repository (or any of the parent directories): .git
2025-03-17 22:15:39.749 [info] > git rev-parse --show-toplevel [77ms]
2025-03-17 22:15:39.749 [info] fatal: not a git repository (or any of the parent directories): .git
2025-03-17 22:15:39.749 [info] > git rev-parse --show-toplevel [392ms]
2025-03-17 22:15:39.749 [info] fatal: not a git repository (or any of the parent directories): .git
2025-03-17 22:15:40.023 [info] > git rev-parse --show-toplevel [212ms]
2025-03-17 22:15:40.023 [info] fatal: not a git repository (or any of the parent directories): .git
2025-03-17 22:15:40.158 [info] > git rev-parse --show-toplevel [92ms]
2025-03-17 22:15:40.158 [info] fatal: not a git repository (or any of the parent directories): .git
2025-03-17 22:15:40.286 [info] > git rev-parse --show-toplevel [72ms]
2025-03-17 22:15:40.286 [info] fatal: not a git repository (or any of the parent directories): .git
2025-03-17 22:15:40.520 [info] > git rev-parse --show-toplevel [144ms]
2025-03-17 22:15:40.520 [info] fatal: not a git repository (or any of the parent directories): .git
2025-03-17 22:15:40.639 [info] > git rev-parse --show-toplevel [36ms]
2025-03-17 22:15:40.639 [info] fatal: not a git repository (or any of the parent directories): .git
2025-03-17 22:15:40.680 [info] > git rev-parse --show-toplevel [10ms]
2025-03-17 22:15:40.680 [info] fatal: not a git repository (or any of the parent directories): .git
2025-03-17 22:15:40.729 [info] > git rev-parse --show-toplevel [20ms]
2025-03-17 22:15:40.729 [info] fatal: not a git repository (or any of the parent directories): .git
2025-03-17 22:15:40.843 [info] > git rev-parse --show-toplevel [45ms]
2025-03-17 22:15:40.843 [info] fatal: not a git repository (or any of the parent directories): .git
2025-03-17 22:15:40.933 [info] > git rev-parse --show-toplevel [17ms]
2025-03-17 22:15:40.933 [info] fatal: not a git repository (or any of the parent directories): .git
2025-03-17 22:15:40.991 [info] > git rev-parse --show-toplevel [25ms]
2025-03-17 22:15:40.991 [info] fatal: not a git repository (or any of the parent directories): .git
2025-03-17 22:15:41.060 [info] > git rev-parse --show-toplevel [14ms]
2025-03-17 22:15:41.060 [info] fatal: not a git repository (or any of the parent directories): .git
2025-03-17 22:15:41.107 [info] > git rev-parse --show-toplevel [9ms]
2025-03-17 22:15:41.111 [info] fatal: not a git repository (or any of the parent directories): .git
2025-03-17 22:15:41.143 [info] [Model][doInitialScan] Initial repository scan completed - repositories (0), closed repositories (0), parent repositories (0), unsafe repositories (0)
