2025-03-01T23:27:09: PM2 log: ===============================================================================
2025-03-01T23:27:09: PM2 log: --- New PM2 Daemon started ----------------------------------------------------
2025-03-01T23:27:09: PM2 log: Time                 : Sat Mar 01 2025 23:27:09 GMT+0000 (Coordinated Universal Time)
2025-03-01T23:27:09: PM2 log: PM2 version          : 5.4.3
2025-03-01T23:27:09: PM2 log: Node.js version      : 20.16.0
2025-03-01T23:27:09: PM2 log: Current arch         : x64
2025-03-01T23:27:09: PM2 log: PM2 home             : /root/.pm2
2025-03-01T23:27:09: PM2 log: PM2 PID file         : /root/.pm2/pm2.pid
2025-03-01T23:27:09: PM2 log: RPC socket file      : /root/.pm2/rpc.sock
2025-03-01T23:27:09: PM2 log: BUS socket file      : /root/.pm2/pub.sock
2025-03-01T23:27:09: PM2 log: Application log path : /root/.pm2/logs
2025-03-01T23:27:09: PM2 log: Worker Interval      : 30000
2025-03-01T23:27:09: PM2 log: Process dump file    : /root/.pm2/dump.pm2
2025-03-01T23:27:09: PM2 log: Concurrent actions   : 2
2025-03-01T23:27:09: PM2 log: SIGTERM timeout      : 1600
2025-03-01T23:27:09: PM2 log: ===============================================================================
2025-03-01T23:27:09: PM2 log: App [tracktv-api:0] starting in -fork mode-
2025-03-01T23:27:09: PM2 log: App [tracktv-api:0] online
2025-03-01T23:28:06: PM2 log: pm2 has been killed by signal, dumping process list before exit...
2025-03-01T23:28:06: PM2 log: Deleting process 0
2025-03-01T23:28:06: PM2 log: Stopping app:tracktv-api id:0
2025-03-01T23:28:06: PM2 log: App [tracktv-api:0] exited with code [0] via signal [SIGTERM]
2025-03-01T23:28:07: PM2 log: pid=10186 msg=process killed
2025-03-01T23:28:07: PM2 log: Exited peacefully
2025-03-01T23:29:52: PM2 log: ===============================================================================
2025-03-01T23:29:52: PM2 log: --- New PM2 Daemon started ----------------------------------------------------
2025-03-01T23:29:52: PM2 log: Time                 : Sat Mar 01 2025 23:29:52 GMT+0000 (Coordinated Universal Time)
2025-03-01T23:29:52: PM2 log: PM2 version          : 5.4.3
2025-03-01T23:29:52: PM2 log: Node.js version      : 20.16.0
2025-03-01T23:29:52: PM2 log: Current arch         : x64
2025-03-01T23:29:52: PM2 log: PM2 home             : /root/.pm2
2025-03-01T23:29:52: PM2 log: PM2 PID file         : /root/.pm2/pm2.pid
2025-03-01T23:29:52: PM2 log: RPC socket file      : /root/.pm2/rpc.sock
2025-03-01T23:29:52: PM2 log: BUS socket file      : /root/.pm2/pub.sock
2025-03-01T23:29:52: PM2 log: Application log path : /root/.pm2/logs
2025-03-01T23:29:52: PM2 log: Worker Interval      : 30000
2025-03-01T23:29:52: PM2 log: Process dump file    : /root/.pm2/dump.pm2
2025-03-01T23:29:52: PM2 log: Concurrent actions   : 2
2025-03-01T23:29:52: PM2 log: SIGTERM timeout      : 1600
2025-03-01T23:29:52: PM2 log: ===============================================================================
2025-03-01T23:29:52: PM2 log: App [tracktv-api:0] starting in -fork mode-
2025-03-01T23:29:52: PM2 log: App [tracktv-api:0] online
2025-03-01T23:51:55: PM2 log: Stopping app:tracktv-api id:0
2025-03-01T23:51:55: PM2 log: App [tracktv-api:0] exited with code [0] via signal [SIGINT]
2025-03-01T23:51:55: PM2 log: pid=808 msg=process killed
2025-03-01T23:51:55: PM2 log: App [tracktv-api:0] starting in -fork mode-
2025-03-01T23:51:55: PM2 log: App [tracktv-api:0] online
2025-03-02T06:08:39: PM2 log: Stopping app:tracktv-api id:0
2025-03-02T06:08:39: PM2 log: App [tracktv-api:0] exited with code [0] via signal [SIGINT]
2025-03-02T06:08:39: PM2 log: pid=2835 msg=process killed
2025-03-02T06:08:39: PM2 log: PM2 successfully stopped
2025-03-02T06:08:40: PM2 log: ===============================================================================
2025-03-02T06:08:40: PM2 log: --- New PM2 Daemon started ----------------------------------------------------
2025-03-02T06:08:40: PM2 log: Time                 : Sun Mar 02 2025 06:08:40 GMT+0000 (Coordinated Universal Time)
2025-03-02T06:08:40: PM2 log: PM2 version          : 5.4.3
2025-03-02T06:08:40: PM2 log: Node.js version      : 20.16.0
2025-03-02T06:08:40: PM2 log: Current arch         : x64
2025-03-02T06:08:40: PM2 log: PM2 home             : /root/.pm2
2025-03-02T06:08:40: PM2 log: PM2 PID file         : /root/.pm2/pm2.pid
2025-03-02T06:08:40: PM2 log: RPC socket file      : /root/.pm2/rpc.sock
2025-03-02T06:08:40: PM2 log: BUS socket file      : /root/.pm2/pub.sock
2025-03-02T06:08:40: PM2 log: Application log path : /root/.pm2/logs
2025-03-02T06:08:40: PM2 log: Worker Interval      : 30000
2025-03-02T06:08:40: PM2 log: Process dump file    : /root/.pm2/dump.pm2
2025-03-02T06:08:40: PM2 log: Concurrent actions   : 2
2025-03-02T06:08:40: PM2 log: SIGTERM timeout      : 1600
2025-03-02T06:08:40: PM2 log: ===============================================================================
2025-03-02T06:08:40: PM2 log: App [tracktv-api:0] starting in -fork mode-
2025-03-02T06:08:40: PM2 log: App [tracktv-api:0] online
2025-03-04T01:45:53: PM2 log: ===============================================================================
2025-03-04T01:45:53: PM2 log: --- New PM2 Daemon started ----------------------------------------------------
2025-03-04T01:45:53: PM2 log: Time                 : Tue Mar 04 2025 01:45:53 GMT+0000 (Coordinated Universal Time)
2025-03-04T01:45:53: PM2 log: PM2 version          : 5.4.3
2025-03-04T01:45:53: PM2 log: Node.js version      : 20.16.0
2025-03-04T01:45:53: PM2 log: Current arch         : x64
2025-03-04T01:45:53: PM2 log: PM2 home             : /root/.pm2
2025-03-04T01:45:53: PM2 log: PM2 PID file         : /root/.pm2/pm2.pid
2025-03-04T01:45:53: PM2 log: RPC socket file      : /root/.pm2/rpc.sock
2025-03-04T01:45:53: PM2 log: BUS socket file      : /root/.pm2/pub.sock
2025-03-04T01:45:53: PM2 log: Application log path : /root/.pm2/logs
2025-03-04T01:45:53: PM2 log: Worker Interval      : 30000
2025-03-04T01:45:53: PM2 log: Process dump file    : /root/.pm2/dump.pm2
2025-03-04T01:45:53: PM2 log: Concurrent actions   : 2
2025-03-04T01:45:53: PM2 log: SIGTERM timeout      : 1600
2025-03-04T01:45:53: PM2 log: ===============================================================================
2025-03-04T01:45:53: PM2 log: App [tracktv-api:0] starting in -fork mode-
2025-03-04T01:45:53: PM2 log: App [tracktv-api:0] online
2025-03-04T02:33:25: PM2 log: Stopping app:tracktv-api id:0
2025-03-04T02:33:25: PM2 log: App [tracktv-api:0] exited with code [0] via signal [SIGINT]
2025-03-04T02:33:25: PM2 log: pid=817 msg=process killed
2025-03-04T02:33:25: PM2 log: PM2 successfully stopped
2025-03-04T02:34:22: PM2 log: ===============================================================================
2025-03-04T02:34:22: PM2 log: --- New PM2 Daemon started ----------------------------------------------------
2025-03-04T02:34:22: PM2 log: Time                 : Tue Mar 04 2025 02:34:22 GMT+0000 (Coordinated Universal Time)
2025-03-04T02:34:22: PM2 log: PM2 version          : 5.4.3
2025-03-04T02:34:22: PM2 log: Node.js version      : 20.16.0
2025-03-04T02:34:22: PM2 log: Current arch         : x64
2025-03-04T02:34:22: PM2 log: PM2 home             : /root/.pm2
2025-03-04T02:34:22: PM2 log: PM2 PID file         : /root/.pm2/pm2.pid
2025-03-04T02:34:22: PM2 log: RPC socket file      : /root/.pm2/rpc.sock
2025-03-04T02:34:22: PM2 log: BUS socket file      : /root/.pm2/pub.sock
2025-03-04T02:34:22: PM2 log: Application log path : /root/.pm2/logs
2025-03-04T02:34:22: PM2 log: Worker Interval      : 30000
2025-03-04T02:34:22: PM2 log: Process dump file    : /root/.pm2/dump.pm2
2025-03-04T02:34:22: PM2 log: Concurrent actions   : 2
2025-03-04T02:34:22: PM2 log: SIGTERM timeout      : 1600
2025-03-04T02:34:22: PM2 log: ===============================================================================
2025-03-04T02:34:22: PM2 log: App [tracktv-api:0] starting in -fork mode-
2025-03-04T02:34:22: PM2 log: App [tracktv-api:0] online
2025-03-16T02:34:24: PM2 log: [PM2] This PM2 is not UP TO DATE
2025-03-16T02:34:24: PM2 log: [PM2] Upgrade to version 6.0.5
2025-03-17T02:34:24: PM2 log: [PM2] This PM2 is not UP TO DATE
2025-03-17T02:34:24: PM2 log: [PM2] Upgrade to version 6.0.5
2025-03-17T21:03:20: PM2 log: App [tracktv-api:0] exited with code [0] via signal [SIGKILL]
2025-03-17T21:03:20: PM2 log: App [tracktv-api:0] starting in -fork mode-
2025-03-17T21:03:20: PM2 log: App [tracktv-api:0] online
2025-03-17T21:05:07: PM2 log: App [tracktv-api:0] exited with code [0] via signal [SIGTERM]
2025-03-17T21:05:07: PM2 log: App [tracktv-api:0] starting in -fork mode-
2025-03-17T21:05:07: PM2 log: App [tracktv-api:0] online
2025-03-17T21:05:53: PM2 log: App [tracktv-api:0] exited with code [0] via signal [SIGKILL]
2025-03-17T21:05:53: PM2 log: App [tracktv-api:0] starting in -fork mode-
2025-03-17T21:05:53: PM2 log: App [tracktv-api:0] online
2025-03-17T21:06:03: PM2 log: Stopping app:tracktv-api id:0
2025-03-17T21:06:03: PM2 log: App [tracktv-api:0] exited with code [0] via signal [SIGINT]
2025-03-17T21:06:03: PM2 log: pid=284559 msg=process killed
2025-03-17T21:06:03: PM2 log: PM2 successfully stopped
2025-03-17T21:06:57: PM2 log: ===============================================================================
2025-03-17T21:06:57: PM2 log: --- New PM2 Daemon started ----------------------------------------------------
2025-03-17T21:06:57: PM2 log: Time                 : Mon Mar 17 2025 21:06:57 GMT+0000 (Coordinated Universal Time)
2025-03-17T21:06:57: PM2 log: PM2 version          : 5.4.3
2025-03-17T21:06:57: PM2 log: Node.js version      : 20.16.0
2025-03-17T21:06:57: PM2 log: Current arch         : x64
2025-03-17T21:06:57: PM2 log: PM2 home             : /root/.pm2
2025-03-17T21:06:57: PM2 log: PM2 PID file         : /root/.pm2/pm2.pid
2025-03-17T21:06:57: PM2 log: RPC socket file      : /root/.pm2/rpc.sock
2025-03-17T21:06:57: PM2 log: BUS socket file      : /root/.pm2/pub.sock
2025-03-17T21:06:57: PM2 log: Application log path : /root/.pm2/logs
2025-03-17T21:06:57: PM2 log: Worker Interval      : 30000
2025-03-17T21:06:57: PM2 log: Process dump file    : /root/.pm2/dump.pm2
2025-03-17T21:06:57: PM2 log: Concurrent actions   : 2
2025-03-17T21:06:57: PM2 log: SIGTERM timeout      : 1600
2025-03-17T21:06:57: PM2 log: ===============================================================================
2025-03-17T21:06:57: PM2 log: App [tracktv-api:0] starting in -fork mode-
2025-03-17T21:06:57: PM2 log: App [tracktv-api:0] online
2025-03-17T21:10:10: PM2 log: Stopping app:tracktv-api id:0
2025-03-17T21:10:10: PM2 log: App [tracktv-api:0] exited with code [0] via signal [SIGINT]
2025-03-17T21:10:10: PM2 log: pid=823 msg=process killed
2025-03-17T21:10:10: PM2 log: PM2 successfully stopped
2025-03-17T21:10:41: PM2 log: ===============================================================================
2025-03-17T21:10:41: PM2 log: --- New PM2 Daemon started ----------------------------------------------------
2025-03-17T21:10:41: PM2 log: Time                 : Mon Mar 17 2025 21:10:41 GMT+0000 (Coordinated Universal Time)
2025-03-17T21:10:41: PM2 log: PM2 version          : 5.4.3
2025-03-17T21:10:41: PM2 log: Node.js version      : 20.16.0
2025-03-17T21:10:41: PM2 log: Current arch         : x64
2025-03-17T21:10:41: PM2 log: PM2 home             : /root/.pm2
2025-03-17T21:10:41: PM2 log: PM2 PID file         : /root/.pm2/pm2.pid
2025-03-17T21:10:41: PM2 log: RPC socket file      : /root/.pm2/rpc.sock
2025-03-17T21:10:41: PM2 log: BUS socket file      : /root/.pm2/pub.sock
2025-03-17T21:10:41: PM2 log: Application log path : /root/.pm2/logs
2025-03-17T21:10:41: PM2 log: Worker Interval      : 30000
2025-03-17T21:10:41: PM2 log: Process dump file    : /root/.pm2/dump.pm2
2025-03-17T21:10:41: PM2 log: Concurrent actions   : 2
2025-03-17T21:10:41: PM2 log: SIGTERM timeout      : 1600
2025-03-17T21:10:41: PM2 log: ===============================================================================
2025-03-17T21:10:41: PM2 log: App [tracktv-api:0] starting in -fork mode-
2025-03-17T21:10:41: PM2 log: App [tracktv-api:0] online
2025-03-17T21:41:00: PM2 log: Stopping app:tracktv-api id:0
2025-03-17T21:41:00: PM2 log: App [tracktv-api:0] exited with code [0] via signal [SIGINT]
2025-03-17T21:41:00: PM2 log: pid=816 msg=process killed
2025-03-17T21:56:04: PM2 log: App [tracktv:0] starting in -fork mode-
2025-03-17T21:56:04: PM2 log: App [tracktv:0] online
2025-03-17T22:26:08: PM2 log: Stopping app:tracktv id:0
2025-03-17T22:26:08: PM2 log: App [tracktv:0] exited with code [0] via signal [SIGINT]
2025-03-17T22:26:08: PM2 log: pid=3042 msg=process killed
2025-03-17T22:26:08: PM2 log: PM2 successfully stopped
2025-03-17T22:26:37: PM2 log: ===============================================================================
2025-03-17T22:26:37: PM2 log: --- New PM2 Daemon started ----------------------------------------------------
2025-03-17T22:26:37: PM2 log: Time                 : Mon Mar 17 2025 22:26:37 GMT+0000 (Coordinated Universal Time)
2025-03-17T22:26:37: PM2 log: PM2 version          : 5.4.3
2025-03-17T22:26:37: PM2 log: Node.js version      : 20.16.0
2025-03-17T22:26:37: PM2 log: Current arch         : x64
2025-03-17T22:26:37: PM2 log: PM2 home             : /root/.pm2
2025-03-17T22:26:37: PM2 log: PM2 PID file         : /root/.pm2/pm2.pid
2025-03-17T22:26:37: PM2 log: RPC socket file      : /root/.pm2/rpc.sock
2025-03-17T22:26:37: PM2 log: BUS socket file      : /root/.pm2/pub.sock
2025-03-17T22:26:37: PM2 log: Application log path : /root/.pm2/logs
2025-03-17T22:26:37: PM2 log: Worker Interval      : 30000
2025-03-17T22:26:37: PM2 log: Process dump file    : /root/.pm2/dump.pm2
2025-03-17T22:26:37: PM2 log: Concurrent actions   : 2
2025-03-17T22:26:37: PM2 log: SIGTERM timeout      : 1600
2025-03-17T22:26:37: PM2 log: ===============================================================================
2025-03-17T22:26:37: PM2 log: App [tracktv-api:0] starting in -fork mode-
2025-03-17T22:26:37: PM2 log: App [tracktv-api:0] online
2025-03-17T22:26:39: PM2 log: App [tracktv-api:0] exited with code [1] via signal [SIGINT]
2025-03-17T22:26:39: PM2 log: App [tracktv-api:0] starting in -fork mode-
2025-03-17T22:26:39: PM2 log: App [tracktv-api:0] online
2025-03-17T22:26:39: PM2 log: App [tracktv-api:0] exited with code [1] via signal [SIGINT]
2025-03-17T22:26:39: PM2 log: App [tracktv-api:0] starting in -fork mode-
2025-03-17T22:26:39: PM2 log: App [tracktv-api:0] online
2025-03-17T22:26:40: PM2 log: App [tracktv-api:0] exited with code [1] via signal [SIGINT]
2025-03-17T22:26:40: PM2 log: App [tracktv-api:0] starting in -fork mode-
2025-03-17T22:26:40: PM2 log: App [tracktv-api:0] online
2025-03-17T22:26:40: PM2 log: App [tracktv-api:0] exited with code [1] via signal [SIGINT]
2025-03-17T22:26:40: PM2 log: App [tracktv-api:0] starting in -fork mode-
2025-03-17T22:26:40: PM2 log: App [tracktv-api:0] online
2025-03-17T22:26:41: PM2 log: App [tracktv-api:0] exited with code [1] via signal [SIGINT]
2025-03-17T22:26:41: PM2 log: App [tracktv-api:0] starting in -fork mode-
2025-03-17T22:26:41: PM2 log: App [tracktv-api:0] online
2025-03-17T22:26:41: PM2 log: App [tracktv-api:0] exited with code [1] via signal [SIGINT]
2025-03-17T22:26:41: PM2 log: App [tracktv-api:0] starting in -fork mode-
2025-03-17T22:26:41: PM2 log: App [tracktv-api:0] online
2025-03-17T22:26:42: PM2 log: App [tracktv-api:0] exited with code [1] via signal [SIGINT]
2025-03-17T22:26:42: PM2 log: App [tracktv-api:0] starting in -fork mode-
2025-03-17T22:26:42: PM2 log: App [tracktv-api:0] online
2025-03-17T22:26:42: PM2 log: App [tracktv-api:0] exited with code [1] via signal [SIGINT]
2025-03-17T22:26:42: PM2 log: App [tracktv-api:0] starting in -fork mode-
2025-03-17T22:26:42: PM2 log: App [tracktv-api:0] online
2025-03-17T22:26:43: PM2 log: App [tracktv-api:0] exited with code [1] via signal [SIGINT]
2025-03-17T22:26:43: PM2 log: App [tracktv-api:0] starting in -fork mode-
2025-03-17T22:26:43: PM2 log: App [tracktv-api:0] online
2025-03-17T22:26:43: PM2 log: App [tracktv-api:0] exited with code [1] via signal [SIGINT]
2025-03-17T22:26:43: PM2 log: App [tracktv-api:0] starting in -fork mode-
2025-03-17T22:26:43: PM2 log: App [tracktv-api:0] online
2025-03-17T22:26:43: PM2 log: App [tracktv-api:0] exited with code [1] via signal [SIGINT]
2025-03-17T22:26:43: PM2 log: App [tracktv-api:0] starting in -fork mode-
2025-03-17T22:26:43: PM2 log: App [tracktv-api:0] online
2025-03-17T22:26:44: PM2 log: App [tracktv-api:0] exited with code [1] via signal [SIGINT]
2025-03-17T22:26:44: PM2 log: App [tracktv-api:0] starting in -fork mode-
2025-03-17T22:26:44: PM2 log: App [tracktv-api:0] online
2025-03-17T22:26:44: PM2 log: App [tracktv-api:0] exited with code [1] via signal [SIGINT]
2025-03-17T22:26:44: PM2 log: App [tracktv-api:0] starting in -fork mode-
2025-03-17T22:26:44: PM2 log: App [tracktv-api:0] online
2025-03-17T22:26:45: PM2 log: App [tracktv-api:0] exited with code [1] via signal [SIGINT]
2025-03-17T22:26:45: PM2 log: App [tracktv-api:0] starting in -fork mode-
2025-03-17T22:26:45: PM2 log: App [tracktv-api:0] online
2025-03-17T22:26:45: PM2 log: App [tracktv-api:0] exited with code [1] via signal [SIGINT]
2025-03-17T22:26:45: PM2 log: App [tracktv-api:0] starting in -fork mode-
2025-03-17T22:26:45: PM2 log: App [tracktv-api:0] online
2025-03-17T22:26:46: PM2 log: App [tracktv-api:0] exited with code [1] via signal [SIGINT]
2025-03-17T22:26:46: PM2 log: App [tracktv-api:0] starting in -fork mode-
2025-03-17T22:26:46: PM2 log: App [tracktv-api:0] online
2025-03-17T22:26:46: PM2 log: App [tracktv-api:0] exited with code [1] via signal [SIGINT]
2025-03-17T22:26:46: PM2 log: App [tracktv-api:0] starting in -fork mode-
2025-03-17T22:26:47: PM2 log: App [tracktv-api:0] online
2025-03-17T22:26:47: PM2 log: App [tracktv-api:0] exited with code [1] via signal [SIGINT]
2025-03-17T22:26:47: PM2 log: App [tracktv-api:0] starting in -fork mode-
2025-03-17T22:26:47: PM2 log: App [tracktv-api:0] online
2025-03-17T22:26:47: PM2 log: App [tracktv-api:0] exited with code [1] via signal [SIGINT]
2025-03-17T22:26:47: PM2 log: App [tracktv-api:0] starting in -fork mode-
2025-03-17T22:26:47: PM2 log: App [tracktv-api:0] online
2025-03-17T22:26:48: PM2 log: App [tracktv-api:0] exited with code [1] via signal [SIGINT]
2025-03-17T22:26:48: PM2 log: App [tracktv-api:0] starting in -fork mode-
2025-03-17T22:26:48: PM2 log: App [tracktv-api:0] online
2025-03-17T22:26:48: PM2 log: App [tracktv-api:0] exited with code [1] via signal [SIGINT]
2025-03-17T22:26:48: PM2 log: App [tracktv-api:0] starting in -fork mode-
2025-03-17T22:26:48: PM2 log: App [tracktv-api:0] online
2025-03-17T22:26:49: PM2 log: App [tracktv-api:0] exited with code [1] via signal [SIGINT]
2025-03-17T22:26:49: PM2 log: App [tracktv-api:0] starting in -fork mode-
2025-03-17T22:26:49: PM2 log: App [tracktv-api:0] online
2025-03-17T22:26:50: PM2 log: App [tracktv-api:0] exited with code [1] via signal [SIGINT]
2025-03-17T22:26:50: PM2 log: App [tracktv-api:0] starting in -fork mode-
2025-03-17T22:26:50: PM2 log: App [tracktv-api:0] online
2025-03-17T22:26:50: PM2 log: App [tracktv-api:0] exited with code [1] via signal [SIGINT]
2025-03-17T22:26:50: PM2 log: App [tracktv-api:0] starting in -fork mode-
2025-03-17T22:26:50: PM2 log: App [tracktv-api:0] online
2025-03-17T22:26:51: PM2 log: App [tracktv-api:0] exited with code [1] via signal [SIGINT]
2025-03-17T22:26:51: PM2 log: App [tracktv-api:0] starting in -fork mode-
2025-03-17T22:26:51: PM2 log: App [tracktv-api:0] online
2025-03-17T22:26:52: PM2 log: App [tracktv-api:0] exited with code [1] via signal [SIGINT]
2025-03-17T22:26:52: PM2 log: App [tracktv-api:0] starting in -fork mode-
2025-03-17T22:26:52: PM2 log: App [tracktv-api:0] online
2025-03-17T22:26:52: PM2 log: App [tracktv-api:0] exited with code [1] via signal [SIGINT]
2025-03-17T22:26:52: PM2 log: App [tracktv-api:0] starting in -fork mode-
2025-03-17T22:26:52: PM2 log: App [tracktv-api:0] online
2025-03-17T22:26:54: PM2 log: App [tracktv-api:0] exited with code [1] via signal [SIGINT]
2025-03-17T22:26:54: PM2 log: App [tracktv-api:0] starting in -fork mode-
2025-03-17T22:26:54: PM2 log: App [tracktv-api:0] online
2025-03-17T22:26:55: PM2 log: App [tracktv-api:0] exited with code [1] via signal [SIGINT]
2025-03-17T22:26:55: PM2 log: App [tracktv-api:0] starting in -fork mode-
2025-03-17T22:26:55: PM2 log: App [tracktv-api:0] online
2025-03-17T22:26:56: PM2 log: App [tracktv-api:0] exited with code [1] via signal [SIGINT]
2025-03-17T22:26:56: PM2 log: App [tracktv-api:0] starting in -fork mode-
2025-03-17T22:26:56: PM2 log: App [tracktv-api:0] online
2025-03-17T22:26:57: PM2 log: App [tracktv-api:0] exited with code [1] via signal [SIGINT]
2025-03-17T22:26:57: PM2 log: App [tracktv-api:0] starting in -fork mode-
2025-03-17T22:26:57: PM2 log: App [tracktv-api:0] online
2025-03-17T22:26:58: PM2 log: App [tracktv-api:0] exited with code [1] via signal [SIGINT]
2025-03-17T22:26:58: PM2 log: App [tracktv-api:0] starting in -fork mode-
2025-03-17T22:26:58: PM2 log: App [tracktv-api:0] online
2025-03-17T22:26:58: PM2 log: App [tracktv-api:0] exited with code [1] via signal [SIGINT]
2025-03-17T22:26:58: PM2 log: App [tracktv-api:0] starting in -fork mode-
2025-03-17T22:26:58: PM2 log: App [tracktv-api:0] online
2025-03-17T22:26:59: PM2 log: App [tracktv-api:0] exited with code [1] via signal [SIGINT]
2025-03-17T22:26:59: PM2 log: App [tracktv-api:0] starting in -fork mode-
2025-03-17T22:26:59: PM2 log: App [tracktv-api:0] online
2025-03-17T22:26:59: PM2 log: App [tracktv-api:0] exited with code [1] via signal [SIGINT]
2025-03-17T22:26:59: PM2 log: App [tracktv-api:0] starting in -fork mode-
2025-03-17T22:26:59: PM2 log: App [tracktv-api:0] online
2025-03-17T22:27:00: PM2 log: App [tracktv-api:0] exited with code [1] via signal [SIGINT]
2025-03-17T22:27:00: PM2 log: App [tracktv-api:0] starting in -fork mode-
2025-03-17T22:27:00: PM2 log: App [tracktv-api:0] online
2025-03-17T22:27:01: PM2 log: App [tracktv-api:0] exited with code [1] via signal [SIGINT]
2025-03-17T22:27:01: PM2 log: App [tracktv-api:0] starting in -fork mode-
2025-03-17T22:27:01: PM2 log: App [tracktv-api:0] online
2025-03-17T22:27:01: PM2 log: App [tracktv-api:0] exited with code [1] via signal [SIGINT]
2025-03-17T22:27:01: PM2 log: App [tracktv-api:0] starting in -fork mode-
2025-03-17T22:27:01: PM2 log: App [tracktv-api:0] online
2025-03-17T22:27:02: PM2 log: App [tracktv-api:0] exited with code [1] via signal [SIGINT]
2025-03-17T22:27:02: PM2 log: App [tracktv-api:0] starting in -fork mode-
2025-03-17T22:27:02: PM2 log: App [tracktv-api:0] online
2025-03-17T22:27:02: PM2 log: App [tracktv-api:0] exited with code [1] via signal [SIGINT]
2025-03-17T22:27:02: PM2 log: App [tracktv-api:0] starting in -fork mode-
2025-03-17T22:27:02: PM2 log: App [tracktv-api:0] online
2025-03-17T22:27:03: PM2 log: App [tracktv-api:0] exited with code [1] via signal [SIGINT]
2025-03-17T22:27:03: PM2 log: App [tracktv-api:0] starting in -fork mode-
2025-03-17T22:27:03: PM2 log: App [tracktv-api:0] online
2025-03-17T22:27:03: PM2 log: App [tracktv-api:0] exited with code [1] via signal [SIGINT]
2025-03-17T22:27:03: PM2 log: App [tracktv-api:0] starting in -fork mode-
2025-03-17T22:27:03: PM2 log: App [tracktv-api:0] online
2025-03-17T22:27:04: PM2 log: App [tracktv-api:0] exited with code [1] via signal [SIGINT]
2025-03-17T22:27:04: PM2 log: App [tracktv-api:0] starting in -fork mode-
2025-03-17T22:27:04: PM2 log: App [tracktv-api:0] online
2025-03-17T22:27:04: PM2 log: App [tracktv-api:0] exited with code [1] via signal [SIGINT]
2025-03-17T22:27:04: PM2 log: App [tracktv-api:0] starting in -fork mode-
2025-03-17T22:27:04: PM2 log: App [tracktv-api:0] online
2025-03-17T22:27:05: PM2 log: App [tracktv-api:0] exited with code [1] via signal [SIGINT]
2025-03-17T22:27:05: PM2 log: App [tracktv-api:0] starting in -fork mode-
2025-03-17T22:27:05: PM2 log: App [tracktv-api:0] online
2025-03-17T22:27:05: PM2 log: App [tracktv-api:0] exited with code [1] via signal [SIGINT]
2025-03-17T22:27:05: PM2 log: App [tracktv-api:0] starting in -fork mode-
2025-03-17T22:27:05: PM2 log: App [tracktv-api:0] online
2025-03-17T22:27:06: PM2 log: App [tracktv-api:0] exited with code [1] via signal [SIGINT]
2025-03-17T22:27:06: PM2 log: App [tracktv-api:0] starting in -fork mode-
2025-03-17T22:27:06: PM2 log: App [tracktv-api:0] online
2025-03-17T22:27:06: PM2 log: App [tracktv-api:0] exited with code [1] via signal [SIGINT]
2025-03-17T22:27:06: PM2 log: App [tracktv-api:0] starting in -fork mode-
2025-03-17T22:27:06: PM2 log: App [tracktv-api:0] online
2025-03-17T22:27:06: PM2 log: App [tracktv-api:0] exited with code [1] via signal [SIGINT]
2025-03-17T22:27:06: PM2 log: App [tracktv-api:0] starting in -fork mode-
2025-03-17T22:27:06: PM2 log: App [tracktv-api:0] online
2025-03-17T22:27:08: PM2 log: App [tracktv-api:0] exited with code [1] via signal [SIGINT]
2025-03-17T22:27:08: PM2 log: App [tracktv-api:0] starting in -fork mode-
2025-03-17T22:27:08: PM2 log: App [tracktv-api:0] online
2025-03-17T22:27:08: PM2 log: App [tracktv-api:0] exited with code [1] via signal [SIGINT]
2025-03-17T22:27:08: PM2 log: App [tracktv-api:0] starting in -fork mode-
2025-03-17T22:27:08: PM2 log: App [tracktv-api:0] online
2025-03-17T22:27:08: PM2 log: App [tracktv-api:0] exited with code [1] via signal [SIGINT]
2025-03-17T22:27:08: PM2 log: App [tracktv-api:0] starting in -fork mode-
2025-03-17T22:27:08: PM2 log: App [tracktv-api:0] online
2025-03-17T22:27:09: PM2 log: App [tracktv-api:0] exited with code [1] via signal [SIGINT]
2025-03-17T22:27:09: PM2 log: App [tracktv-api:0] starting in -fork mode-
2025-03-17T22:27:09: PM2 log: App [tracktv-api:0] online
2025-03-17T22:27:09: PM2 log: App [tracktv-api:0] exited with code [1] via signal [SIGINT]
2025-03-17T22:27:09: PM2 log: App [tracktv-api:0] starting in -fork mode-
2025-03-17T22:27:09: PM2 log: App [tracktv-api:0] online
2025-03-17T22:27:10: PM2 log: App [tracktv-api:0] exited with code [1] via signal [SIGINT]
2025-03-17T22:27:10: PM2 log: App [tracktv-api:0] starting in -fork mode-
2025-03-17T22:27:10: PM2 log: App [tracktv-api:0] online
2025-03-17T22:27:10: PM2 log: App [tracktv-api:0] exited with code [1] via signal [SIGINT]
2025-03-17T22:27:10: PM2 log: App [tracktv-api:0] starting in -fork mode-
2025-03-17T22:27:10: PM2 log: App [tracktv-api:0] online
2025-03-17T22:27:11: PM2 log: App [tracktv-api:0] exited with code [1] via signal [SIGINT]
2025-03-17T22:27:11: PM2 log: App [tracktv-api:0] starting in -fork mode-
2025-03-17T22:27:11: PM2 log: App [tracktv-api:0] online
2025-03-17T22:27:11: PM2 log: App [tracktv-api:0] exited with code [1] via signal [SIGINT]
2025-03-17T22:27:11: PM2 log: App [tracktv-api:0] starting in -fork mode-
2025-03-17T22:27:11: PM2 log: App [tracktv-api:0] online
2025-03-17T22:27:12: PM2 log: App [tracktv-api:0] exited with code [1] via signal [SIGINT]
2025-03-17T22:27:12: PM2 log: App [tracktv-api:0] starting in -fork mode-
2025-03-17T22:27:12: PM2 log: App [tracktv-api:0] online
2025-03-17T22:27:12: PM2 log: App [tracktv-api:0] exited with code [1] via signal [SIGINT]
2025-03-17T22:27:12: PM2 log: App [tracktv-api:0] starting in -fork mode-
2025-03-17T22:27:12: PM2 log: App [tracktv-api:0] online
2025-03-17T22:27:13: PM2 log: App [tracktv-api:0] exited with code [1] via signal [SIGINT]
2025-03-17T22:27:13: PM2 log: App [tracktv-api:0] starting in -fork mode-
2025-03-17T22:27:13: PM2 log: App [tracktv-api:0] online
2025-03-17T22:27:13: PM2 log: App [tracktv-api:0] exited with code [1] via signal [SIGINT]
2025-03-17T22:27:13: PM2 log: App [tracktv-api:0] starting in -fork mode-
2025-03-17T22:27:13: PM2 log: App [tracktv-api:0] online
2025-03-17T22:27:14: PM2 log: App [tracktv-api:0] exited with code [1] via signal [SIGINT]
2025-03-17T22:27:14: PM2 log: App [tracktv-api:0] starting in -fork mode-
2025-03-17T22:27:14: PM2 log: App [tracktv-api:0] online
2025-03-17T22:27:14: PM2 log: App [tracktv-api:0] exited with code [1] via signal [SIGINT]
2025-03-17T22:27:14: PM2 log: App [tracktv-api:0] starting in -fork mode-
2025-03-17T22:27:14: PM2 log: App [tracktv-api:0] online
2025-03-17T22:27:15: PM2 log: App [tracktv-api:0] exited with code [1] via signal [SIGINT]
2025-03-17T22:27:15: PM2 log: App [tracktv-api:0] starting in -fork mode-
2025-03-17T22:27:15: PM2 log: App [tracktv-api:0] online
2025-03-17T22:27:15: PM2 log: App [tracktv-api:0] exited with code [1] via signal [SIGINT]
2025-03-17T22:27:15: PM2 log: App [tracktv-api:0] starting in -fork mode-
2025-03-17T22:27:15: PM2 log: App [tracktv-api:0] online
2025-03-17T22:27:16: PM2 log: App [tracktv-api:0] exited with code [1] via signal [SIGINT]
2025-03-17T22:27:16: PM2 log: App [tracktv-api:0] starting in -fork mode-
2025-03-17T22:27:16: PM2 log: App [tracktv-api:0] online
2025-03-17T22:27:16: PM2 log: App [tracktv-api:0] exited with code [1] via signal [SIGINT]
2025-03-17T22:27:16: PM2 log: App [tracktv-api:0] starting in -fork mode-
2025-03-17T22:27:16: PM2 log: App [tracktv-api:0] online
2025-03-17T22:27:17: PM2 log: App [tracktv-api:0] exited with code [1] via signal [SIGINT]
2025-03-17T22:27:17: PM2 log: App [tracktv-api:0] starting in -fork mode-
2025-03-17T22:27:17: PM2 log: App [tracktv-api:0] online
2025-03-17T22:27:17: PM2 log: App [tracktv-api:0] exited with code [1] via signal [SIGINT]
2025-03-17T22:27:17: PM2 log: App [tracktv-api:0] starting in -fork mode-
2025-03-17T22:27:17: PM2 log: App [tracktv-api:0] online
2025-03-17T22:27:18: PM2 log: App [tracktv-api:0] exited with code [1] via signal [SIGINT]
2025-03-17T22:27:18: PM2 log: App [tracktv-api:0] starting in -fork mode-
2025-03-17T22:27:18: PM2 log: App [tracktv-api:0] online
2025-03-17T22:27:18: PM2 log: App [tracktv-api:0] exited with code [1] via signal [SIGINT]
2025-03-17T22:27:18: PM2 log: App [tracktv-api:0] starting in -fork mode-
2025-03-17T22:27:18: PM2 log: App [tracktv-api:0] online
2025-03-17T22:27:19: PM2 log: App [tracktv-api:0] exited with code [1] via signal [SIGINT]
2025-03-17T22:27:19: PM2 log: App [tracktv-api:0] starting in -fork mode-
2025-03-17T22:27:19: PM2 log: App [tracktv-api:0] online
2025-03-17T22:27:19: PM2 log: App [tracktv-api:0] exited with code [1] via signal [SIGINT]
2025-03-17T22:27:19: PM2 log: App [tracktv-api:0] starting in -fork mode-
2025-03-17T22:27:19: PM2 log: App [tracktv-api:0] online
2025-03-17T22:27:20: PM2 log: App [tracktv-api:0] exited with code [1] via signal [SIGINT]
2025-03-17T22:27:20: PM2 log: App [tracktv-api:0] starting in -fork mode-
2025-03-17T22:27:20: PM2 log: App [tracktv-api:0] online
2025-03-17T22:27:20: PM2 log: App [tracktv-api:0] exited with code [1] via signal [SIGINT]
2025-03-17T22:27:20: PM2 log: App [tracktv-api:0] starting in -fork mode-
2025-03-17T22:27:20: PM2 log: App [tracktv-api:0] online
2025-03-17T22:27:21: PM2 log: App [tracktv-api:0] exited with code [1] via signal [SIGINT]
2025-03-17T22:27:21: PM2 log: App [tracktv-api:0] starting in -fork mode-
2025-03-17T22:27:21: PM2 log: App [tracktv-api:0] online
2025-03-17T22:27:21: PM2 log: App [tracktv-api:0] exited with code [1] via signal [SIGINT]
2025-03-17T22:27:21: PM2 log: App [tracktv-api:0] starting in -fork mode-
2025-03-17T22:27:21: PM2 log: App [tracktv-api:0] online
2025-03-17T22:27:22: PM2 log: App [tracktv-api:0] exited with code [1] via signal [SIGINT]
2025-03-17T22:27:22: PM2 log: App [tracktv-api:0] starting in -fork mode-
2025-03-17T22:27:22: PM2 log: App [tracktv-api:0] online
2025-03-17T22:27:22: PM2 log: App [tracktv-api:0] exited with code [1] via signal [SIGINT]
2025-03-17T22:27:22: PM2 log: App [tracktv-api:0] starting in -fork mode-
2025-03-17T22:27:22: PM2 log: App [tracktv-api:0] online
2025-03-17T22:27:23: PM2 log: App [tracktv-api:0] exited with code [1] via signal [SIGINT]
2025-03-17T22:27:23: PM2 log: App [tracktv-api:0] starting in -fork mode-
2025-03-17T22:27:23: PM2 log: App [tracktv-api:0] online
2025-03-17T22:27:23: PM2 log: App [tracktv-api:0] exited with code [1] via signal [SIGINT]
2025-03-17T22:27:23: PM2 log: App [tracktv-api:0] starting in -fork mode-
2025-03-17T22:27:23: PM2 log: App [tracktv-api:0] online
2025-03-17T22:27:24: PM2 log: App [tracktv-api:0] exited with code [1] via signal [SIGINT]
2025-03-17T22:27:24: PM2 log: App [tracktv-api:0] starting in -fork mode-
2025-03-17T22:27:24: PM2 log: App [tracktv-api:0] online
2025-03-17T22:27:25: PM2 log: App [tracktv-api:0] exited with code [1] via signal [SIGINT]
2025-03-17T22:27:25: PM2 log: App [tracktv-api:0] starting in -fork mode-
2025-03-17T22:27:25: PM2 log: App [tracktv-api:0] online
2025-03-17T22:27:26: PM2 log: App [tracktv-api:0] exited with code [1] via signal [SIGINT]
2025-03-17T22:27:26: PM2 log: App [tracktv-api:0] starting in -fork mode-
2025-03-17T22:27:26: PM2 log: App [tracktv-api:0] online
2025-03-17T22:27:26: PM2 log: App [tracktv-api:0] exited with code [1] via signal [SIGINT]
2025-03-17T22:27:26: PM2 log: App [tracktv-api:0] starting in -fork mode-
2025-03-17T22:27:26: PM2 log: App [tracktv-api:0] online
2025-03-17T22:27:27: PM2 log: App [tracktv-api:0] exited with code [1] via signal [SIGINT]
2025-03-17T22:27:27: PM2 log: App [tracktv-api:0] starting in -fork mode-
2025-03-17T22:27:27: PM2 log: App [tracktv-api:0] online
2025-03-17T22:27:28: PM2 log: App [tracktv-api:0] exited with code [1] via signal [SIGINT]
2025-03-17T22:27:28: PM2 log: App [tracktv-api:0] starting in -fork mode-
2025-03-17T22:27:28: PM2 log: App [tracktv-api:0] online
2025-03-17T22:27:28: PM2 log: App [tracktv-api:0] exited with code [1] via signal [SIGINT]
2025-03-17T22:27:28: PM2 log: App [tracktv-api:0] starting in -fork mode-
2025-03-17T22:27:28: PM2 log: App [tracktv-api:0] online
2025-03-17T22:27:29: PM2 log: App [tracktv-api:0] exited with code [1] via signal [SIGINT]
2025-03-17T22:27:29: PM2 log: App [tracktv-api:0] starting in -fork mode-
2025-03-17T22:27:29: PM2 log: App [tracktv-api:0] online
2025-03-17T22:27:29: PM2 log: App [tracktv-api:0] exited with code [1] via signal [SIGINT]
2025-03-17T22:27:29: PM2 log: App [tracktv-api:0] starting in -fork mode-
2025-03-17T22:27:29: PM2 log: App [tracktv-api:0] online
2025-03-17T22:27:29: PM2 log: App [tracktv-api:0] exited with code [1] via signal [SIGINT]
2025-03-17T22:27:29: PM2 log: App [tracktv-api:0] starting in -fork mode-
2025-03-17T22:27:29: PM2 log: App [tracktv-api:0] online
2025-03-17T22:27:30: PM2 log: App [tracktv-api:0] exited with code [1] via signal [SIGINT]
2025-03-17T22:27:30: PM2 log: App [tracktv-api:0] starting in -fork mode-
2025-03-17T22:27:30: PM2 log: App [tracktv-api:0] online
2025-03-17T22:27:30: PM2 log: App [tracktv-api:0] exited with code [1] via signal [SIGINT]
2025-03-17T22:27:30: PM2 log: App [tracktv-api:0] starting in -fork mode-
2025-03-17T22:27:30: PM2 log: App [tracktv-api:0] online
2025-03-17T22:27:31: PM2 log: App [tracktv-api:0] exited with code [1] via signal [SIGINT]
2025-03-17T22:27:31: PM2 log: App [tracktv-api:0] starting in -fork mode-
2025-03-17T22:27:31: PM2 log: App [tracktv-api:0] online
2025-03-17T22:27:31: PM2 log: App [tracktv-api:0] exited with code [1] via signal [SIGINT]
2025-03-17T22:27:31: PM2 log: App [tracktv-api:0] starting in -fork mode-
2025-03-17T22:27:31: PM2 log: App [tracktv-api:0] online
2025-03-17T22:27:32: PM2 log: App [tracktv-api:0] exited with code [1] via signal [SIGINT]
2025-03-17T22:27:32: PM2 log: App [tracktv-api:0] starting in -fork mode-
2025-03-17T22:27:32: PM2 log: App [tracktv-api:0] online
2025-03-17T22:27:32: PM2 log: App [tracktv-api:0] exited with code [1] via signal [SIGINT]
2025-03-17T22:27:32: PM2 log: App [tracktv-api:0] starting in -fork mode-
2025-03-17T22:27:32: PM2 log: App [tracktv-api:0] online
2025-03-17T22:27:33: PM2 log: App [tracktv-api:0] exited with code [1] via signal [SIGINT]
2025-03-17T22:27:33: PM2 log: App [tracktv-api:0] starting in -fork mode-
2025-03-17T22:27:33: PM2 log: App [tracktv-api:0] online
2025-03-17T22:27:33: PM2 log: App [tracktv-api:0] exited with code [1] via signal [SIGINT]
2025-03-17T22:27:33: PM2 log: App [tracktv-api:0] starting in -fork mode-
2025-03-17T22:27:33: PM2 log: App [tracktv-api:0] online
2025-03-17T22:27:34: PM2 log: App [tracktv-api:0] exited with code [1] via signal [SIGINT]
2025-03-17T22:27:34: PM2 log: App [tracktv-api:0] starting in -fork mode-
2025-03-17T22:27:34: PM2 log: App [tracktv-api:0] online
2025-03-17T22:27:34: PM2 log: App [tracktv-api:0] exited with code [1] via signal [SIGINT]
2025-03-17T22:27:34: PM2 log: App [tracktv-api:0] starting in -fork mode-
2025-03-17T22:27:34: PM2 log: App [tracktv-api:0] online
2025-03-17T22:27:35: PM2 log: App [tracktv-api:0] exited with code [1] via signal [SIGINT]
2025-03-17T22:27:35: PM2 log: App [tracktv-api:0] starting in -fork mode-
2025-03-17T22:27:35: PM2 log: App [tracktv-api:0] online
2025-03-17T22:27:35: PM2 log: App [tracktv-api:0] exited with code [1] via signal [SIGINT]
2025-03-17T22:27:35: PM2 log: App [tracktv-api:0] starting in -fork mode-
2025-03-17T22:27:35: PM2 log: App [tracktv-api:0] online
2025-03-17T22:27:36: PM2 log: App [tracktv-api:0] exited with code [1] via signal [SIGINT]
2025-03-17T22:27:36: PM2 log: App [tracktv-api:0] starting in -fork mode-
2025-03-17T22:27:36: PM2 log: App [tracktv-api:0] online
2025-03-17T22:27:36: PM2 log: App [tracktv-api:0] exited with code [1] via signal [SIGINT]
2025-03-17T22:27:36: PM2 log: App [tracktv-api:0] starting in -fork mode-
2025-03-17T22:27:36: PM2 log: App [tracktv-api:0] online
2025-03-17T22:27:37: PM2 log: App [tracktv-api:0] exited with code [1] via signal [SIGINT]
2025-03-17T22:27:37: PM2 log: App [tracktv-api:0] starting in -fork mode-
2025-03-17T22:27:37: PM2 log: App [tracktv-api:0] online
2025-03-17T22:27:37: PM2 log: App [tracktv-api:0] exited with code [1] via signal [SIGINT]
2025-03-17T22:27:37: PM2 log: App [tracktv-api:0] starting in -fork mode-
2025-03-17T22:27:37: PM2 log: App [tracktv-api:0] online
2025-03-17T22:27:38: PM2 log: App [tracktv-api:0] exited with code [1] via signal [SIGINT]
2025-03-17T22:27:38: PM2 log: App [tracktv-api:0] starting in -fork mode-
2025-03-17T22:27:38: PM2 log: App [tracktv-api:0] online
2025-03-17T22:27:38: PM2 log: App [tracktv-api:0] exited with code [1] via signal [SIGINT]
2025-03-17T22:27:38: PM2 log: App [tracktv-api:0] starting in -fork mode-
2025-03-17T22:27:38: PM2 log: App [tracktv-api:0] online
2025-03-17T22:27:39: PM2 log: App [tracktv-api:0] exited with code [1] via signal [SIGINT]
2025-03-17T22:27:39: PM2 log: App [tracktv-api:0] starting in -fork mode-
2025-03-17T22:27:39: PM2 log: App [tracktv-api:0] online
2025-03-17T22:27:39: PM2 log: App [tracktv-api:0] exited with code [1] via signal [SIGINT]
2025-03-17T22:27:39: PM2 log: App [tracktv-api:0] starting in -fork mode-
2025-03-17T22:27:39: PM2 log: App [tracktv-api:0] online
2025-03-17T22:27:40: PM2 log: App [tracktv-api:0] exited with code [1] via signal [SIGINT]
2025-03-17T22:27:40: PM2 log: App [tracktv-api:0] starting in -fork mode-
2025-03-17T22:27:40: PM2 log: App [tracktv-api:0] online
2025-03-17T22:27:40: PM2 log: App [tracktv-api:0] exited with code [1] via signal [SIGINT]
2025-03-17T22:27:40: PM2 log: App [tracktv-api:0] starting in -fork mode-
2025-03-17T22:27:40: PM2 log: App [tracktv-api:0] online
2025-03-17T22:27:41: PM2 log: App [tracktv-api:0] exited with code [1] via signal [SIGINT]
2025-03-17T22:27:41: PM2 log: App [tracktv-api:0] starting in -fork mode-
2025-03-17T22:27:41: PM2 log: App [tracktv-api:0] online
2025-03-17T22:27:41: PM2 log: App [tracktv-api:0] exited with code [1] via signal [SIGINT]
2025-03-17T22:27:41: PM2 log: App [tracktv-api:0] starting in -fork mode-
2025-03-17T22:27:41: PM2 log: App [tracktv-api:0] online
2025-03-17T22:27:42: PM2 log: App [tracktv-api:0] exited with code [1] via signal [SIGINT]
2025-03-17T22:27:42: PM2 log: App [tracktv-api:0] starting in -fork mode-
2025-03-17T22:27:42: PM2 log: App [tracktv-api:0] online
2025-03-17T22:27:42: PM2 log: App [tracktv-api:0] exited with code [1] via signal [SIGINT]
2025-03-17T22:27:42: PM2 log: App [tracktv-api:0] starting in -fork mode-
2025-03-17T22:27:42: PM2 log: App [tracktv-api:0] online
2025-03-17T22:27:43: PM2 log: App [tracktv-api:0] exited with code [1] via signal [SIGINT]
2025-03-17T22:27:43: PM2 log: App [tracktv-api:0] starting in -fork mode-
2025-03-17T22:27:43: PM2 log: App [tracktv-api:0] online
2025-03-17T22:27:43: PM2 log: App [tracktv-api:0] exited with code [1] via signal [SIGINT]
2025-03-17T22:27:43: PM2 log: App [tracktv-api:0] starting in -fork mode-
2025-03-17T22:27:43: PM2 log: App [tracktv-api:0] online
2025-03-17T22:27:44: PM2 log: App [tracktv-api:0] exited with code [1] via signal [SIGINT]
2025-03-17T22:27:44: PM2 log: App [tracktv-api:0] starting in -fork mode-
2025-03-17T22:27:44: PM2 log: App [tracktv-api:0] online
2025-03-17T22:27:44: PM2 log: App [tracktv-api:0] exited with code [1] via signal [SIGINT]
2025-03-17T22:27:44: PM2 log: App [tracktv-api:0] starting in -fork mode-
2025-03-17T22:27:44: PM2 log: App [tracktv-api:0] online
2025-03-17T22:27:45: PM2 log: App [tracktv-api:0] exited with code [1] via signal [SIGINT]
2025-03-17T22:27:45: PM2 log: App [tracktv-api:0] starting in -fork mode-
2025-03-17T22:27:45: PM2 log: App [tracktv-api:0] online
2025-03-17T22:27:45: PM2 log: App [tracktv-api:0] exited with code [1] via signal [SIGINT]
2025-03-17T22:27:45: PM2 log: App [tracktv-api:0] starting in -fork mode-
2025-03-17T22:27:45: PM2 log: App [tracktv-api:0] online
2025-03-17T22:27:46: PM2 log: App [tracktv-api:0] exited with code [1] via signal [SIGINT]
2025-03-17T22:27:46: PM2 log: App [tracktv-api:0] starting in -fork mode-
2025-03-17T22:27:46: PM2 log: App [tracktv-api:0] online
2025-03-17T22:27:47: PM2 log: App [tracktv-api:0] exited with code [1] via signal [SIGINT]
2025-03-17T22:27:47: PM2 log: App [tracktv-api:0] starting in -fork mode-
2025-03-17T22:27:47: PM2 log: App [tracktv-api:0] online
2025-03-17T22:27:48: PM2 log: App [tracktv-api:0] exited with code [1] via signal [SIGINT]
2025-03-17T22:27:48: PM2 log: App [tracktv-api:0] starting in -fork mode-
2025-03-17T22:27:48: PM2 log: App [tracktv-api:0] online
2025-03-17T22:27:49: PM2 log: App [tracktv-api:0] exited with code [1] via signal [SIGINT]
2025-03-17T22:27:49: PM2 log: App [tracktv-api:0] starting in -fork mode-
2025-03-17T22:27:49: PM2 log: App [tracktv-api:0] online
2025-03-17T22:27:50: PM2 log: App [tracktv-api:0] exited with code [1] via signal [SIGINT]
2025-03-17T22:27:50: PM2 log: App [tracktv-api:0] starting in -fork mode-
2025-03-17T22:27:50: PM2 log: App [tracktv-api:0] online
2025-03-17T22:27:51: PM2 log: App [tracktv-api:0] exited with code [1] via signal [SIGINT]
2025-03-17T22:27:51: PM2 log: App [tracktv-api:0] starting in -fork mode-
2025-03-17T22:27:51: PM2 log: App [tracktv-api:0] online
2025-03-17T22:27:52: PM2 log: App [tracktv-api:0] exited with code [1] via signal [SIGINT]
2025-03-17T22:27:52: PM2 log: App [tracktv-api:0] starting in -fork mode-
2025-03-17T22:27:52: PM2 log: App [tracktv-api:0] online
2025-03-17T22:27:54: PM2 log: App [tracktv-api:0] exited with code [1] via signal [SIGINT]
2025-03-17T22:27:54: PM2 log: App [tracktv-api:0] starting in -fork mode-
2025-03-17T22:27:54: PM2 log: App [tracktv-api:0] online
2025-03-17T22:27:55: PM2 log: App [tracktv-api:0] exited with code [1] via signal [SIGINT]
2025-03-17T22:27:55: PM2 log: App [tracktv-api:0] starting in -fork mode-
2025-03-17T22:27:55: PM2 log: App [tracktv-api:0] online
2025-03-17T22:27:57: PM2 log: App [tracktv-api:0] exited with code [1] via signal [SIGINT]
2025-03-17T22:27:57: PM2 log: App [tracktv-api:0] starting in -fork mode-
2025-03-17T22:27:57: PM2 log: App [tracktv-api:0] online
2025-03-17T22:27:58: PM2 log: App [tracktv-api:0] exited with code [1] via signal [SIGINT]
2025-03-17T22:27:58: PM2 log: App [tracktv-api:0] starting in -fork mode-
2025-03-17T22:27:58: PM2 log: App [tracktv-api:0] online
2025-03-17T22:28:00: PM2 log: App [tracktv-api:0] exited with code [1] via signal [SIGINT]
2025-03-17T22:28:00: PM2 log: App [tracktv-api:0] starting in -fork mode-
2025-03-17T22:28:00: PM2 log: App [tracktv-api:0] online
2025-03-17T22:28:01: PM2 log: App [tracktv-api:0] exited with code [1] via signal [SIGINT]
2025-03-17T22:28:01: PM2 log: App [tracktv-api:0] starting in -fork mode-
2025-03-17T22:28:01: PM2 log: App [tracktv-api:0] online
2025-03-17T22:28:02: PM2 log: App [tracktv-api:0] exited with code [1] via signal [SIGINT]
2025-03-17T22:28:02: PM2 log: App [tracktv-api:0] starting in -fork mode-
2025-03-17T22:28:02: PM2 log: App [tracktv-api:0] online
2025-03-17T22:28:03: PM2 log: App [tracktv-api:0] exited with code [1] via signal [SIGINT]
2025-03-17T22:28:03: PM2 log: App [tracktv-api:0] starting in -fork mode-
2025-03-17T22:28:03: PM2 log: App [tracktv-api:0] online
2025-03-17T22:28:04: PM2 log: App [tracktv-api:0] exited with code [1] via signal [SIGINT]
2025-03-17T22:28:04: PM2 log: App [tracktv-api:0] starting in -fork mode-
2025-03-17T22:28:04: PM2 log: App [tracktv-api:0] online
2025-03-17T22:28:05: PM2 log: App [tracktv-api:0] exited with code [1] via signal [SIGINT]
2025-03-17T22:28:05: PM2 log: App [tracktv-api:0] starting in -fork mode-
2025-03-17T22:28:05: PM2 log: App [tracktv-api:0] online
2025-03-17T22:28:06: PM2 log: App [tracktv-api:0] exited with code [1] via signal [SIGINT]
2025-03-17T22:28:06: PM2 log: App [tracktv-api:0] starting in -fork mode-
2025-03-17T22:28:06: PM2 log: App [tracktv-api:0] online
2025-03-17T22:28:07: PM2 log: App [tracktv-api:0] exited with code [1] via signal [SIGINT]
2025-03-17T22:28:07: PM2 log: App [tracktv-api:0] starting in -fork mode-
2025-03-17T22:28:07: PM2 log: App [tracktv-api:0] online
2025-03-17T22:28:08: PM2 log: App [tracktv-api:0] exited with code [1] via signal [SIGINT]
2025-03-17T22:28:08: PM2 log: App [tracktv-api:0] starting in -fork mode-
2025-03-17T22:28:08: PM2 log: App [tracktv-api:0] online
2025-03-17T22:28:09: PM2 log: App [tracktv-api:0] exited with code [1] via signal [SIGINT]
2025-03-17T22:28:09: PM2 log: App [tracktv-api:0] starting in -fork mode-
2025-03-17T22:28:09: PM2 log: App [tracktv-api:0] online
2025-03-17T22:28:10: PM2 log: App [tracktv-api:0] exited with code [1] via signal [SIGINT]
2025-03-17T22:28:10: PM2 log: App [tracktv-api:0] starting in -fork mode-
2025-03-17T22:28:10: PM2 log: App [tracktv-api:0] online
2025-03-17T22:28:11: PM2 log: App [tracktv-api:0] exited with code [1] via signal [SIGINT]
2025-03-17T22:28:11: PM2 log: App [tracktv-api:0] starting in -fork mode-
2025-03-17T22:28:11: PM2 log: App [tracktv-api:0] online
2025-03-17T22:28:12: PM2 log: App [tracktv-api:0] exited with code [1] via signal [SIGINT]
2025-03-17T22:28:12: PM2 log: App [tracktv-api:0] starting in -fork mode-
2025-03-17T22:28:12: PM2 log: App [tracktv-api:0] online
2025-03-17T22:28:13: PM2 log: App [tracktv-api:0] exited with code [1] via signal [SIGINT]
2025-03-17T22:28:13: PM2 log: App [tracktv-api:0] starting in -fork mode-
2025-03-17T22:28:13: PM2 log: App [tracktv-api:0] online
2025-03-17T22:28:14: PM2 log: App [tracktv-api:0] exited with code [1] via signal [SIGINT]
2025-03-17T22:28:14: PM2 log: App [tracktv-api:0] starting in -fork mode-
2025-03-17T22:28:14: PM2 log: App [tracktv-api:0] online
2025-03-17T22:28:15: PM2 log: App [tracktv-api:0] exited with code [1] via signal [SIGINT]
2025-03-17T22:28:15: PM2 log: App [tracktv-api:0] starting in -fork mode-
2025-03-17T22:28:15: PM2 log: App [tracktv-api:0] online
2025-03-17T22:28:16: PM2 log: App [tracktv-api:0] exited with code [1] via signal [SIGINT]
2025-03-17T22:28:16: PM2 log: App [tracktv-api:0] starting in -fork mode-
2025-03-17T22:28:16: PM2 log: App [tracktv-api:0] online
2025-03-17T22:28:17: PM2 log: App [tracktv-api:0] exited with code [1] via signal [SIGINT]
2025-03-17T22:28:17: PM2 log: App [tracktv-api:0] starting in -fork mode-
2025-03-17T22:28:17: PM2 log: App [tracktv-api:0] online
2025-03-17T22:28:18: PM2 log: App [tracktv-api:0] exited with code [1] via signal [SIGINT]
2025-03-17T22:28:18: PM2 log: App [tracktv-api:0] starting in -fork mode-
2025-03-17T22:28:18: PM2 log: App [tracktv-api:0] online
2025-03-17T22:28:19: PM2 log: App [tracktv-api:0] exited with code [1] via signal [SIGINT]
2025-03-17T22:28:19: PM2 log: App [tracktv-api:0] starting in -fork mode-
2025-03-17T22:28:19: PM2 log: App [tracktv-api:0] online
2025-03-17T22:28:20: PM2 log: App [tracktv-api:0] exited with code [1] via signal [SIGINT]
2025-03-17T22:28:20: PM2 log: App [tracktv-api:0] starting in -fork mode-
2025-03-17T22:28:20: PM2 log: App [tracktv-api:0] online
2025-03-17T22:28:21: PM2 log: App [tracktv-api:0] exited with code [1] via signal [SIGINT]
2025-03-17T22:28:21: PM2 log: App [tracktv-api:0] starting in -fork mode-
2025-03-17T22:28:21: PM2 log: App [tracktv-api:0] online
2025-03-17T22:28:22: PM2 log: App [tracktv-api:0] exited with code [1] via signal [SIGINT]
2025-03-17T22:28:22: PM2 log: App [tracktv-api:0] starting in -fork mode-
2025-03-17T22:28:22: PM2 log: App [tracktv-api:0] online
2025-03-17T22:28:23: PM2 log: App [tracktv-api:0] exited with code [1] via signal [SIGINT]
2025-03-17T22:28:23: PM2 log: App [tracktv-api:0] starting in -fork mode-
2025-03-17T22:28:23: PM2 log: App [tracktv-api:0] online
2025-03-17T22:28:24: PM2 log: App [tracktv-api:0] exited with code [1] via signal [SIGINT]
2025-03-17T22:28:24: PM2 log: App [tracktv-api:0] starting in -fork mode-
2025-03-17T22:28:25: PM2 log: App [tracktv-api:0] online
2025-03-17T22:28:26: PM2 log: App [tracktv-api:0] exited with code [1] via signal [SIGINT]
2025-03-17T22:28:26: PM2 log: App [tracktv-api:0] starting in -fork mode-
2025-03-17T22:28:26: PM2 log: App [tracktv-api:0] online
2025-03-17T22:28:27: PM2 log: App [tracktv-api:0] exited with code [1] via signal [SIGINT]
2025-03-17T22:28:27: PM2 log: App [tracktv-api:0] starting in -fork mode-
2025-03-17T22:28:27: PM2 log: App [tracktv-api:0] online
2025-03-17T22:28:28: PM2 log: App [tracktv-api:0] exited with code [1] via signal [SIGINT]
2025-03-17T22:28:28: PM2 log: App [tracktv-api:0] starting in -fork mode-
2025-03-17T22:28:28: PM2 log: App [tracktv-api:0] online
2025-03-17T22:28:29: PM2 log: App [tracktv-api:0] exited with code [1] via signal [SIGINT]
2025-03-17T22:28:29: PM2 log: App [tracktv-api:0] starting in -fork mode-
2025-03-17T22:28:29: PM2 log: App [tracktv-api:0] online
2025-03-17T22:28:30: PM2 log: App [tracktv-api:0] exited with code [1] via signal [SIGINT]
2025-03-17T22:28:30: PM2 log: App [tracktv-api:0] starting in -fork mode-
2025-03-17T22:28:30: PM2 log: App [tracktv-api:0] online
2025-03-17T22:28:31: PM2 log: App [tracktv:1] starting in -fork mode-
2025-03-17T22:28:31: PM2 log: App [tracktv:1] online
2025-03-17T22:28:32: PM2 log: App [tracktv-api:0] exited with code [1] via signal [SIGINT]
2025-03-17T22:28:32: PM2 log: App [tracktv-api:0] starting in -fork mode-
2025-03-17T22:28:32: PM2 log: App [tracktv-api:0] online
2025-03-17T22:28:33: PM2 log: App [tracktv:1] exited with code [1] via signal [SIGINT]
2025-03-17T22:28:33: PM2 log: App [tracktv:1] starting in -fork mode-
2025-03-17T22:28:33: PM2 log: App [tracktv:1] online
2025-03-17T22:28:34: PM2 log: App [tracktv-api:0] exited with code [1] via signal [SIGINT]
2025-03-17T22:28:34: PM2 log: App [tracktv-api:0] starting in -fork mode-
2025-03-17T22:28:34: PM2 log: App [tracktv-api:0] online
2025-03-17T22:28:35: PM2 log: App [tracktv:1] exited with code [1] via signal [SIGINT]
2025-03-17T22:28:35: PM2 log: App [tracktv:1] starting in -fork mode-
2025-03-17T22:28:36: PM2 log: App [tracktv:1] online
2025-03-17T22:28:36: PM2 log: App [tracktv-api:0] exited with code [1] via signal [SIGINT]
2025-03-17T22:28:36: PM2 log: App [tracktv-api:0] starting in -fork mode-
2025-03-17T22:28:37: PM2 log: App [tracktv-api:0] online
2025-03-17T22:28:38: PM2 log: App [tracktv:1] exited with code [1] via signal [SIGINT]
2025-03-17T22:28:38: PM2 log: App [tracktv:1] starting in -fork mode-
2025-03-17T22:28:38: PM2 log: App [tracktv:1] online
2025-03-17T22:28:38: PM2 log: App [tracktv-api:0] exited with code [1] via signal [SIGINT]
2025-03-17T22:28:38: PM2 log: App [tracktv-api:0] starting in -fork mode-
2025-03-17T22:28:38: PM2 log: App [tracktv-api:0] online
2025-03-17T22:28:39: PM2 log: App [tracktv:1] exited with code [1] via signal [SIGINT]
2025-03-17T22:28:39: PM2 log: App [tracktv:1] starting in -fork mode-
2025-03-17T22:28:39: PM2 log: App [tracktv:1] online
2025-03-17T22:28:39: PM2 log: App [tracktv-api:0] exited with code [1] via signal [SIGINT]
2025-03-17T22:28:39: PM2 log: App [tracktv-api:0] starting in -fork mode-
2025-03-17T22:28:39: PM2 log: App [tracktv-api:0] online
2025-03-17T22:28:40: PM2 log: App [tracktv:1] exited with code [1] via signal [SIGINT]
2025-03-17T22:28:40: PM2 log: App [tracktv:1] starting in -fork mode-
2025-03-17T22:28:40: PM2 log: App [tracktv:1] online
2025-03-17T22:28:41: PM2 log: App [tracktv-api:0] exited with code [1] via signal [SIGINT]
2025-03-17T22:28:41: PM2 log: App [tracktv-api:0] starting in -fork mode-
2025-03-17T22:28:41: PM2 log: App [tracktv-api:0] online
2025-03-17T22:28:42: PM2 log: App [tracktv:1] exited with code [1] via signal [SIGINT]
2025-03-17T22:28:42: PM2 log: App [tracktv:1] starting in -fork mode-
2025-03-17T22:28:42: PM2 log: App [tracktv:1] online
2025-03-17T22:28:43: PM2 log: App [tracktv-api:0] exited with code [1] via signal [SIGINT]
2025-03-17T22:28:43: PM2 log: App [tracktv-api:0] starting in -fork mode-
2025-03-17T22:28:43: PM2 log: App [tracktv-api:0] online
2025-03-17T22:28:44: PM2 log: App [tracktv:1] exited with code [1] via signal [SIGINT]
2025-03-17T22:28:44: PM2 log: App [tracktv:1] starting in -fork mode-
2025-03-17T22:28:44: PM2 log: App [tracktv:1] online
2025-03-17T22:28:44: PM2 log: App [tracktv-api:0] exited with code [1] via signal [SIGINT]
2025-03-17T22:28:44: PM2 log: App [tracktv-api:0] starting in -fork mode-
2025-03-17T22:28:44: PM2 log: App [tracktv-api:0] online
2025-03-17T22:28:45: PM2 log: App [tracktv:1] exited with code [1] via signal [SIGINT]
2025-03-17T22:28:45: PM2 log: App [tracktv:1] starting in -fork mode-
2025-03-17T22:28:45: PM2 log: App [tracktv:1] online
2025-03-17T22:28:45: PM2 log: App [tracktv-api:0] exited with code [1] via signal [SIGINT]
2025-03-17T22:28:45: PM2 log: App [tracktv-api:0] starting in -fork mode-
2025-03-17T22:28:45: PM2 log: App [tracktv-api:0] online
2025-03-17T22:28:46: PM2 log: App [tracktv:1] exited with code [1] via signal [SIGINT]
2025-03-17T22:28:46: PM2 log: App [tracktv:1] starting in -fork mode-
2025-03-17T22:28:46: PM2 log: App [tracktv:1] online
2025-03-17T22:28:46: PM2 log: App [tracktv-api:0] exited with code [1] via signal [SIGINT]
2025-03-17T22:28:46: PM2 log: App [tracktv-api:0] starting in -fork mode-
2025-03-17T22:28:46: PM2 log: App [tracktv-api:0] online
2025-03-17T22:28:47: PM2 log: App [tracktv:1] exited with code [1] via signal [SIGINT]
2025-03-17T22:28:47: PM2 log: App [tracktv:1] starting in -fork mode-
2025-03-17T22:28:47: PM2 log: App [tracktv:1] online
2025-03-17T22:28:47: PM2 log: App [tracktv-api:0] exited with code [1] via signal [SIGINT]
2025-03-17T22:28:47: PM2 log: App [tracktv-api:0] starting in -fork mode-
2025-03-17T22:28:47: PM2 log: App [tracktv-api:0] online
2025-03-17T22:28:48: PM2 log: App [tracktv:1] exited with code [1] via signal [SIGINT]
2025-03-17T22:28:48: PM2 log: App [tracktv:1] starting in -fork mode-
2025-03-17T22:28:48: PM2 log: App [tracktv:1] online
2025-03-17T22:28:48: PM2 log: App [tracktv-api:0] exited with code [1] via signal [SIGINT]
2025-03-17T22:28:48: PM2 log: App [tracktv-api:0] starting in -fork mode-
2025-03-17T22:28:48: PM2 log: App [tracktv-api:0] online
2025-03-17T22:28:49: PM2 log: App [tracktv:1] exited with code [1] via signal [SIGINT]
2025-03-17T22:28:49: PM2 log: App [tracktv:1] starting in -fork mode-
2025-03-17T22:28:49: PM2 log: App [tracktv:1] online
2025-03-17T22:28:49: PM2 log: App [tracktv-api:0] exited with code [1] via signal [SIGINT]
2025-03-17T22:28:49: PM2 log: App [tracktv-api:0] starting in -fork mode-
2025-03-17T22:28:49: PM2 log: App [tracktv-api:0] online
2025-03-17T22:28:50: PM2 log: App [tracktv:1] exited with code [1] via signal [SIGINT]
2025-03-17T22:28:50: PM2 log: App [tracktv:1] starting in -fork mode-
2025-03-17T22:28:50: PM2 log: App [tracktv:1] online
2025-03-17T22:28:50: PM2 log: App [tracktv-api:0] exited with code [1] via signal [SIGINT]
2025-03-17T22:28:50: PM2 log: App [tracktv-api:0] starting in -fork mode-
2025-03-17T22:28:50: PM2 log: App [tracktv-api:0] online
2025-03-17T22:28:51: PM2 log: App [tracktv:1] exited with code [1] via signal [SIGINT]
2025-03-17T22:28:51: PM2 log: App [tracktv:1] starting in -fork mode-
2025-03-17T22:28:51: PM2 log: App [tracktv:1] online
2025-03-17T22:28:51: PM2 log: App [tracktv-api:0] exited with code [1] via signal [SIGINT]
2025-03-17T22:28:51: PM2 log: App [tracktv-api:0] starting in -fork mode-
2025-03-17T22:28:51: PM2 log: App [tracktv-api:0] online
2025-03-17T22:28:52: PM2 log: App [tracktv:1] exited with code [1] via signal [SIGINT]
2025-03-17T22:28:52: PM2 log: App [tracktv:1] starting in -fork mode-
2025-03-17T22:28:52: PM2 log: App [tracktv:1] online
2025-03-17T22:28:52: PM2 log: App [tracktv-api:0] exited with code [1] via signal [SIGINT]
2025-03-17T22:28:52: PM2 log: App [tracktv-api:0] starting in -fork mode-
2025-03-17T22:28:52: PM2 log: App [tracktv-api:0] online
2025-03-17T22:28:53: PM2 log: Stopping app:tracktv-api id:0
2025-03-17T22:28:53: PM2 log: Stopping app:tracktv id:1
2025-03-17T22:28:53: PM2 log: App [tracktv-api:0] exited with code [0] via signal [SIGINT]
2025-03-17T22:28:53: PM2 log: App [tracktv:1] exited with code [0] via signal [SIGINT]
2025-03-17T22:28:53: PM2 log: pid=3481 msg=process killed
2025-03-17T22:28:53: PM2 log: pid=3460 msg=process killed
2025-03-17T22:28:58: PM2 log: App [tracktv:0] starting in -fork mode-
2025-03-17T22:28:58: PM2 log: App [tracktv:0] online
2025-03-17T22:28:59: PM2 log: App [tracktv:0] exited with code [1] via signal [SIGINT]
2025-03-17T22:28:59: PM2 log: App [tracktv:0] starting in -fork mode-
2025-03-17T22:28:59: PM2 log: App [tracktv:0] online
2025-03-17T22:28:59: PM2 log: App [tracktv:0] exited with code [1] via signal [SIGINT]
2025-03-17T22:28:59: PM2 log: App [tracktv:0] starting in -fork mode-
2025-03-17T22:28:59: PM2 log: App [tracktv:0] online
2025-03-17T22:29:00: PM2 log: App [tracktv:0] exited with code [1] via signal [SIGINT]
2025-03-17T22:29:00: PM2 log: App [tracktv:0] starting in -fork mode-
2025-03-17T22:29:00: PM2 log: App [tracktv:0] online
2025-03-17T22:29:00: PM2 log: App [tracktv:0] exited with code [1] via signal [SIGINT]
2025-03-17T22:29:00: PM2 log: App [tracktv:0] starting in -fork mode-
2025-03-17T22:29:00: PM2 log: App [tracktv:0] online
2025-03-17T22:29:01: PM2 log: App [tracktv:0] exited with code [1] via signal [SIGINT]
2025-03-17T22:29:01: PM2 log: App [tracktv:0] starting in -fork mode-
2025-03-17T22:29:01: PM2 log: App [tracktv:0] online
2025-03-17T22:29:01: PM2 log: App [tracktv:0] exited with code [1] via signal [SIGINT]
2025-03-17T22:29:01: PM2 log: App [tracktv:0] starting in -fork mode-
2025-03-17T22:29:01: PM2 log: App [tracktv:0] online
2025-03-17T22:29:02: PM2 log: App [tracktv:0] exited with code [1] via signal [SIGINT]
2025-03-17T22:29:02: PM2 log: App [tracktv:0] starting in -fork mode-
2025-03-17T22:29:02: PM2 log: App [tracktv:0] online
2025-03-17T22:29:02: PM2 log: App [tracktv:0] exited with code [1] via signal [SIGINT]
2025-03-17T22:29:02: PM2 log: App [tracktv:0] starting in -fork mode-
2025-03-17T22:29:02: PM2 log: App [tracktv:0] online
2025-03-17T22:29:03: PM2 log: App [tracktv:0] exited with code [1] via signal [SIGINT]
2025-03-17T22:29:03: PM2 log: App [tracktv:0] starting in -fork mode-
2025-03-17T22:29:03: PM2 log: App [tracktv:0] online
2025-03-17T22:29:03: PM2 log: App [tracktv:0] exited with code [1] via signal [SIGINT]
2025-03-17T22:29:03: PM2 log: App [tracktv:0] starting in -fork mode-
2025-03-17T22:29:03: PM2 log: App [tracktv:0] online
2025-03-17T22:29:04: PM2 log: App [tracktv:0] exited with code [1] via signal [SIGINT]
2025-03-17T22:29:04: PM2 log: App [tracktv:0] starting in -fork mode-
2025-03-17T22:29:04: PM2 log: App [tracktv:0] online
2025-03-17T22:29:04: PM2 log: App [tracktv:0] exited with code [1] via signal [SIGINT]
2025-03-17T22:29:04: PM2 log: App [tracktv:0] starting in -fork mode-
2025-03-17T22:29:04: PM2 log: App [tracktv:0] online
2025-03-17T22:29:05: PM2 log: App [tracktv:0] exited with code [1] via signal [SIGINT]
2025-03-17T22:29:05: PM2 log: App [tracktv:0] starting in -fork mode-
2025-03-17T22:29:05: PM2 log: App [tracktv:0] online
2025-03-17T22:29:05: PM2 log: App [tracktv:0] exited with code [1] via signal [SIGINT]
2025-03-17T22:29:05: PM2 log: App [tracktv:0] starting in -fork mode-
2025-03-17T22:29:05: PM2 log: App [tracktv:0] online
2025-03-17T22:29:06: PM2 log: App [tracktv:0] exited with code [1] via signal [SIGINT]
2025-03-17T22:29:06: PM2 log: App [tracktv:0] starting in -fork mode-
2025-03-17T22:29:06: PM2 log: App [tracktv:0] online
2025-03-17T22:29:06: PM2 log: App [tracktv:0] exited with code [1] via signal [SIGINT]
2025-03-17T22:29:06: PM2 log: Script /root/tracktv/backend/server.js had too many unstable restarts (16). Stopped. "errored"
2025-03-17T22:29:21: PM2 log: App [tracktv:0] starting in -fork mode-
2025-03-17T22:29:21: PM2 log: App [tracktv:0] online
2025-03-17T22:29:22: PM2 log: App [tracktv:0] exited with code [1] via signal [SIGINT]
2025-03-17T22:29:22: PM2 log: App [tracktv:0] starting in -fork mode-
2025-03-17T22:29:22: PM2 log: App [tracktv:0] online
2025-03-17T22:29:22: PM2 log: App [tracktv:0] exited with code [1] via signal [SIGINT]
2025-03-17T22:29:22: PM2 log: App [tracktv:0] starting in -fork mode-
2025-03-17T22:29:22: PM2 log: App [tracktv:0] online
2025-03-17T22:29:23: PM2 log: App [tracktv:0] exited with code [1] via signal [SIGINT]
2025-03-17T22:29:23: PM2 log: App [tracktv:0] starting in -fork mode-
2025-03-17T22:29:23: PM2 log: App [tracktv:0] online
2025-03-17T22:29:23: PM2 log: App [tracktv:0] exited with code [1] via signal [SIGINT]
2025-03-17T22:29:23: PM2 log: App [tracktv:0] starting in -fork mode-
2025-03-17T22:29:23: PM2 log: App [tracktv:0] online
2025-03-17T22:29:24: PM2 log: App [tracktv:0] exited with code [1] via signal [SIGINT]
2025-03-17T22:29:24: PM2 log: App [tracktv:0] starting in -fork mode-
2025-03-17T22:29:24: PM2 log: App [tracktv:0] online
2025-03-17T22:29:25: PM2 log: App [tracktv:0] exited with code [1] via signal [SIGINT]
2025-03-17T22:29:25: PM2 log: App [tracktv:0] starting in -fork mode-
2025-03-17T22:29:25: PM2 log: App [tracktv:0] online
2025-03-17T22:29:25: PM2 log: App [tracktv:0] exited with code [1] via signal [SIGINT]
2025-03-17T22:29:25: PM2 log: App [tracktv:0] starting in -fork mode-
2025-03-17T22:29:25: PM2 log: App [tracktv:0] online
2025-03-17T22:29:26: PM2 log: App [tracktv-api:1] starting in -fork mode-
2025-03-17T22:29:26: PM2 log: App [tracktv-api:1] online
2025-03-17T22:29:26: PM2 log: App [tracktv:0] exited with code [1] via signal [SIGINT]
2025-03-17T22:29:26: PM2 log: App [tracktv:0] starting in -fork mode-
2025-03-17T22:29:26: PM2 log: App [tracktv:0] online
2025-03-17T22:29:27: PM2 log: App [tracktv-api:1] exited with code [1] via signal [SIGINT]
2025-03-17T22:29:27: PM2 log: App [tracktv-api:1] starting in -fork mode-
2025-03-17T22:29:27: PM2 log: App [tracktv-api:1] online
2025-03-17T22:29:28: PM2 log: App [tracktv:0] exited with code [1] via signal [SIGINT]
2025-03-17T22:29:28: PM2 log: App [tracktv:0] starting in -fork mode-
2025-03-17T22:29:28: PM2 log: App [tracktv:0] online
2025-03-17T22:29:28: PM2 log: App [tracktv-api:1] exited with code [1] via signal [SIGINT]
2025-03-17T22:29:28: PM2 log: App [tracktv-api:1] starting in -fork mode-
2025-03-17T22:29:28: PM2 log: App [tracktv-api:1] online
2025-03-17T22:29:29: PM2 log: App [tracktv:0] exited with code [1] via signal [SIGINT]
2025-03-17T22:29:29: PM2 log: App [tracktv:0] starting in -fork mode-
2025-03-17T22:29:29: PM2 log: App [tracktv:0] online
2025-03-17T22:29:29: PM2 log: App [tracktv-api:1] exited with code [1] via signal [SIGINT]
2025-03-17T22:29:29: PM2 log: App [tracktv-api:1] starting in -fork mode-
2025-03-17T22:29:29: PM2 log: App [tracktv-api:1] online
2025-03-17T22:29:30: PM2 log: App [tracktv:0] exited with code [1] via signal [SIGINT]
2025-03-17T22:29:30: PM2 log: App [tracktv:0] starting in -fork mode-
2025-03-17T22:29:30: PM2 log: App [tracktv:0] online
2025-03-17T22:29:30: PM2 log: App [tracktv-api:1] exited with code [1] via signal [SIGINT]
2025-03-17T22:29:30: PM2 log: App [tracktv-api:1] starting in -fork mode-
2025-03-17T22:29:30: PM2 log: App [tracktv-api:1] online
2025-03-17T22:29:31: PM2 log: App [tracktv:0] exited with code [1] via signal [SIGINT]
2025-03-17T22:29:31: PM2 log: App [tracktv:0] starting in -fork mode-
2025-03-17T22:29:31: PM2 log: App [tracktv:0] online
2025-03-17T22:29:31: PM2 log: App [tracktv-api:1] exited with code [1] via signal [SIGINT]
2025-03-17T22:29:31: PM2 log: App [tracktv-api:1] starting in -fork mode-
2025-03-17T22:29:31: PM2 log: App [tracktv-api:1] online
2025-03-17T22:29:33: PM2 log: App [tracktv:0] exited with code [1] via signal [SIGINT]
2025-03-17T22:29:33: PM2 log: App [tracktv:0] starting in -fork mode-
2025-03-17T22:29:33: PM2 log: App [tracktv:0] online
2025-03-17T22:29:33: PM2 log: App [tracktv-api:1] exited with code [1] via signal [SIGINT]
2025-03-17T22:29:33: PM2 log: App [tracktv-api:1] starting in -fork mode-
2025-03-17T22:29:33: PM2 log: App [tracktv-api:1] online
2025-03-17T22:29:34: PM2 log: App [tracktv:0] exited with code [1] via signal [SIGINT]
2025-03-17T22:29:34: PM2 log: App [tracktv:0] starting in -fork mode-
2025-03-17T22:29:34: PM2 log: App [tracktv:0] online
2025-03-17T22:29:34: PM2 log: App [tracktv-api:1] exited with code [1] via signal [SIGINT]
2025-03-17T22:29:34: PM2 log: App [tracktv-api:1] starting in -fork mode-
2025-03-17T22:29:34: PM2 log: App [tracktv-api:1] online
2025-03-17T22:29:35: PM2 log: App [tracktv:0] exited with code [1] via signal [SIGINT]
2025-03-17T22:29:35: PM2 log: App [tracktv:0] starting in -fork mode-
2025-03-17T22:29:35: PM2 log: App [tracktv:0] online
2025-03-17T22:29:36: PM2 log: App [tracktv-api:1] exited with code [1] via signal [SIGINT]
2025-03-17T22:29:36: PM2 log: App [tracktv-api:1] starting in -fork mode-
2025-03-17T22:29:36: PM2 log: App [tracktv-api:1] online
2025-03-17T22:29:37: PM2 log: App [tracktv:0] exited with code [1] via signal [SIGINT]
2025-03-17T22:29:37: PM2 log: App [tracktv:0] starting in -fork mode-
2025-03-17T22:29:37: PM2 log: App [tracktv:0] online
2025-03-17T22:29:37: PM2 log: App [tracktv-api:1] exited with code [1] via signal [SIGINT]
2025-03-17T22:29:37: PM2 log: App [tracktv-api:1] starting in -fork mode-
2025-03-17T22:29:37: PM2 log: App [tracktv-api:1] online
2025-03-17T22:29:38: PM2 log: App [tracktv:0] exited with code [1] via signal [SIGINT]
2025-03-17T22:29:38: PM2 log: App [tracktv:0] starting in -fork mode-
2025-03-17T22:29:38: PM2 log: App [tracktv:0] online
2025-03-17T22:29:38: PM2 log: App [tracktv-api:1] exited with code [1] via signal [SIGINT]
2025-03-17T22:29:38: PM2 log: App [tracktv-api:1] starting in -fork mode-
2025-03-17T22:29:38: PM2 log: App [tracktv-api:1] online
2025-03-17T22:29:39: PM2 log: App [tracktv:0] exited with code [1] via signal [SIGINT]
2025-03-17T22:29:39: PM2 log: App [tracktv:0] starting in -fork mode-
2025-03-17T22:29:39: PM2 log: App [tracktv:0] online
2025-03-17T22:29:39: PM2 log: App [tracktv-api:1] exited with code [1] via signal [SIGINT]
2025-03-17T22:29:39: PM2 log: App [tracktv-api:1] starting in -fork mode-
2025-03-17T22:29:39: PM2 log: App [tracktv-api:1] online
2025-03-17T22:29:40: PM2 log: App [tracktv:0] exited with code [1] via signal [SIGINT]
2025-03-17T22:29:40: PM2 log: App [tracktv:0] starting in -fork mode-
2025-03-17T22:29:40: PM2 log: App [tracktv:0] online
2025-03-17T22:29:41: PM2 log: App [tracktv-api:1] exited with code [1] via signal [SIGINT]
2025-03-17T22:29:41: PM2 log: App [tracktv-api:1] starting in -fork mode-
2025-03-17T22:29:41: PM2 log: App [tracktv-api:1] online
2025-03-17T22:29:41: PM2 log: App [tracktv:0] exited with code [1] via signal [SIGINT]
2025-03-17T22:29:41: PM2 log: App [tracktv:0] starting in -fork mode-
2025-03-17T22:29:41: PM2 log: App [tracktv:0] online
2025-03-17T22:29:42: PM2 log: App [tracktv-api:1] exited with code [1] via signal [SIGINT]
2025-03-17T22:29:42: PM2 log: App [tracktv-api:1] starting in -fork mode-
2025-03-17T22:29:42: PM2 log: App [tracktv-api:1] online
2025-03-17T22:29:42: PM2 log: App [tracktv:0] exited with code [1] via signal [SIGINT]
2025-03-17T22:29:42: PM2 log: App [tracktv:0] starting in -fork mode-
2025-03-17T22:29:42: PM2 log: App [tracktv:0] online
2025-03-17T22:29:43: PM2 log: App [tracktv-api:1] exited with code [1] via signal [SIGINT]
2025-03-17T22:29:43: PM2 log: App [tracktv-api:1] starting in -fork mode-
2025-03-17T22:29:43: PM2 log: App [tracktv-api:1] online
2025-03-17T22:29:44: PM2 log: App [tracktv:0] exited with code [1] via signal [SIGINT]
2025-03-17T22:29:44: PM2 log: App [tracktv:0] starting in -fork mode-
2025-03-17T22:29:44: PM2 log: App [tracktv:0] online
2025-03-17T22:29:44: PM2 log: App [tracktv-api:1] exited with code [1] via signal [SIGINT]
2025-03-17T22:29:44: PM2 log: App [tracktv-api:1] starting in -fork mode-
2025-03-17T22:29:44: PM2 log: App [tracktv-api:1] online
2025-03-17T22:29:45: PM2 log: App [tracktv:0] exited with code [1] via signal [SIGINT]
2025-03-17T22:29:45: PM2 log: App [tracktv:0] starting in -fork mode-
2025-03-17T22:29:45: PM2 log: App [tracktv:0] online
2025-03-17T22:29:45: PM2 log: App [tracktv-api:1] exited with code [1] via signal [SIGINT]
2025-03-17T22:29:45: PM2 log: App [tracktv-api:1] starting in -fork mode-
2025-03-17T22:29:45: PM2 log: App [tracktv-api:1] online
2025-03-17T22:29:46: PM2 log: App [tracktv:0] exited with code [1] via signal [SIGINT]
2025-03-17T22:29:46: PM2 log: App [tracktv:0] starting in -fork mode-
2025-03-17T22:29:46: PM2 log: App [tracktv:0] online
2025-03-17T22:29:46: PM2 log: App [tracktv-api:1] exited with code [1] via signal [SIGINT]
2025-03-17T22:29:46: PM2 log: App [tracktv-api:1] starting in -fork mode-
2025-03-17T22:29:46: PM2 log: App [tracktv-api:1] online
2025-03-17T22:29:47: PM2 log: App [tracktv:0] exited with code [1] via signal [SIGINT]
2025-03-17T22:29:47: PM2 log: App [tracktv:0] starting in -fork mode-
2025-03-17T22:29:47: PM2 log: App [tracktv:0] online
2025-03-17T22:29:47: PM2 log: App [tracktv-api:1] exited with code [1] via signal [SIGINT]
2025-03-17T22:29:47: PM2 log: App [tracktv-api:1] starting in -fork mode-
2025-03-17T22:29:47: PM2 log: App [tracktv-api:1] online
2025-03-17T22:29:48: PM2 log: App [tracktv:0] exited with code [1] via signal [SIGINT]
2025-03-17T22:29:48: PM2 log: App [tracktv:0] starting in -fork mode-
2025-03-17T22:29:48: PM2 log: App [tracktv:0] online
2025-03-17T22:29:48: PM2 log: App [tracktv-api:1] exited with code [1] via signal [SIGINT]
2025-03-17T22:29:48: PM2 log: App [tracktv-api:1] starting in -fork mode-
2025-03-17T22:29:48: PM2 log: App [tracktv-api:1] online
2025-03-17T22:29:49: PM2 log: App [tracktv:0] exited with code [1] via signal [SIGINT]
2025-03-17T22:29:49: PM2 log: App [tracktv:0] starting in -fork mode-
2025-03-17T22:29:49: PM2 log: App [tracktv:0] online
2025-03-17T22:29:49: PM2 log: App [tracktv-api:1] exited with code [1] via signal [SIGINT]
2025-03-17T22:29:49: PM2 log: App [tracktv-api:1] starting in -fork mode-
2025-03-17T22:29:49: PM2 log: App [tracktv-api:1] online
2025-03-17T22:29:50: PM2 log: App [tracktv:0] exited with code [1] via signal [SIGINT]
2025-03-17T22:29:50: PM2 log: App [tracktv:0] starting in -fork mode-
2025-03-17T22:29:50: PM2 log: App [tracktv:0] online
2025-03-17T22:29:50: PM2 log: App [tracktv-api:1] exited with code [1] via signal [SIGINT]
2025-03-17T22:29:50: PM2 log: App [tracktv-api:1] starting in -fork mode-
2025-03-17T22:29:50: PM2 log: App [tracktv-api:1] online
2025-03-17T22:29:51: PM2 log: App [tracktv:0] exited with code [1] via signal [SIGINT]
2025-03-17T22:29:51: PM2 log: App [tracktv:0] starting in -fork mode-
2025-03-17T22:29:51: PM2 log: App [tracktv:0] online
2025-03-17T22:29:51: PM2 log: App [tracktv-api:1] exited with code [1] via signal [SIGINT]
2025-03-17T22:29:51: PM2 log: App [tracktv-api:1] starting in -fork mode-
2025-03-17T22:29:51: PM2 log: App [tracktv-api:1] online
2025-03-17T22:29:52: PM2 log: App [tracktv:0] exited with code [1] via signal [SIGINT]
2025-03-17T22:29:52: PM2 log: App [tracktv:0] starting in -fork mode-
2025-03-17T22:29:52: PM2 log: App [tracktv:0] online
2025-03-17T22:29:52: PM2 log: App [tracktv-api:1] exited with code [1] via signal [SIGINT]
2025-03-17T22:29:52: PM2 log: App [tracktv-api:1] starting in -fork mode-
2025-03-17T22:29:52: PM2 log: App [tracktv-api:1] online
2025-03-17T22:29:53: PM2 log: App [tracktv:0] exited with code [1] via signal [SIGINT]
2025-03-17T22:29:53: PM2 log: App [tracktv:0] starting in -fork mode-
2025-03-17T22:29:53: PM2 log: App [tracktv:0] online
2025-03-17T22:29:53: PM2 log: App [tracktv-api:1] exited with code [1] via signal [SIGINT]
2025-03-17T22:29:53: PM2 log: App [tracktv-api:1] starting in -fork mode-
2025-03-17T22:29:53: PM2 log: App [tracktv-api:1] online
2025-03-17T22:29:54: PM2 log: App [tracktv:0] exited with code [1] via signal [SIGINT]
2025-03-17T22:29:54: PM2 log: App [tracktv:0] starting in -fork mode-
2025-03-17T22:29:54: PM2 log: App [tracktv:0] online
2025-03-17T22:29:54: PM2 log: App [tracktv-api:1] exited with code [1] via signal [SIGINT]
2025-03-17T22:29:54: PM2 log: App [tracktv-api:1] starting in -fork mode-
2025-03-17T22:29:54: PM2 log: App [tracktv-api:1] online
2025-03-17T22:29:55: PM2 log: App [tracktv:0] exited with code [1] via signal [SIGINT]
2025-03-17T22:29:55: PM2 log: App [tracktv:0] starting in -fork mode-
2025-03-17T22:29:55: PM2 log: App [tracktv:0] online
2025-03-17T22:29:55: PM2 log: App [tracktv-api:1] exited with code [1] via signal [SIGINT]
2025-03-17T22:29:55: PM2 log: App [tracktv-api:1] starting in -fork mode-
2025-03-17T22:29:55: PM2 log: App [tracktv-api:1] online
2025-03-17T22:29:56: PM2 log: App [tracktv:0] exited with code [1] via signal [SIGINT]
2025-03-17T22:29:56: PM2 log: App [tracktv:0] starting in -fork mode-
2025-03-17T22:29:56: PM2 log: App [tracktv:0] online
2025-03-17T22:29:57: PM2 log: App [tracktv-api:1] exited with code [1] via signal [SIGINT]
2025-03-17T22:29:57: PM2 log: App [tracktv-api:1] starting in -fork mode-
2025-03-17T22:29:57: PM2 log: App [tracktv-api:1] online
2025-03-17T22:29:57: PM2 log: App [tracktv:0] exited with code [1] via signal [SIGINT]
2025-03-17T22:29:57: PM2 log: App [tracktv:0] starting in -fork mode-
2025-03-17T22:29:57: PM2 log: App [tracktv:0] online
2025-03-17T22:29:58: PM2 log: App [tracktv-api:1] exited with code [1] via signal [SIGINT]
2025-03-17T22:29:58: PM2 log: App [tracktv-api:1] starting in -fork mode-
2025-03-17T22:29:58: PM2 log: App [tracktv-api:1] online
2025-03-17T22:29:58: PM2 log: App [tracktv:0] exited with code [1] via signal [SIGINT]
2025-03-17T22:29:59: PM2 log: App [tracktv:0] starting in -fork mode-
2025-03-17T22:29:59: PM2 log: App [tracktv:0] online
2025-03-17T22:29:59: PM2 log: App [tracktv-api:1] exited with code [1] via signal [SIGINT]
2025-03-17T22:29:59: PM2 log: App [tracktv-api:1] starting in -fork mode-
2025-03-17T22:29:59: PM2 log: App [tracktv-api:1] online
2025-03-17T22:30:00: PM2 log: App [tracktv:0] exited with code [1] via signal [SIGINT]
2025-03-17T22:30:00: PM2 log: App [tracktv:0] starting in -fork mode-
2025-03-17T22:30:00: PM2 log: App [tracktv:0] online
2025-03-17T22:30:00: PM2 log: App [tracktv-api:1] exited with code [1] via signal [SIGINT]
2025-03-17T22:30:00: PM2 log: App [tracktv-api:1] starting in -fork mode-
2025-03-17T22:30:00: PM2 log: App [tracktv-api:1] online
2025-03-17T22:30:01: PM2 log: App [tracktv:0] exited with code [1] via signal [SIGINT]
2025-03-17T22:30:01: PM2 log: App [tracktv:0] starting in -fork mode-
2025-03-17T22:30:01: PM2 log: App [tracktv:0] online
2025-03-17T22:30:01: PM2 log: App [tracktv-api:1] exited with code [1] via signal [SIGINT]
2025-03-17T22:30:01: PM2 log: App [tracktv-api:1] starting in -fork mode-
2025-03-17T22:30:01: PM2 log: App [tracktv-api:1] online
2025-03-17T22:30:02: PM2 log: App [tracktv:0] exited with code [1] via signal [SIGINT]
2025-03-17T22:30:02: PM2 log: App [tracktv:0] starting in -fork mode-
2025-03-17T22:30:02: PM2 log: App [tracktv:0] online
2025-03-17T22:30:02: PM2 log: App [tracktv-api:1] exited with code [1] via signal [SIGINT]
2025-03-17T22:30:02: PM2 log: App [tracktv-api:1] starting in -fork mode-
2025-03-17T22:30:02: PM2 log: App [tracktv-api:1] online
2025-03-17T22:30:03: PM2 log: App [tracktv:0] exited with code [1] via signal [SIGINT]
2025-03-17T22:30:03: PM2 log: App [tracktv:0] starting in -fork mode-
2025-03-17T22:30:03: PM2 log: App [tracktv:0] online
2025-03-17T22:30:03: PM2 log: App [tracktv-api:1] exited with code [1] via signal [SIGINT]
2025-03-17T22:30:03: PM2 log: App [tracktv-api:1] starting in -fork mode-
2025-03-17T22:30:03: PM2 log: App [tracktv-api:1] online
2025-03-17T22:30:04: PM2 log: App [tracktv:0] exited with code [1] via signal [SIGINT]
2025-03-17T22:30:04: PM2 log: App [tracktv:0] starting in -fork mode-
2025-03-17T22:30:04: PM2 log: App [tracktv:0] online
2025-03-17T22:30:04: PM2 log: App [tracktv-api:1] exited with code [1] via signal [SIGINT]
2025-03-17T22:30:04: PM2 log: App [tracktv-api:1] starting in -fork mode-
2025-03-17T22:30:04: PM2 log: App [tracktv-api:1] online
2025-03-17T22:30:05: PM2 log: App [tracktv:0] exited with code [1] via signal [SIGINT]
2025-03-17T22:30:05: PM2 log: App [tracktv:0] starting in -fork mode-
2025-03-17T22:30:05: PM2 log: App [tracktv:0] online
2025-03-17T22:30:05: PM2 log: App [tracktv-api:1] exited with code [1] via signal [SIGINT]
2025-03-17T22:30:05: PM2 log: App [tracktv-api:1] starting in -fork mode-
2025-03-17T22:30:05: PM2 log: App [tracktv-api:1] online
2025-03-17T22:30:06: PM2 log: App [tracktv:0] exited with code [1] via signal [SIGINT]
2025-03-17T22:30:06: PM2 log: App [tracktv:0] starting in -fork mode-
2025-03-17T22:30:06: PM2 log: App [tracktv:0] online
2025-03-17T22:30:06: PM2 log: App [tracktv-api:1] exited with code [1] via signal [SIGINT]
2025-03-17T22:30:06: PM2 log: App [tracktv-api:1] starting in -fork mode-
2025-03-17T22:30:06: PM2 log: App [tracktv-api:1] online
2025-03-17T22:30:07: PM2 log: App [tracktv:0] exited with code [1] via signal [SIGINT]
2025-03-17T22:30:07: PM2 log: App [tracktv:0] starting in -fork mode-
2025-03-17T22:30:07: PM2 log: App [tracktv:0] online
2025-03-17T22:30:07: PM2 log: App [tracktv-api:1] exited with code [1] via signal [SIGINT]
2025-03-17T22:30:07: PM2 log: App [tracktv-api:1] starting in -fork mode-
2025-03-17T22:30:07: PM2 log: App [tracktv-api:1] online
2025-03-17T22:30:08: PM2 log: App [tracktv:0] exited with code [1] via signal [SIGINT]
2025-03-17T22:30:08: PM2 log: App [tracktv:0] starting in -fork mode-
2025-03-17T22:30:08: PM2 log: App [tracktv:0] online
2025-03-17T22:30:08: PM2 log: App [tracktv-api:1] exited with code [1] via signal [SIGINT]
2025-03-17T22:30:08: PM2 log: App [tracktv-api:1] starting in -fork mode-
2025-03-17T22:30:08: PM2 log: App [tracktv-api:1] online
2025-03-17T22:30:09: PM2 log: App [tracktv:0] exited with code [1] via signal [SIGINT]
2025-03-17T22:30:09: PM2 log: App [tracktv:0] starting in -fork mode-
2025-03-17T22:30:09: PM2 log: App [tracktv:0] online
2025-03-17T22:30:09: PM2 log: App [tracktv-api:1] exited with code [1] via signal [SIGINT]
2025-03-17T22:30:09: PM2 log: App [tracktv-api:1] starting in -fork mode-
2025-03-17T22:30:09: PM2 log: App [tracktv-api:1] online
2025-03-17T22:30:10: PM2 log: App [tracktv:0] exited with code [1] via signal [SIGINT]
2025-03-17T22:30:10: PM2 log: App [tracktv:0] starting in -fork mode-
2025-03-17T22:30:10: PM2 log: App [tracktv:0] online
2025-03-17T22:30:10: PM2 log: App [tracktv-api:1] exited with code [1] via signal [SIGINT]
2025-03-17T22:30:10: PM2 log: App [tracktv-api:1] starting in -fork mode-
2025-03-17T22:30:10: PM2 log: App [tracktv-api:1] online
2025-03-17T22:30:11: PM2 log: App [tracktv:0] exited with code [1] via signal [SIGINT]
2025-03-17T22:30:11: PM2 log: App [tracktv:0] starting in -fork mode-
2025-03-17T22:30:11: PM2 log: App [tracktv:0] online
2025-03-17T22:30:11: PM2 log: App [tracktv-api:1] exited with code [1] via signal [SIGINT]
2025-03-17T22:30:11: PM2 log: App [tracktv-api:1] starting in -fork mode-
2025-03-17T22:30:11: PM2 log: App [tracktv-api:1] online
2025-03-17T22:30:12: PM2 log: App [tracktv:0] exited with code [1] via signal [SIGINT]
2025-03-17T22:30:12: PM2 log: App [tracktv:0] starting in -fork mode-
2025-03-17T22:30:12: PM2 log: App [tracktv:0] online
2025-03-17T22:30:12: PM2 log: App [tracktv-api:1] exited with code [1] via signal [SIGINT]
2025-03-17T22:30:12: PM2 log: App [tracktv-api:1] starting in -fork mode-
2025-03-17T22:30:12: PM2 log: App [tracktv-api:1] online
2025-03-17T22:30:13: PM2 log: App [tracktv:0] exited with code [1] via signal [SIGINT]
2025-03-17T22:30:13: PM2 log: App [tracktv:0] starting in -fork mode-
2025-03-17T22:30:13: PM2 log: App [tracktv:0] online
2025-03-17T22:30:13: PM2 log: App [tracktv-api:1] exited with code [1] via signal [SIGINT]
2025-03-17T22:30:13: PM2 log: App [tracktv-api:1] starting in -fork mode-
2025-03-17T22:30:13: PM2 log: App [tracktv-api:1] online
2025-03-17T22:30:14: PM2 log: App [tracktv:0] exited with code [1] via signal [SIGINT]
2025-03-17T22:30:14: PM2 log: App [tracktv:0] starting in -fork mode-
2025-03-17T22:30:14: PM2 log: App [tracktv:0] online
2025-03-17T22:30:14: PM2 log: App [tracktv-api:1] exited with code [1] via signal [SIGINT]
2025-03-17T22:30:14: PM2 log: App [tracktv-api:1] starting in -fork mode-
2025-03-17T22:30:14: PM2 log: App [tracktv-api:1] online
2025-03-17T22:30:15: PM2 log: App [tracktv:0] exited with code [1] via signal [SIGINT]
2025-03-17T22:30:15: PM2 log: App [tracktv:0] starting in -fork mode-
2025-03-17T22:30:15: PM2 log: App [tracktv:0] online
2025-03-17T22:30:15: PM2 log: App [tracktv-api:1] exited with code [1] via signal [SIGINT]
2025-03-17T22:30:15: PM2 log: App [tracktv-api:1] starting in -fork mode-
2025-03-17T22:30:15: PM2 log: App [tracktv-api:1] online
2025-03-17T22:30:16: PM2 log: App [tracktv:0] exited with code [1] via signal [SIGINT]
2025-03-17T22:30:16: PM2 log: App [tracktv:0] starting in -fork mode-
2025-03-17T22:30:16: PM2 log: App [tracktv:0] online
2025-03-17T22:30:16: PM2 log: App [tracktv-api:1] exited with code [1] via signal [SIGINT]
2025-03-17T22:30:16: PM2 log: App [tracktv-api:1] starting in -fork mode-
2025-03-17T22:30:16: PM2 log: App [tracktv-api:1] online
2025-03-17T22:30:17: PM2 log: App [tracktv:0] exited with code [1] via signal [SIGINT]
2025-03-17T22:30:17: PM2 log: App [tracktv:0] starting in -fork mode-
2025-03-17T22:30:17: PM2 log: App [tracktv:0] online
2025-03-17T22:30:17: PM2 log: App [tracktv-api:1] exited with code [1] via signal [SIGINT]
2025-03-17T22:30:17: PM2 log: App [tracktv-api:1] starting in -fork mode-
2025-03-17T22:30:17: PM2 log: App [tracktv-api:1] online
2025-03-17T22:30:18: PM2 log: App [tracktv:0] exited with code [1] via signal [SIGINT]
2025-03-17T22:30:18: PM2 log: App [tracktv:0] starting in -fork mode-
2025-03-17T22:30:18: PM2 log: App [tracktv:0] online
2025-03-17T22:30:18: PM2 log: App [tracktv-api:1] exited with code [1] via signal [SIGINT]
2025-03-17T22:30:18: PM2 log: App [tracktv-api:1] starting in -fork mode-
2025-03-17T22:30:18: PM2 log: App [tracktv-api:1] online
2025-03-17T22:30:19: PM2 log: App [tracktv:0] exited with code [1] via signal [SIGINT]
2025-03-17T22:30:19: PM2 log: App [tracktv:0] starting in -fork mode-
2025-03-17T22:30:19: PM2 log: App [tracktv:0] online
2025-03-17T22:30:19: PM2 log: App [tracktv-api:1] exited with code [1] via signal [SIGINT]
2025-03-17T22:30:19: PM2 log: App [tracktv-api:1] starting in -fork mode-
2025-03-17T22:30:19: PM2 log: App [tracktv-api:1] online
2025-03-17T22:30:20: PM2 log: App [tracktv:0] exited with code [1] via signal [SIGINT]
2025-03-17T22:30:20: PM2 log: App [tracktv:0] starting in -fork mode-
2025-03-17T22:30:20: PM2 log: App [tracktv:0] online
2025-03-17T22:30:20: PM2 log: App [tracktv-api:1] exited with code [1] via signal [SIGINT]
2025-03-17T22:30:20: PM2 log: App [tracktv-api:1] starting in -fork mode-
2025-03-17T22:30:20: PM2 log: App [tracktv-api:1] online
2025-03-17T22:30:21: PM2 log: App [tracktv:0] exited with code [1] via signal [SIGINT]
2025-03-17T22:30:21: PM2 log: App [tracktv:0] starting in -fork mode-
2025-03-17T22:30:21: PM2 log: App [tracktv:0] online
2025-03-17T22:30:21: PM2 log: App [tracktv-api:1] exited with code [1] via signal [SIGINT]
2025-03-17T22:30:21: PM2 log: App [tracktv-api:1] starting in -fork mode-
2025-03-17T22:30:21: PM2 log: App [tracktv-api:1] online
2025-03-17T22:30:22: PM2 log: App [tracktv:0] exited with code [1] via signal [SIGINT]
2025-03-17T22:30:22: PM2 log: App [tracktv:0] starting in -fork mode-
2025-03-17T22:30:22: PM2 log: App [tracktv:0] online
2025-03-17T22:30:22: PM2 log: App [tracktv-api:1] exited with code [1] via signal [SIGINT]
2025-03-17T22:30:22: PM2 log: App [tracktv-api:1] starting in -fork mode-
2025-03-17T22:30:22: PM2 log: App [tracktv-api:1] online
2025-03-17T22:30:23: PM2 log: App [tracktv:0] exited with code [1] via signal [SIGINT]
2025-03-17T22:30:23: PM2 log: App [tracktv:0] starting in -fork mode-
2025-03-17T22:30:23: PM2 log: App [tracktv:0] online
2025-03-17T22:30:23: PM2 log: App [tracktv-api:1] exited with code [1] via signal [SIGINT]
2025-03-17T22:30:23: PM2 log: App [tracktv-api:1] starting in -fork mode-
2025-03-17T22:30:23: PM2 log: App [tracktv-api:1] online
2025-03-17T22:30:24: PM2 log: App [tracktv:0] exited with code [1] via signal [SIGINT]
2025-03-17T22:30:24: PM2 log: App [tracktv:0] starting in -fork mode-
2025-03-17T22:30:24: PM2 log: App [tracktv:0] online
2025-03-17T22:30:24: PM2 log: App [tracktv-api:1] exited with code [1] via signal [SIGINT]
2025-03-17T22:30:24: PM2 log: App [tracktv-api:1] starting in -fork mode-
2025-03-17T22:30:25: PM2 log: App [tracktv-api:1] online
2025-03-17T22:30:25: PM2 log: App [tracktv:0] exited with code [1] via signal [SIGINT]
2025-03-17T22:30:25: PM2 log: App [tracktv:0] starting in -fork mode-
2025-03-17T22:30:25: PM2 log: App [tracktv:0] online
2025-03-17T22:30:26: PM2 log: App [tracktv-api:1] exited with code [1] via signal [SIGINT]
2025-03-17T22:30:26: PM2 log: App [tracktv-api:1] starting in -fork mode-
2025-03-17T22:30:26: PM2 log: App [tracktv-api:1] online
2025-03-17T22:30:26: PM2 log: App [tracktv:0] exited with code [1] via signal [SIGINT]
2025-03-17T22:30:26: PM2 log: App [tracktv:0] starting in -fork mode-
2025-03-17T22:30:26: PM2 log: App [tracktv:0] online
2025-03-17T22:30:27: PM2 log: App [tracktv-api:1] exited with code [1] via signal [SIGINT]
2025-03-17T22:30:27: PM2 log: App [tracktv-api:1] starting in -fork mode-
2025-03-17T22:30:27: PM2 log: App [tracktv-api:1] online
2025-03-17T22:30:27: PM2 log: App [tracktv:0] exited with code [1] via signal [SIGINT]
2025-03-17T22:30:27: PM2 log: App [tracktv:0] starting in -fork mode-
2025-03-17T22:30:27: PM2 log: App [tracktv:0] online
2025-03-17T22:30:28: PM2 log: App [tracktv-api:1] exited with code [1] via signal [SIGINT]
2025-03-17T22:30:28: PM2 log: App [tracktv-api:1] starting in -fork mode-
2025-03-17T22:30:28: PM2 log: App [tracktv-api:1] online
2025-03-17T22:30:28: PM2 log: App [tracktv:0] exited with code [1] via signal [SIGINT]
2025-03-17T22:30:28: PM2 log: App [tracktv:0] starting in -fork mode-
2025-03-17T22:30:28: PM2 log: App [tracktv:0] online
2025-03-17T22:30:28: PM2 log: App [tracktv-api:1] exited with code [1] via signal [SIGINT]
2025-03-17T22:30:28: PM2 log: App [tracktv-api:1] starting in -fork mode-
2025-03-17T22:30:28: PM2 log: App [tracktv-api:1] online
2025-03-17T22:30:29: PM2 log: App [tracktv:0] exited with code [1] via signal [SIGINT]
2025-03-17T22:30:29: PM2 log: App [tracktv:0] starting in -fork mode-
2025-03-17T22:30:29: PM2 log: App [tracktv:0] online
2025-03-17T22:30:29: PM2 log: App [tracktv-api:1] exited with code [1] via signal [SIGINT]
2025-03-17T22:30:29: PM2 log: App [tracktv-api:1] starting in -fork mode-
2025-03-17T22:30:29: PM2 log: App [tracktv-api:1] online
2025-03-17T22:30:30: PM2 log: App [tracktv:0] exited with code [1] via signal [SIGINT]
2025-03-17T22:30:30: PM2 log: App [tracktv:0] starting in -fork mode-
2025-03-17T22:30:30: PM2 log: App [tracktv:0] online
2025-03-17T22:30:30: PM2 log: App [tracktv-api:1] exited with code [1] via signal [SIGINT]
2025-03-17T22:30:30: PM2 log: App [tracktv-api:1] starting in -fork mode-
2025-03-17T22:30:30: PM2 log: App [tracktv-api:1] online
2025-03-17T22:30:31: PM2 log: App [tracktv:0] exited with code [1] via signal [SIGINT]
2025-03-17T22:30:31: PM2 log: App [tracktv:0] starting in -fork mode-
2025-03-17T22:30:31: PM2 log: App [tracktv:0] online
2025-03-17T22:30:31: PM2 log: App [tracktv-api:1] exited with code [1] via signal [SIGINT]
2025-03-17T22:30:31: PM2 log: App [tracktv-api:1] starting in -fork mode-
2025-03-17T22:30:31: PM2 log: App [tracktv-api:1] online
2025-03-17T22:30:32: PM2 log: App [tracktv:0] exited with code [1] via signal [SIGINT]
2025-03-17T22:30:32: PM2 log: App [tracktv:0] starting in -fork mode-
2025-03-17T22:30:32: PM2 log: App [tracktv:0] online
2025-03-17T22:30:32: PM2 log: App [tracktv-api:1] exited with code [1] via signal [SIGINT]
2025-03-17T22:30:32: PM2 log: App [tracktv-api:1] starting in -fork mode-
2025-03-17T22:30:32: PM2 log: App [tracktv-api:1] online
2025-03-17T22:30:33: PM2 log: App [tracktv:0] exited with code [1] via signal [SIGINT]
2025-03-17T22:30:33: PM2 log: App [tracktv:0] starting in -fork mode-
2025-03-17T22:30:33: PM2 log: App [tracktv:0] online
2025-03-17T22:30:33: PM2 log: App [tracktv-api:1] exited with code [1] via signal [SIGINT]
2025-03-17T22:30:33: PM2 log: App [tracktv-api:1] starting in -fork mode-
2025-03-17T22:30:33: PM2 log: App [tracktv-api:1] online
2025-03-17T22:30:34: PM2 log: App [tracktv:0] exited with code [1] via signal [SIGINT]
2025-03-17T22:30:34: PM2 log: App [tracktv:0] starting in -fork mode-
2025-03-17T22:30:34: PM2 log: App [tracktv:0] online
2025-03-17T22:30:34: PM2 log: App [tracktv-api:1] exited with code [1] via signal [SIGINT]
2025-03-17T22:30:34: PM2 log: App [tracktv-api:1] starting in -fork mode-
2025-03-17T22:30:34: PM2 log: App [tracktv-api:1] online
2025-03-17T22:30:35: PM2 log: App [tracktv:0] exited with code [1] via signal [SIGINT]
2025-03-17T22:30:35: PM2 log: App [tracktv:0] starting in -fork mode-
2025-03-17T22:30:35: PM2 log: App [tracktv:0] online
2025-03-17T22:30:35: PM2 log: App [tracktv-api:1] exited with code [1] via signal [SIGINT]
2025-03-17T22:30:35: PM2 log: App [tracktv-api:1] starting in -fork mode-
2025-03-17T22:30:35: PM2 log: App [tracktv-api:1] online
2025-03-17T22:30:36: PM2 log: App [tracktv:0] exited with code [1] via signal [SIGINT]
2025-03-17T22:30:36: PM2 log: App [tracktv:0] starting in -fork mode-
2025-03-17T22:30:36: PM2 log: App [tracktv:0] online
2025-03-17T22:30:36: PM2 log: App [tracktv-api:1] exited with code [1] via signal [SIGINT]
2025-03-17T22:30:36: PM2 log: App [tracktv-api:1] starting in -fork mode-
2025-03-17T22:30:36: PM2 log: App [tracktv-api:1] online
2025-03-17T22:30:37: PM2 log: App [tracktv:0] exited with code [1] via signal [SIGINT]
2025-03-17T22:30:37: PM2 log: App [tracktv:0] starting in -fork mode-
2025-03-17T22:30:37: PM2 log: App [tracktv:0] online
2025-03-17T22:30:38: PM2 log: App [tracktv-api:1] exited with code [1] via signal [SIGINT]
2025-03-17T22:30:38: PM2 log: App [tracktv-api:1] starting in -fork mode-
2025-03-17T22:30:38: PM2 log: App [tracktv-api:1] online
2025-03-17T22:30:39: PM2 log: App [tracktv:0] exited with code [1] via signal [SIGINT]
2025-03-17T22:30:39: PM2 log: App [tracktv:0] starting in -fork mode-
2025-03-17T22:30:39: PM2 log: App [tracktv:0] online
2025-03-17T22:30:40: PM2 log: App [tracktv-api:1] exited with code [1] via signal [SIGINT]
2025-03-17T22:30:40: PM2 log: App [tracktv-api:1] starting in -fork mode-
2025-03-17T22:30:40: PM2 log: App [tracktv-api:1] online
2025-03-17T22:30:41: PM2 log: App [tracktv:0] exited with code [1] via signal [SIGINT]
2025-03-17T22:30:41: PM2 log: App [tracktv:0] starting in -fork mode-
2025-03-17T22:30:41: PM2 log: App [tracktv:0] online
2025-03-17T22:30:41: PM2 log: App [tracktv-api:1] exited with code [1] via signal [SIGINT]
2025-03-17T22:30:41: PM2 log: App [tracktv-api:1] starting in -fork mode-
2025-03-17T22:30:41: PM2 log: App [tracktv-api:1] online
2025-03-17T22:30:42: PM2 log: App [tracktv-api:1] exited with code [1] via signal [SIGINT]
2025-03-17T22:30:42: PM2 log: App [tracktv-api:1] starting in -fork mode-
2025-03-17T22:30:42: PM2 log: App [tracktv-api:1] online
2025-03-17T22:30:42: PM2 log: App [tracktv-api:1] exited with code [1] via signal [SIGINT]
2025-03-17T22:30:42: PM2 log: App [tracktv-api:1] starting in -fork mode-
2025-03-17T22:30:42: PM2 log: App [tracktv-api:1] online
2025-03-17T22:30:43: PM2 log: App [tracktv-api:1] exited with code [1] via signal [SIGINT]
2025-03-17T22:30:43: PM2 log: App [tracktv-api:1] starting in -fork mode-
2025-03-17T22:30:43: PM2 log: App [tracktv-api:1] online
2025-03-17T22:30:43: PM2 log: App [tracktv-api:1] exited with code [1] via signal [SIGINT]
2025-03-17T22:30:43: PM2 log: App [tracktv-api:1] starting in -fork mode-
2025-03-17T22:30:43: PM2 log: App [tracktv-api:1] online
2025-03-17T22:30:43: PM2 log: App [tracktv-api:1] exited with code [1] via signal [SIGINT]
2025-03-17T22:30:43: PM2 log: App [tracktv-api:1] starting in -fork mode-
2025-03-17T22:30:43: PM2 log: App [tracktv-api:1] online
2025-03-17T22:30:44: PM2 log: App [tracktv-api:1] exited with code [1] via signal [SIGINT]
2025-03-17T22:30:44: PM2 log: App [tracktv-api:1] starting in -fork mode-
2025-03-17T22:30:44: PM2 log: App [tracktv-api:1] online
2025-03-17T22:30:44: PM2 log: App [tracktv-api:1] exited with code [1] via signal [SIGINT]
2025-03-17T22:30:44: PM2 log: App [tracktv-api:1] starting in -fork mode-
2025-03-17T22:30:44: PM2 log: App [tracktv-api:1] online
2025-03-17T22:30:44: PM2 log: App [tracktv-api:1] exited with code [1] via signal [SIGINT]
2025-03-17T22:30:44: PM2 log: App [tracktv-api:1] starting in -fork mode-
2025-03-17T22:30:44: PM2 log: App [tracktv-api:1] online
2025-03-17T22:30:45: PM2 log: App [tracktv-api:1] exited with code [1] via signal [SIGINT]
2025-03-17T22:30:45: PM2 log: App [tracktv-api:1] starting in -fork mode-
2025-03-17T22:30:45: PM2 log: App [tracktv-api:1] online
2025-03-17T22:30:45: PM2 log: App [tracktv-api:1] exited with code [1] via signal [SIGINT]
2025-03-17T22:30:45: PM2 log: App [tracktv-api:1] starting in -fork mode-
2025-03-17T22:30:45: PM2 log: App [tracktv-api:1] online
2025-03-17T22:30:46: PM2 log: App [tracktv-api:1] exited with code [1] via signal [SIGINT]
2025-03-17T22:30:46: PM2 log: App [tracktv-api:1] starting in -fork mode-
2025-03-17T22:30:46: PM2 log: App [tracktv-api:1] online
2025-03-17T22:30:46: PM2 log: App [tracktv-api:1] exited with code [1] via signal [SIGINT]
2025-03-17T22:30:46: PM2 log: App [tracktv-api:1] starting in -fork mode-
2025-03-17T22:30:46: PM2 log: App [tracktv-api:1] online
2025-03-17T22:30:46: PM2 log: App [tracktv-api:1] exited with code [1] via signal [SIGINT]
2025-03-17T22:30:46: PM2 log: App [tracktv-api:1] starting in -fork mode-
2025-03-17T22:30:46: PM2 log: App [tracktv-api:1] online
2025-03-17T22:30:47: PM2 log: App [tracktv-api:1] exited with code [1] via signal [SIGINT]
2025-03-17T22:30:47: PM2 log: App [tracktv-api:1] starting in -fork mode-
2025-03-17T22:30:47: PM2 log: App [tracktv-api:1] online
2025-03-17T22:30:47: PM2 log: App [tracktv-api:1] exited with code [1] via signal [SIGINT]
2025-03-17T22:30:47: PM2 log: App [tracktv-api:1] starting in -fork mode-
2025-03-17T22:30:47: PM2 log: App [tracktv-api:1] online
2025-03-17T22:30:48: PM2 log: App [tracktv-api:1] exited with code [1] via signal [SIGINT]
2025-03-17T22:30:48: PM2 log: App [tracktv-api:1] starting in -fork mode-
2025-03-17T22:30:48: PM2 log: App [tracktv-api:1] online
2025-03-17T22:30:48: PM2 log: App [tracktv-api:1] exited with code [1] via signal [SIGINT]
2025-03-17T22:30:48: PM2 log: App [tracktv-api:1] starting in -fork mode-
2025-03-17T22:30:48: PM2 log: App [tracktv-api:1] online
2025-03-17T22:30:48: PM2 log: App [tracktv-api:1] exited with code [1] via signal [SIGINT]
2025-03-17T22:30:48: PM2 log: App [tracktv-api:1] starting in -fork mode-
2025-03-17T22:30:48: PM2 log: App [tracktv-api:1] online
2025-03-17T22:30:49: PM2 log: App [tracktv-api:1] exited with code [1] via signal [SIGINT]
2025-03-17T22:30:49: PM2 log: App [tracktv-api:1] starting in -fork mode-
2025-03-17T22:30:49: PM2 log: App [tracktv-api:1] online
2025-03-17T22:30:49: PM2 log: App [tracktv-api:1] exited with code [1] via signal [SIGINT]
2025-03-17T22:30:49: PM2 log: App [tracktv-api:1] starting in -fork mode-
2025-03-17T22:30:49: PM2 log: App [tracktv-api:1] online
2025-03-17T22:30:50: PM2 log: App [tracktv-api:1] exited with code [1] via signal [SIGINT]
2025-03-17T22:30:50: PM2 log: App [tracktv-api:1] starting in -fork mode-
2025-03-17T22:30:50: PM2 log: App [tracktv-api:1] online
2025-03-17T22:30:50: PM2 log: App [tracktv-api:1] exited with code [1] via signal [SIGINT]
2025-03-17T22:30:50: PM2 log: App [tracktv-api:1] starting in -fork mode-
2025-03-17T22:30:50: PM2 log: App [tracktv-api:1] online
2025-03-17T22:30:50: PM2 log: App [tracktv-api:1] exited with code [1] via signal [SIGINT]
2025-03-17T22:30:50: PM2 log: App [tracktv-api:1] starting in -fork mode-
2025-03-17T22:30:50: PM2 log: App [tracktv-api:1] online
2025-03-17T22:30:51: PM2 log: App [tracktv-api:1] exited with code [1] via signal [SIGINT]
2025-03-17T22:30:51: PM2 log: App [tracktv-api:1] starting in -fork mode-
2025-03-17T22:30:51: PM2 log: App [tracktv-api:1] online
2025-03-17T22:30:51: PM2 log: App [tracktv-api:1] exited with code [1] via signal [SIGINT]
2025-03-17T22:30:51: PM2 log: App [tracktv-api:1] starting in -fork mode-
2025-03-17T22:30:51: PM2 log: App [tracktv-api:1] online
2025-03-17T22:30:52: PM2 log: App [tracktv-api:1] exited with code [1] via signal [SIGINT]
2025-03-17T22:30:52: PM2 log: App [tracktv-api:1] starting in -fork mode-
2025-03-17T22:30:52: PM2 log: App [tracktv-api:1] online
2025-03-17T22:30:52: PM2 log: Stopping app:tracktv id:0
2025-03-17T22:30:52: PM2 log: App [tracktv:0] exited with code [0] via signal [SIGINT]
2025-03-17T22:30:52: PM2 log: pid=5352 msg=process killed
2025-03-17T22:30:52: PM2 log: Stopping app:tracktv-api id:1
2025-03-17T22:30:52: PM2 log: App [tracktv-api:1] exited with code [0] via signal [SIGINT]
2025-03-17T22:30:52: PM2 log: pid=5646 msg=process killed
2025-03-17T22:31:18: PM2 log: App [tracktv:0] starting in -fork mode-
2025-03-17T22:31:18: PM2 log: App [tracktv:0] online
