0 verbose cli /usr/bin/node /usr/bin/npm
1 info using npm@9.2.0
2 info using node@v20.16.0
3 timing npm:load:whichnode Completed in 8ms
4 timing config:load:defaults Completed in 20ms
5 timing config:load:file:/usr/share/nodejs/npm/npmrc Completed in 50ms
6 timing config:load:builtin Completed in 50ms
7 timing config:load:cli Completed in 20ms
8 timing config:load:env Completed in 0ms
9 timing config:load:file:/root/.cache/typescript/5.8/.npmrc Completed in 5ms
10 timing config:load:project Completed in 88ms
11 timing config:load:file:/root/.npmrc Completed in 8ms
12 timing config:load:user Completed in 8ms
13 timing config:load:file:/etc/npmrc Completed in 10ms
14 timing config:load:global Completed in 10ms
15 timing config:load:setEnvs Completed in 16ms
16 timing config:load Completed in 222ms
17 timing npm:load:configload Completed in 222ms
18 timing npm:load:mkdirpcache Completed in 24ms
19 timing npm:load:mkdirplogs Completed in 13ms
20 verbose title npm install types-registry@latest
21 verbose argv "install" "--ignore-scripts" "types-registry@latest"
22 timing npm:load:setTitle Completed in 2ms
23 timing config:load:flatten Completed in 33ms
24 timing npm:load:display Completed in 45ms
25 verbose logfile logs-max:10 dir:/root/.npm/_logs/2025-03-17T22_28_30_463Z-
26 verbose logfile /root/.npm/_logs/2025-03-17T22_28_30_463Z-debug-0.log
27 timing npm:load:logFile Completed in 100ms
28 timing npm:load:timers Completed in 0ms
29 timing npm:load:configScope Completed in 0ms
30 timing npm:load Completed in 424ms
31 silly logfile start cleaning logs, removing 1 files
32 timing config:load:flatten Completed in 14ms
33 timing arborist:ctor Completed in 12ms
34 silly logfile done cleaning log files
35 timing idealTree:init Completed in 429ms
36 timing arborist:ctor Completed in 0ms
37 http fetch GET 200 https://registry.npmjs.org/types-registry 2205ms (cache updated)
38 timing idealTree:userRequests Completed in 2309ms
39 silly idealTree buildDeps
40 silly fetch manifest types-registry@0.1.712
41 silly placeDep ROOT types-registry@0.1.712 REPLACE for:  want: 0.1.712
42 timing idealTree:#root Completed in 115ms
43 timing idealTree:node_modules/types-registry Completed in 0ms
44 timing idealTree:buildDeps Completed in 119ms
45 timing idealTree:fixDepFlags Completed in 8ms
46 timing idealTree Completed in 2877ms
47 timing reify:loadTrees Completed in 2907ms
48 timing reify:diffTrees Completed in 20ms
49 silly reify moves {}
50 timing reify:retireShallow Completed in 17ms
51 timing reify:createSparse Completed in 0ms
52 timing reify:loadBundles Completed in 0ms
53 silly audit bulk request {
53 silly audit   '@types/bcrypt': [ '5.0.2' ],
53 silly audit   '@types/body-parser': [ '1.19.5' ],
53 silly audit   '@types/connect': [ '3.4.38' ],
53 silly audit   '@types/cors': [ '2.8.17' ],
53 silly audit   '@types/express': [ '5.0.0' ],
53 silly audit   '@types/express-serve-static-core': [ '5.0.6' ],
53 silly audit   '@types/http-errors': [ '2.0.4' ],
53 silly audit   '@types/jsonwebtoken': [ '9.0.9' ],
53 silly audit   '@types/merge-descriptors': [ '1.0.3' ],
53 silly audit   '@types/mime': [ '1.3.5' ],
53 silly audit   '@types/ms': [ '2.1.0' ],
53 silly audit   '@types/node': [ '22.13.10' ],
53 silly audit   '@types/object-assign': [ '4.0.33' ],
53 silly audit   '@types/qs': [ '6.9.18' ],
53 silly audit   '@types/range-parser': [ '1.2.7' ],
53 silly audit   '@types/send': [ '0.17.4' ],
53 silly audit   '@types/serve-static': [ '1.15.7' ],
53 silly audit   '@types/vary': [ '1.1.3' ],
53 silly audit   'undici-types': [ '6.20.0' ],
53 silly audit   'types-registry': [ '0.1.712' ]
53 silly audit }
54 timing reify:unpack Completed in 5ms
55 timing reify:unretire Completed in 3ms
56 timing build:queue Completed in 0ms
57 timing build:deps Completed in 5ms
58 timing build Completed in 5ms
59 timing reify:build Completed in 6ms
60 timing reify:trash Completed in 0ms
61 timing reify:save Completed in 252ms
62 http fetch POST 200 https://registry.npmjs.org/-/npm/v1/security/advisories/bulk 370ms
63 timing auditReport:getReport Completed in 387ms
64 silly audit report {}
65 timing auditReport:init Completed in 0ms
66 timing reify:audit Completed in 402ms
67 timing reify Completed in 3424ms
68 timing command:install Completed in 3510ms
69 verbose exit 0
70 timing npm Completed in 4214ms
71 info ok
