0 verbose cli /usr/bin/node /usr/bin/npm
1 info using npm@9.2.0
2 info using node@v20.16.0
3 timing npm:load:whichnode Completed in 0ms
4 timing config:load:defaults Completed in 2ms
5 timing config:load:file:/usr/share/nodejs/npm/npmrc Completed in 4ms
6 timing config:load:builtin Completed in 5ms
7 timing config:load:cli Completed in 3ms
8 timing config:load:env Completed in 0ms
9 timing config:load:file:/root/.cache/typescript/5.8/.npmrc Completed in 1ms
10 timing config:load:project Completed in 4ms
11 timing config:load:file:/root/.npmrc Completed in 1ms
12 timing config:load:user Completed in 1ms
13 timing config:load:file:/etc/npmrc Completed in 1ms
14 timing config:load:global Completed in 1ms
15 timing config:load:setEnvs Completed in 2ms
16 timing config:load Completed in 20ms
17 timing npm:load:configload Completed in 21ms
18 timing npm:load:mkdirpcache Completed in 1ms
19 timing npm:load:mkdirplogs Completed in 0ms
20 verbose title npm install @types/bcrypt@ts5.8 @types/body-parser@ts5.8 @types/cors@ts5.8 @types/express@ts5.8 @types/jsonwebtoken@ts5.8
21 verbose argv "install" "--ignore-scripts" "@types/bcrypt@ts5.8" "@types/body-parser@ts5.8" "@types/cors@ts5.8" "@types/express@ts5.8" "@types/jsonwebtoken@ts5.8" "--save-dev" "--user-agent" "typesInstaller/5.8.2"
22 timing npm:load:setTitle Completed in 2ms
23 timing config:load:flatten Completed in 7ms
24 timing npm:load:display Completed in 9ms
25 verbose logfile logs-max:10 dir:/root/.npm/_logs/2025-03-17T21_07_35_447Z-
26 verbose logfile /root/.npm/_logs/2025-03-17T21_07_35_447Z-debug-0.log
27 timing npm:load:logFile Completed in 8ms
28 timing npm:load:timers Completed in 0ms
29 timing npm:load:configScope Completed in 0ms
30 timing npm:load Completed in 41ms
31 timing config:load:flatten Completed in 2ms
32 timing arborist:ctor Completed in 2ms
33 silly logfile start cleaning logs, removing 1 files
34 silly logfile done cleaning log files
35 timing idealTree:init Completed in 45ms
36 timing arborist:ctor Completed in 0ms
37 http fetch GET 200 https://registry.npmjs.org/@types%2fcors 127ms (cache hit)
38 http fetch GET 200 https://registry.npmjs.org/@types%2fbody-parser 135ms (cache hit)
39 http fetch GET 200 https://registry.npmjs.org/@types%2fexpress 144ms (cache hit)
40 http fetch GET 200 https://registry.npmjs.org/@types%2fbcrypt 224ms (cache updated)
41 http fetch GET 200 https://registry.npmjs.org/@types%2fjsonwebtoken 252ms (cache updated)
42 timing idealTree:userRequests Completed in 262ms
43 silly idealTree buildDeps
44 silly fetch manifest @types/bcrypt@5.0.2
45 silly fetch manifest @types/body-parser@1.19.5
46 silly fetch manifest @types/cors@2.8.17
47 silly fetch manifest @types/express@5.0.0
48 silly fetch manifest @types/jsonwebtoken@9.0.9
49 silly placeDep ROOT @types/bcrypt@5.0.2 REPLACE for:  want: 5.0.2
50 silly placeDep ROOT @types/body-parser@1.19.5 REPLACE for:  want: 1.19.5
51 silly placeDep ROOT @types/cors@2.8.17 REPLACE for:  want: 2.8.17
52 silly placeDep ROOT @types/express@5.0.0 REPLACE for:  want: 5.0.0
53 silly placeDep ROOT @types/jsonwebtoken@9.0.9 REPLACE for:  want: 9.0.9
54 timing idealTree:#root Completed in 22ms
55 timing idealTree:node_modules/@types/bcrypt Completed in 0ms
56 timing idealTree:node_modules/@types/body-parser Completed in 0ms
57 timing idealTree:node_modules/@types/cors Completed in 0ms
58 timing idealTree:node_modules/@types/express Completed in 0ms
59 timing idealTree:node_modules/@types/jsonwebtoken Completed in 0ms
60 timing idealTree:buildDeps Completed in 25ms
61 timing idealTree:fixDepFlags Completed in 1ms
62 timing idealTree Completed in 336ms
63 timing reify:loadTrees Completed in 337ms
64 timing reify:diffTrees Completed in 3ms
65 silly reify moves {}
66 timing reify:retireShallow Completed in 2ms
67 timing reify:createSparse Completed in 0ms
68 timing reify:loadBundles Completed in 0ms
69 silly audit bulk request {
69 silly audit   '@types/connect': [ '3.4.38' ],
69 silly audit   '@types/express-serve-static-core': [ '5.0.6' ],
69 silly audit   '@types/http-errors': [ '2.0.4' ],
69 silly audit   '@types/merge-descriptors': [ '1.0.3' ],
69 silly audit   '@types/mime': [ '1.3.5' ],
69 silly audit   '@types/ms': [ '2.1.0' ],
69 silly audit   '@types/node': [ '22.13.10' ],
69 silly audit   '@types/object-assign': [ '4.0.33' ],
69 silly audit   '@types/qs': [ '6.9.18' ],
69 silly audit   '@types/range-parser': [ '1.2.7' ],
69 silly audit   '@types/send': [ '0.17.4' ],
69 silly audit   '@types/serve-static': [ '1.15.7' ],
69 silly audit   '@types/vary': [ '1.1.3' ],
69 silly audit   'types-registry': [ '0.1.712' ],
69 silly audit   'undici-types': [ '6.20.0' ],
69 silly audit   '@types/bcrypt': [ '5.0.2' ],
69 silly audit   '@types/body-parser': [ '1.19.5' ],
69 silly audit   '@types/cors': [ '2.8.17' ],
69 silly audit   '@types/express': [ '5.0.0' ],
69 silly audit   '@types/jsonwebtoken': [ '9.0.9' ]
69 silly audit }
70 timing reify:unpack Completed in 0ms
71 timing reify:unretire Completed in 0ms
72 timing build:queue Completed in 0ms
73 timing build:deps Completed in 1ms
74 timing build Completed in 1ms
75 timing reify:build Completed in 1ms
76 timing reify:trash Completed in 0ms
77 timing reify:save Completed in 39ms
78 http fetch POST 200 https://registry.npmjs.org/-/npm/v1/security/advisories/bulk 164ms
79 timing auditReport:getReport Completed in 166ms
80 silly audit report {}
81 timing auditReport:init Completed in 0ms
82 timing reify:audit Completed in 167ms
83 timing reify Completed in 521ms
84 timing command:install Completed in 537ms
85 verbose exit 0
86 timing npm Completed in 598ms
87 info ok
