2025-03-17 21:07:21.538 [info] [main] Log level: Info
2025-03-17 21:07:21.538 [info] [main] Validating found git in: "git"
2025-03-17 21:07:21.538 [info] [main] Using git "2.45.2" from "git"
2025-03-17 21:07:21.538 [info] [Model][doInitialScan] Initial repository scan started
2025-03-17 21:07:21.538 [info] > git rev-parse --show-toplevel [398ms]
2025-03-17 21:07:21.538 [info] fatal: not a git repository (or any of the parent directories): .git
2025-03-17 21:07:21.538 [info] > git rev-parse --show-toplevel [37ms]
2025-03-17 21:07:21.538 [info] fatal: not a git repository (or any of the parent directories): .git
2025-03-17 21:07:21.917 [info] > git rev-parse --show-toplevel [376ms]
2025-03-17 21:07:21.917 [info] fatal: not a git repository (or any of the parent directories): .git
2025-03-17 21:07:22.213 [info] > git rev-parse --show-toplevel [230ms]
2025-03-17 21:07:22.213 [info] fatal: not a git repository (or any of the parent directories): .git
2025-03-17 21:07:22.329 [info] > git rev-parse --show-toplevel [36ms]
2025-03-17 21:07:22.344 [info] fatal: not a git repository (or any of the parent directories): .git
2025-03-17 21:07:22.844 [info] > git rev-parse --show-toplevel [49ms]
2025-03-17 21:07:22.845 [info] fatal: not a git repository (or any of the parent directories): .git
2025-03-17 21:07:22.953 [info] > git rev-parse --show-toplevel [17ms]
2025-03-17 21:07:22.953 [info] fatal: not a git repository (or any of the parent directories): .git
2025-03-17 21:07:23.015 [info] > git rev-parse --show-toplevel [7ms]
2025-03-17 21:07:23.015 [info] fatal: not a git repository (or any of the parent directories): .git
2025-03-17 21:07:23.307 [info] > git rev-parse --show-toplevel [12ms]
2025-03-17 21:07:23.307 [info] fatal: not a git repository (or any of the parent directories): .git
2025-03-17 21:07:23.466 [info] [Model][doInitialScan] Initial repository scan completed - repositories (0), closed repositories (0), parent repositories (0), unsafe repositories (0)
