2025-03-17 21:04:52.949 [info] [main] Log level: Info
2025-03-17 21:04:52.957 [info] [main] Validating found git in: "git"
2025-03-17 21:04:52.957 [info] [main] Using git "2.45.2" from "git"
2025-03-17 21:04:52.957 [info] [Model][doInitialScan] Initial repository scan started
2025-03-17 21:04:52.957 [info] > git rev-parse --show-toplevel [70ms]
2025-03-17 21:04:52.957 [info] fatal: not a git repository (or any of the parent directories): .git
2025-03-17 21:04:52.957 [info] > git rev-parse --show-toplevel [137ms]
2025-03-17 21:04:52.957 [info] fatal: not a git repository (or any of the parent directories): .git
2025-03-17 21:04:53.509 [info] > git rev-parse --show-toplevel [403ms]
2025-03-17 21:04:53.509 [info] fatal: not a git repository (or any of the parent directories): .git
2025-03-17 21:04:53.664 [info] > git rev-parse --show-toplevel [46ms]
2025-03-17 21:04:53.664 [info] fatal: not a git repository (or any of the parent directories): .git
2025-03-17 21:04:53.715 [info] > git rev-parse --show-toplevel [9ms]
2025-03-17 21:04:53.715 [info] fatal: not a git repository (or any of the parent directories): .git
2025-03-17 21:04:53.746 [info] > git rev-parse --show-toplevel [11ms]
2025-03-17 21:04:53.746 [info] fatal: not a git repository (or any of the parent directories): .git
2025-03-17 21:04:53.782 [info] > git rev-parse --show-toplevel [15ms]
2025-03-17 21:04:53.782 [info] fatal: not a git repository (or any of the parent directories): .git
2025-03-17 21:04:53.838 [info] > git rev-parse --show-toplevel [10ms]
2025-03-17 21:04:53.838 [info] fatal: not a git repository (or any of the parent directories): .git
2025-03-17 21:04:53.868 [info] [Model][doInitialScan] Initial repository scan completed - repositories (0), closed repositories (0), parent repositories (0), unsafe repositories (0)
