2025-03-14 23:36:49.861 [info] [main] Log level: Info
2025-03-14 23:36:49.861 [info] [main] Validating found git in: "git"
2025-03-14 23:36:49.861 [info] [main] Using git "2.45.2" from "git"
2025-03-14 23:36:49.861 [info] [Model][doInitialScan] Initial repository scan started
2025-03-14 23:36:49.861 [info] > git rev-parse --show-toplevel [795ms]
2025-03-14 23:36:49.861 [info] fatal: not a git repository (or any of the parent directories): .git
2025-03-14 23:36:49.861 [info] > git rev-parse --show-toplevel [339ms]
2025-03-14 23:36:49.861 [info] fatal: not a git repository (or any of the parent directories): .git
2025-03-14 23:36:49.861 [info] > git rev-parse --show-toplevel [312ms]
2025-03-14 23:36:49.861 [info] fatal: not a git repository (or any of the parent directories): .git
2025-03-14 23:36:50.347 [info] > git rev-parse --show-toplevel [312ms]
2025-03-14 23:36:50.347 [info] fatal: not a git repository (or any of the parent directories): .git
2025-03-14 23:36:50.498 [info] > git rev-parse --show-toplevel [58ms]
2025-03-14 23:36:50.498 [info] fatal: not a git repository (or any of the parent directories): .git
2025-03-14 23:36:50.581 [info] > git rev-parse --show-toplevel [36ms]
2025-03-14 23:36:50.581 [info] fatal: not a git repository (or any of the parent directories): .git
2025-03-14 23:36:50.664 [info] > git rev-parse --show-toplevel [25ms]
2025-03-14 23:36:50.674 [info] fatal: not a git repository (or any of the parent directories): .git
2025-03-14 23:36:50.730 [info] > git rev-parse --show-toplevel [12ms]
2025-03-14 23:36:50.730 [info] fatal: not a git repository (or any of the parent directories): .git
2025-03-14 23:36:50.779 [info] > git rev-parse --show-toplevel [14ms]
2025-03-14 23:36:50.779 [info] fatal: not a git repository (or any of the parent directories): .git
2025-03-14 23:36:50.833 [info] [Model][doInitialScan] Initial repository scan completed - repositories (0), closed repositories (0), parent repositories (0), unsafe repositories (0)
