2025-03-14 22:35:20.155 [info] [main] Log level: Info
2025-03-14 22:35:20.155 [info] [main] Validating found git in: "git"
2025-03-14 22:35:20.155 [info] [main] Using git "2.45.2" from "git"
2025-03-14 22:35:20.155 [info] [Model][doInitialScan] Initial repository scan started
2025-03-14 22:35:20.155 [info] > git rev-parse --show-toplevel [46ms]
2025-03-14 22:35:20.155 [info] fatal: not a git repository (or any of the parent directories): .git
2025-03-14 22:35:20.155 [info] > git rev-parse --show-toplevel [7ms]
2025-03-14 22:35:20.155 [info] fatal: not a git repository (or any of the parent directories): .git
2025-03-14 22:35:20.155 [info] [Model][doInitialScan] Initial repository scan completed - repositories (0), closed repositories (0), parent repositories (0), unsafe repositories (0)
2025-03-14 22:35:21.387 [info] > git rev-parse --show-toplevel [10ms]
2025-03-14 22:35:21.387 [info] fatal: not a git repository (or any of the parent directories): .git
2025-03-14 22:35:21.853 [info] > git rev-parse --show-toplevel [17ms]
2025-03-14 22:35:21.853 [info] fatal: not a git repository (or any of the parent directories): .git
2025-03-14 22:35:23.485 [info] > git rev-parse --show-toplevel [48ms]
2025-03-14 22:35:23.486 [info] fatal: not a git repository (or any of the parent directories): .git
2025-03-14 22:35:23.542 [info] > git rev-parse --show-toplevel [14ms]
2025-03-14 22:35:23.542 [info] fatal: not a git repository (or any of the parent directories): .git
2025-03-14 22:35:24.237 [info] > git rev-parse --show-toplevel [22ms]
2025-03-14 22:35:24.237 [info] fatal: not a git repository (or any of the parent directories): .git
2025-03-14 22:35:24.309 [info] > git rev-parse --show-toplevel [18ms]
2025-03-14 22:35:24.309 [info] fatal: not a git repository (or any of the parent directories): .git
2025-03-14 22:35:24.390 [info] > git rev-parse --show-toplevel [54ms]
2025-03-14 22:35:24.390 [info] fatal: not a git repository (or any of the parent directories): .git
2025-03-14 22:35:24.542 [info] > git rev-parse --show-toplevel [15ms]
2025-03-14 22:35:24.542 [info] fatal: not a git repository (or any of the parent directories): .git
2025-03-14 22:35:24.588 [info] > git rev-parse --show-toplevel [14ms]
2025-03-14 22:35:24.588 [info] fatal: not a git repository (or any of the parent directories): .git
2025-03-14 22:35:24.623 [info] > git rev-parse --show-toplevel [7ms]
2025-03-14 22:35:24.623 [info] fatal: not a git repository (or any of the parent directories): .git
2025-03-14 22:35:24.662 [info] > git rev-parse --show-toplevel [4ms]
2025-03-14 22:35:24.662 [info] fatal: not a git repository (or any of the parent directories): .git
2025-03-14 22:35:26.404 [info] > git rev-parse --show-toplevel [14ms]
2025-03-14 22:35:26.405 [info] fatal: not a git repository (or any of the parent directories): .git
2025-03-14 22:35:26.440 [info] > git rev-parse --show-toplevel [11ms]
2025-03-14 22:35:26.440 [info] fatal: not a git repository (or any of the parent directories): .git
2025-03-14 22:35:26.453 [info] > git rev-parse --show-toplevel [5ms]
2025-03-14 22:35:26.453 [info] fatal: not a git repository (or any of the parent directories): .git
2025-03-14 22:35:26.470 [info] > git rev-parse --show-toplevel [5ms]
2025-03-14 22:35:26.470 [info] fatal: not a git repository (or any of the parent directories): .git
2025-03-14 22:35:26.483 [info] > git rev-parse --show-toplevel [7ms]
2025-03-14 22:35:26.483 [info] fatal: not a git repository (or any of the parent directories): .git
2025-03-14 22:35:29.234 [info] > git rev-parse --show-toplevel [4ms]
2025-03-14 22:35:29.234 [info] fatal: not a git repository (or any of the parent directories): .git
2025-03-14 22:35:29.238 [info] > git rev-parse --show-toplevel [1ms]
2025-03-14 22:35:29.238 [info] fatal: not a git repository (or any of the parent directories): .git
2025-03-14 22:35:29.242 [info] > git rev-parse --show-toplevel [1ms]
2025-03-14 22:35:29.242 [info] fatal: not a git repository (or any of the parent directories): .git
2025-03-14 22:35:29.246 [info] > git rev-parse --show-toplevel [1ms]
2025-03-14 22:35:29.246 [info] fatal: not a git repository (or any of the parent directories): .git
2025-03-14 22:35:29.250 [info] > git rev-parse --show-toplevel [1ms]
2025-03-14 22:35:29.250 [info] fatal: not a git repository (or any of the parent directories): .git
2025-03-14 22:35:29.259 [info] > git rev-parse --show-toplevel [6ms]
2025-03-14 22:35:29.259 [info] fatal: not a git repository (or any of the parent directories): .git
2025-03-14 22:35:30.034 [info] > git rev-parse --show-toplevel [1ms]
2025-03-14 22:35:30.034 [info] fatal: not a git repository (or any of the parent directories): .git
2025-03-14 22:35:30.039 [info] > git rev-parse --show-toplevel [1ms]
2025-03-14 22:35:30.039 [info] fatal: not a git repository (or any of the parent directories): .git
2025-03-14 22:35:30.044 [info] > git rev-parse --show-toplevel [1ms]
2025-03-14 22:35:30.044 [info] fatal: not a git repository (or any of the parent directories): .git
2025-03-14 22:35:30.048 [info] > git rev-parse --show-toplevel [2ms]
2025-03-14 22:35:30.048 [info] fatal: not a git repository (or any of the parent directories): .git
2025-03-14 22:35:30.054 [info] > git rev-parse --show-toplevel [3ms]
2025-03-14 22:35:30.054 [info] fatal: not a git repository (or any of the parent directories): .git
2025-03-14 22:35:30.058 [info] > git rev-parse --show-toplevel [1ms]
2025-03-14 22:35:30.058 [info] fatal: not a git repository (or any of the parent directories): .git
2025-03-14 22:35:30.062 [info] > git rev-parse --show-toplevel [2ms]
2025-03-14 22:35:30.062 [info] fatal: not a git repository (or any of the parent directories): .git
2025-03-14 22:35:30.584 [info] > git rev-parse --show-toplevel [2ms]
2025-03-14 22:35:30.584 [info] fatal: not a git repository (or any of the parent directories): .git
2025-03-14 22:35:30.589 [info] > git rev-parse --show-toplevel [2ms]
2025-03-14 22:35:30.589 [info] fatal: not a git repository (or any of the parent directories): .git
2025-03-14 22:35:30.593 [info] > git rev-parse --show-toplevel [2ms]
2025-03-14 22:35:30.593 [info] fatal: not a git repository (or any of the parent directories): .git
2025-03-14 22:35:30.597 [info] > git rev-parse --show-toplevel [1ms]
2025-03-14 22:35:30.597 [info] fatal: not a git repository (or any of the parent directories): .git
2025-03-14 22:35:30.601 [info] > git rev-parse --show-toplevel [1ms]
2025-03-14 22:35:30.601 [info] fatal: not a git repository (or any of the parent directories): .git
2025-03-14 22:35:30.605 [info] > git rev-parse --show-toplevel [1ms]
2025-03-14 22:35:30.605 [info] fatal: not a git repository (or any of the parent directories): .git
2025-03-14 22:35:30.613 [info] > git rev-parse --show-toplevel [5ms]
2025-03-14 22:35:30.613 [info] fatal: not a git repository (or any of the parent directories): .git
2025-03-14 22:35:30.618 [info] > git rev-parse --show-toplevel [2ms]
2025-03-14 22:35:30.618 [info] fatal: not a git repository (or any of the parent directories): .git
2025-03-14 22:35:36.359 [info] > git rev-parse --show-toplevel [3ms]
2025-03-14 22:35:36.359 [info] fatal: not a git repository (or any of the parent directories): .git
2025-03-14 22:35:36.363 [info] > git rev-parse --show-toplevel [1ms]
2025-03-14 22:35:36.363 [info] fatal: not a git repository (or any of the parent directories): .git
2025-03-14 22:35:36.367 [info] > git rev-parse --show-toplevel [1ms]
2025-03-14 22:35:36.367 [info] fatal: not a git repository (or any of the parent directories): .git
2025-03-14 22:35:36.371 [info] > git rev-parse --show-toplevel [1ms]
2025-03-14 22:35:36.371 [info] fatal: not a git repository (or any of the parent directories): .git
2025-03-14 22:35:36.376 [info] > git rev-parse --show-toplevel [2ms]
2025-03-14 22:35:36.376 [info] fatal: not a git repository (or any of the parent directories): .git
2025-03-14 22:35:36.382 [info] > git rev-parse --show-toplevel [2ms]
2025-03-14 22:35:36.382 [info] fatal: not a git repository (or any of the parent directories): .git
2025-03-14 22:35:36.386 [info] > git rev-parse --show-toplevel [1ms]
2025-03-14 22:35:36.386 [info] fatal: not a git repository (or any of the parent directories): .git
2025-03-14 22:35:36.508 [info] > git rev-parse --show-toplevel [2ms]
2025-03-14 22:35:36.508 [info] fatal: not a git repository (or any of the parent directories): .git
2025-03-14 22:35:36.512 [info] > git rev-parse --show-toplevel [1ms]
2025-03-14 22:35:36.512 [info] fatal: not a git repository (or any of the parent directories): .git
2025-03-14 22:35:36.517 [info] > git rev-parse --show-toplevel [2ms]
2025-03-14 22:35:36.517 [info] fatal: not a git repository (or any of the parent directories): .git
2025-03-14 22:35:36.521 [info] > git rev-parse --show-toplevel [1ms]
2025-03-14 22:35:36.521 [info] fatal: not a git repository (or any of the parent directories): .git
2025-03-14 22:35:36.528 [info] > git rev-parse --show-toplevel [4ms]
2025-03-14 22:35:36.528 [info] fatal: not a git repository (or any of the parent directories): .git
2025-03-14 22:35:36.532 [info] > git rev-parse --show-toplevel [2ms]
2025-03-14 22:35:36.532 [info] fatal: not a git repository (or any of the parent directories): .git
2025-03-14 22:35:36.583 [info] > git rev-parse --show-toplevel [48ms]
2025-03-14 22:35:36.583 [info] fatal: not a git repository (or any of the parent directories): .git
2025-03-14 22:35:36.594 [info] > git rev-parse --show-toplevel [3ms]
2025-03-14 22:35:36.594 [info] fatal: not a git repository (or any of the parent directories): .git
2025-03-14 22:35:39.548 [info] > git rev-parse --show-toplevel [17ms]
2025-03-14 22:35:39.549 [info] fatal: not a git repository (or any of the parent directories): .git
2025-03-14 22:35:39.555 [info] > git rev-parse --show-toplevel [2ms]
2025-03-14 22:35:39.555 [info] fatal: not a git repository (or any of the parent directories): .git
2025-03-14 22:35:39.563 [info] > git rev-parse --show-toplevel [4ms]
2025-03-14 22:35:39.563 [info] fatal: not a git repository (or any of the parent directories): .git
2025-03-14 22:35:39.649 [info] > git rev-parse --show-toplevel [66ms]
2025-03-14 22:35:39.649 [info] fatal: not a git repository (or any of the parent directories): .git
2025-03-14 22:35:39.718 [info] > git rev-parse --show-toplevel [34ms]
2025-03-14 22:35:39.718 [info] fatal: not a git repository (or any of the parent directories): .git
2025-03-14 22:35:39.854 [info] > git rev-parse --show-toplevel [102ms]
2025-03-14 22:35:39.854 [info] fatal: not a git repository (or any of the parent directories): .git
2025-03-14 22:35:39.878 [info] > git rev-parse --show-toplevel [7ms]
2025-03-14 22:35:39.878 [info] fatal: not a git repository (or any of the parent directories): .git
2025-03-14 22:35:39.891 [info] > git rev-parse --show-toplevel [5ms]
2025-03-14 22:35:39.891 [info] fatal: not a git repository (or any of the parent directories): .git
2025-03-14 22:35:39.910 [info] > git rev-parse --show-toplevel [11ms]
2025-03-14 22:35:39.910 [info] fatal: not a git repository (or any of the parent directories): .git
2025-03-14 22:35:39.933 [info] > git rev-parse --show-toplevel [2ms]
2025-03-14 22:35:39.933 [info] fatal: not a git repository (or any of the parent directories): .git
2025-03-14 22:35:39.950 [info] > git rev-parse --show-toplevel [9ms]
2025-03-14 22:35:39.951 [info] fatal: not a git repository (or any of the parent directories): .git
2025-03-14 22:35:39.963 [info] > git rev-parse --show-toplevel [7ms]
2025-03-14 22:35:39.963 [info] fatal: not a git repository (or any of the parent directories): .git
2025-03-14 22:35:39.972 [info] > git rev-parse --show-toplevel [3ms]
2025-03-14 22:35:39.972 [info] fatal: not a git repository (or any of the parent directories): .git
2025-03-14 22:35:39.986 [info] > git rev-parse --show-toplevel [6ms]
2025-03-14 22:35:39.986 [info] fatal: not a git repository (or any of the parent directories): .git
2025-03-14 22:35:40.002 [info] > git rev-parse --show-toplevel [6ms]
2025-03-14 22:35:40.002 [info] fatal: not a git repository (or any of the parent directories): .git
2025-03-14 22:35:42.478 [info] > git rev-parse --show-toplevel [5ms]
2025-03-14 22:35:42.478 [info] fatal: not a git repository (or any of the parent directories): .git
2025-03-14 22:35:42.483 [info] > git rev-parse --show-toplevel [1ms]
2025-03-14 22:35:42.483 [info] fatal: not a git repository (or any of the parent directories): .git
2025-03-14 22:35:42.489 [info] > git rev-parse --show-toplevel [3ms]
2025-03-14 22:35:42.489 [info] fatal: not a git repository (or any of the parent directories): .git
2025-03-14 22:35:42.502 [info] > git rev-parse --show-toplevel [2ms]
2025-03-14 22:35:42.502 [info] fatal: not a git repository (or any of the parent directories): .git
2025-03-14 22:35:42.507 [info] > git rev-parse --show-toplevel [2ms]
2025-03-14 22:35:42.507 [info] fatal: not a git repository (or any of the parent directories): .git
2025-03-14 22:35:42.513 [info] > git rev-parse --show-toplevel [1ms]
2025-03-14 22:35:42.513 [info] fatal: not a git repository (or any of the parent directories): .git
2025-03-14 22:35:42.518 [info] > git rev-parse --show-toplevel [2ms]
2025-03-14 22:35:42.518 [info] fatal: not a git repository (or any of the parent directories): .git
2025-03-14 22:35:42.569 [info] > git rev-parse --show-toplevel [2ms]
2025-03-14 22:35:42.569 [info] fatal: not a git repository (or any of the parent directories): .git
2025-03-14 22:35:42.586 [info] > git rev-parse --show-toplevel [5ms]
2025-03-14 22:35:42.586 [info] fatal: not a git repository (or any of the parent directories): .git
2025-03-14 22:35:42.599 [info] > git rev-parse --show-toplevel [6ms]
2025-03-14 22:35:42.599 [info] fatal: not a git repository (or any of the parent directories): .git
2025-03-14 22:35:42.609 [info] > git rev-parse --show-toplevel [3ms]
2025-03-14 22:35:42.609 [info] fatal: not a git repository (or any of the parent directories): .git
2025-03-14 22:35:42.619 [info] > git rev-parse --show-toplevel [1ms]
2025-03-14 22:35:42.619 [info] fatal: not a git repository (or any of the parent directories): .git
2025-03-14 22:35:42.634 [info] > git rev-parse --show-toplevel [5ms]
2025-03-14 22:35:42.634 [info] fatal: not a git repository (or any of the parent directories): .git
2025-03-14 22:35:42.647 [info] > git rev-parse --show-toplevel [4ms]
2025-03-14 22:35:42.647 [info] fatal: not a git repository (or any of the parent directories): .git
2025-03-14 22:35:42.659 [info] > git rev-parse --show-toplevel [6ms]
2025-03-14 22:35:42.659 [info] fatal: not a git repository (or any of the parent directories): .git
2025-03-14 22:35:46.280 [info] > git rev-parse --show-toplevel [2ms]
2025-03-14 22:35:46.280 [info] fatal: not a git repository (or any of the parent directories): .git
2025-03-14 22:35:46.284 [info] > git rev-parse --show-toplevel [1ms]
2025-03-14 22:35:46.284 [info] fatal: not a git repository (or any of the parent directories): .git
2025-03-14 22:35:46.289 [info] > git rev-parse --show-toplevel [1ms]
2025-03-14 22:35:46.289 [info] fatal: not a git repository (or any of the parent directories): .git
2025-03-14 22:35:46.293 [info] > git rev-parse --show-toplevel [2ms]
2025-03-14 22:35:46.293 [info] fatal: not a git repository (or any of the parent directories): .git
2025-03-14 22:35:46.298 [info] > git rev-parse --show-toplevel [1ms]
2025-03-14 22:35:46.298 [info] fatal: not a git repository (or any of the parent directories): .git
2025-03-14 22:35:46.302 [info] > git rev-parse --show-toplevel [1ms]
2025-03-14 22:35:46.302 [info] fatal: not a git repository (or any of the parent directories): .git
2025-03-14 22:35:46.307 [info] > git rev-parse --show-toplevel [1ms]
2025-03-14 22:35:46.307 [info] fatal: not a git repository (or any of the parent directories): .git
2025-03-14 22:35:46.417 [info] > git rev-parse --show-toplevel [10ms]
2025-03-14 22:35:46.417 [info] fatal: not a git repository (or any of the parent directories): .git
2025-03-14 22:35:46.448 [info] > git rev-parse --show-toplevel [11ms]
2025-03-14 22:35:46.448 [info] fatal: not a git repository (or any of the parent directories): .git
2025-03-14 22:35:46.468 [info] > git rev-parse --show-toplevel [5ms]
2025-03-14 22:35:46.468 [info] fatal: not a git repository (or any of the parent directories): .git
2025-03-14 22:35:46.491 [info] > git rev-parse --show-toplevel [8ms]
2025-03-14 22:35:46.491 [info] fatal: not a git repository (or any of the parent directories): .git
2025-03-14 22:35:46.521 [info] > git rev-parse --show-toplevel [10ms]
2025-03-14 22:35:46.521 [info] fatal: not a git repository (or any of the parent directories): .git
2025-03-14 22:35:46.544 [info] > git rev-parse --show-toplevel [5ms]
2025-03-14 22:35:46.544 [info] fatal: not a git repository (or any of the parent directories): .git
2025-03-14 22:35:46.570 [info] > git rev-parse --show-toplevel [13ms]
2025-03-14 22:35:46.570 [info] fatal: not a git repository (or any of the parent directories): .git
2025-03-14 22:35:46.598 [info] > git rev-parse --show-toplevel [7ms]
2025-03-14 22:35:46.598 [info] fatal: not a git repository (or any of the parent directories): .git
2025-03-14 22:35:53.578 [info] > git rev-parse --show-toplevel [4ms]
2025-03-14 22:35:53.579 [info] fatal: not a git repository (or any of the parent directories): .git
2025-03-14 22:35:53.586 [info] > git rev-parse --show-toplevel [3ms]
2025-03-14 22:35:53.586 [info] fatal: not a git repository (or any of the parent directories): .git
2025-03-14 22:35:53.592 [info] > git rev-parse --show-toplevel [2ms]
2025-03-14 22:35:53.592 [info] fatal: not a git repository (or any of the parent directories): .git
2025-03-14 22:35:53.615 [info] > git rev-parse --show-toplevel [16ms]
2025-03-14 22:35:53.615 [info] fatal: not a git repository (or any of the parent directories): .git
2025-03-14 22:35:53.628 [info] > git rev-parse --show-toplevel [6ms]
2025-03-14 22:35:53.628 [info] fatal: not a git repository (or any of the parent directories): .git
2025-03-14 22:35:53.637 [info] > git rev-parse --show-toplevel [3ms]
2025-03-14 22:35:53.637 [info] fatal: not a git repository (or any of the parent directories): .git
2025-03-14 22:35:53.647 [info] > git rev-parse --show-toplevel [2ms]
2025-03-14 22:35:53.647 [info] fatal: not a git repository (or any of the parent directories): .git
2025-03-14 22:35:53.816 [info] > git rev-parse --show-toplevel [13ms]
2025-03-14 22:35:53.816 [info] fatal: not a git repository (or any of the parent directories): .git
2025-03-14 22:35:53.861 [info] > git rev-parse --show-toplevel [18ms]
2025-03-14 22:35:53.861 [info] fatal: not a git repository (or any of the parent directories): .git
2025-03-14 22:35:53.919 [info] > git rev-parse --show-toplevel [25ms]
2025-03-14 22:35:53.920 [info] fatal: not a git repository (or any of the parent directories): .git
2025-03-14 22:35:53.975 [info] > git rev-parse --show-toplevel [15ms]
2025-03-14 22:35:53.975 [info] fatal: not a git repository (or any of the parent directories): .git
2025-03-14 22:35:54.043 [info] > git rev-parse --show-toplevel [14ms]
2025-03-14 22:35:54.043 [info] fatal: not a git repository (or any of the parent directories): .git
2025-03-14 22:35:54.092 [info] > git rev-parse --show-toplevel [22ms]
2025-03-14 22:35:54.092 [info] fatal: not a git repository (or any of the parent directories): .git
2025-03-14 22:35:54.140 [info] > git rev-parse --show-toplevel [18ms]
2025-03-14 22:35:54.140 [info] fatal: not a git repository (or any of the parent directories): .git
2025-03-14 22:35:54.191 [info] > git rev-parse --show-toplevel [21ms]
2025-03-14 22:35:54.191 [info] fatal: not a git repository (or any of the parent directories): .git
2025-03-14 22:35:56.714 [info] > git rev-parse --show-toplevel [2ms]
2025-03-14 22:35:56.714 [info] fatal: not a git repository (or any of the parent directories): .git
2025-03-14 22:35:56.722 [info] > git rev-parse --show-toplevel [2ms]
2025-03-14 22:35:56.722 [info] fatal: not a git repository (or any of the parent directories): .git
2025-03-14 22:35:56.729 [info] > git rev-parse --show-toplevel [1ms]
2025-03-14 22:35:56.730 [info] fatal: not a git repository (or any of the parent directories): .git
2025-03-14 22:35:56.738 [info] > git rev-parse --show-toplevel [4ms]
2025-03-14 22:35:56.738 [info] fatal: not a git repository (or any of the parent directories): .git
2025-03-14 22:35:56.781 [info] > git rev-parse --show-toplevel [27ms]
2025-03-14 22:35:56.781 [info] fatal: not a git repository (or any of the parent directories): .git
2025-03-14 22:35:56.842 [info] > git rev-parse --show-toplevel [23ms]
2025-03-14 22:35:56.842 [info] fatal: not a git repository (or any of the parent directories): .git
2025-03-14 22:35:56.888 [info] > git rev-parse --show-toplevel [4ms]
2025-03-14 22:35:56.889 [info] fatal: not a git repository (or any of the parent directories): .git
2025-03-14 22:35:56.963 [info] > git rev-parse --show-toplevel [12ms]
2025-03-14 22:35:56.963 [info] fatal: not a git repository (or any of the parent directories): .git
2025-03-14 22:35:57.004 [info] > git rev-parse --show-toplevel [10ms]
2025-03-14 22:35:57.004 [info] fatal: not a git repository (or any of the parent directories): .git
2025-03-14 22:35:57.026 [info] > git rev-parse --show-toplevel [2ms]
2025-03-14 22:35:57.026 [info] fatal: not a git repository (or any of the parent directories): .git
2025-03-14 22:35:57.041 [info] > git rev-parse --show-toplevel [3ms]
2025-03-14 22:35:57.041 [info] fatal: not a git repository (or any of the parent directories): .git
2025-03-14 22:35:57.054 [info] > git rev-parse --show-toplevel [4ms]
2025-03-14 22:35:57.054 [info] fatal: not a git repository (or any of the parent directories): .git
2025-03-14 22:35:57.076 [info] > git rev-parse --show-toplevel [5ms]
2025-03-14 22:35:57.076 [info] fatal: not a git repository (or any of the parent directories): .git
2025-03-14 22:35:57.083 [info] > git rev-parse --show-toplevel [3ms]
2025-03-14 22:35:57.083 [info] fatal: not a git repository (or any of the parent directories): .git
2025-03-14 22:35:57.087 [info] > git rev-parse --show-toplevel [1ms]
2025-03-14 22:35:57.087 [info] fatal: not a git repository (or any of the parent directories): .git
2025-03-14 22:36:00.080 [info] > git rev-parse --show-toplevel [2ms]
2025-03-14 22:36:00.080 [info] fatal: not a git repository (or any of the parent directories): .git
2025-03-14 22:36:00.084 [info] > git rev-parse --show-toplevel [1ms]
2025-03-14 22:36:00.084 [info] fatal: not a git repository (or any of the parent directories): .git
2025-03-14 22:36:00.089 [info] > git rev-parse --show-toplevel [1ms]
2025-03-14 22:36:00.089 [info] fatal: not a git repository (or any of the parent directories): .git
2025-03-14 22:36:00.094 [info] > git rev-parse --show-toplevel [2ms]
2025-03-14 22:36:00.094 [info] fatal: not a git repository (or any of the parent directories): .git
2025-03-14 22:36:00.099 [info] > git rev-parse --show-toplevel [1ms]
2025-03-14 22:36:00.099 [info] fatal: not a git repository (or any of the parent directories): .git
2025-03-14 22:36:00.103 [info] > git rev-parse --show-toplevel [1ms]
2025-03-14 22:36:00.103 [info] fatal: not a git repository (or any of the parent directories): .git
2025-03-14 22:36:00.108 [info] > git rev-parse --show-toplevel [1ms]
2025-03-14 22:36:00.108 [info] fatal: not a git repository (or any of the parent directories): .git
2025-03-14 22:36:00.326 [info] > git rev-parse --show-toplevel [3ms]
2025-03-14 22:36:00.326 [info] fatal: not a git repository (or any of the parent directories): .git
2025-03-14 22:36:00.331 [info] > git rev-parse --show-toplevel [2ms]
2025-03-14 22:36:00.331 [info] fatal: not a git repository (or any of the parent directories): .git
2025-03-14 22:36:00.338 [info] > git rev-parse --show-toplevel [3ms]
2025-03-14 22:36:00.338 [info] fatal: not a git repository (or any of the parent directories): .git
2025-03-14 22:36:00.342 [info] > git rev-parse --show-toplevel [1ms]
2025-03-14 22:36:00.342 [info] fatal: not a git repository (or any of the parent directories): .git
2025-03-14 22:36:00.347 [info] > git rev-parse --show-toplevel [1ms]
2025-03-14 22:36:00.347 [info] fatal: not a git repository (or any of the parent directories): .git
2025-03-14 22:36:00.353 [info] > git rev-parse --show-toplevel [2ms]
2025-03-14 22:36:00.353 [info] fatal: not a git repository (or any of the parent directories): .git
2025-03-14 22:36:00.391 [info] > git rev-parse --show-toplevel [20ms]
2025-03-14 22:36:00.391 [info] fatal: not a git repository (or any of the parent directories): .git
2025-03-14 22:36:00.399 [info] > git rev-parse --show-toplevel [2ms]
2025-03-14 22:36:00.399 [info] fatal: not a git repository (or any of the parent directories): .git
2025-03-14 22:36:04.544 [info] > git rev-parse --show-toplevel [29ms]
2025-03-14 22:36:04.544 [info] fatal: not a git repository (or any of the parent directories): .git
2025-03-14 22:36:04.563 [info] > git rev-parse --show-toplevel [10ms]
2025-03-14 22:36:04.563 [info] fatal: not a git repository (or any of the parent directories): .git
2025-03-14 22:36:04.575 [info] > git rev-parse --show-toplevel [4ms]
2025-03-14 22:36:04.575 [info] fatal: not a git repository (or any of the parent directories): .git
2025-03-14 22:36:04.582 [info] > git rev-parse --show-toplevel [1ms]
2025-03-14 22:36:04.582 [info] fatal: not a git repository (or any of the parent directories): .git
2025-03-14 22:36:04.587 [info] > git rev-parse --show-toplevel [2ms]
2025-03-14 22:36:04.587 [info] fatal: not a git repository (or any of the parent directories): .git
2025-03-14 22:36:04.592 [info] > git rev-parse --show-toplevel [1ms]
2025-03-14 22:36:04.592 [info] fatal: not a git repository (or any of the parent directories): .git
2025-03-14 22:36:04.596 [info] > git rev-parse --show-toplevel [1ms]
2025-03-14 22:36:04.596 [info] fatal: not a git repository (or any of the parent directories): .git
2025-03-14 22:36:04.600 [info] > git rev-parse --show-toplevel [1ms]
2025-03-14 22:36:04.600 [info] fatal: not a git repository (or any of the parent directories): .git
2025-03-14 22:36:04.605 [info] > git rev-parse --show-toplevel [1ms]
2025-03-14 22:36:04.605 [info] fatal: not a git repository (or any of the parent directories): .git
2025-03-14 22:36:05.920 [info] > git rev-parse --show-toplevel [6ms]
2025-03-14 22:36:05.920 [info] fatal: not a git repository (or any of the parent directories): .git
2025-03-14 22:36:05.932 [info] > git rev-parse --show-toplevel [4ms]
2025-03-14 22:36:05.932 [info] fatal: not a git repository (or any of the parent directories): .git
2025-03-14 22:36:05.937 [info] > git rev-parse --show-toplevel [1ms]
2025-03-14 22:36:05.937 [info] fatal: not a git repository (or any of the parent directories): .git
2025-03-14 22:36:05.941 [info] > git rev-parse --show-toplevel [1ms]
2025-03-14 22:36:05.941 [info] fatal: not a git repository (or any of the parent directories): .git
2025-03-14 22:36:05.946 [info] > git rev-parse --show-toplevel [2ms]
2025-03-14 22:36:05.946 [info] fatal: not a git repository (or any of the parent directories): .git
2025-03-14 22:36:05.951 [info] > git rev-parse --show-toplevel [2ms]
2025-03-14 22:36:05.951 [info] fatal: not a git repository (or any of the parent directories): .git
2025-03-14 22:36:05.956 [info] > git rev-parse --show-toplevel [1ms]
2025-03-14 22:36:05.956 [info] fatal: not a git repository (or any of the parent directories): .git
2025-03-14 22:36:05.991 [info] > git rev-parse --show-toplevel [22ms]
2025-03-14 22:36:05.991 [info] fatal: not a git repository (or any of the parent directories): .git
2025-03-14 22:36:06.018 [info] > git rev-parse --show-toplevel [12ms]
2025-03-14 22:36:06.018 [info] fatal: not a git repository (or any of the parent directories): .git
2025-03-14 22:36:06.033 [info] > git rev-parse --show-toplevel [3ms]
2025-03-14 22:36:06.033 [info] fatal: not a git repository (or any of the parent directories): .git
2025-03-14 22:36:06.049 [info] > git rev-parse --show-toplevel [6ms]
2025-03-14 22:36:06.049 [info] fatal: not a git repository (or any of the parent directories): .git
2025-03-14 22:36:06.078 [info] > git rev-parse --show-toplevel [5ms]
2025-03-14 22:36:06.078 [info] fatal: not a git repository (or any of the parent directories): .git
2025-03-14 22:36:06.104 [info] > git rev-parse --show-toplevel [6ms]
2025-03-14 22:36:06.104 [info] fatal: not a git repository (or any of the parent directories): .git
2025-03-14 22:36:06.116 [info] > git rev-parse --show-toplevel [0ms]
2025-03-14 22:36:06.116 [info] fatal: not a git repository (or any of the parent directories): .git
2025-03-14 22:36:06.124 [info] > git rev-parse --show-toplevel [1ms]
2025-03-14 22:36:06.124 [info] fatal: not a git repository (or any of the parent directories): .git
2025-03-14 22:36:06.133 [info] > git rev-parse --show-toplevel [3ms]
2025-03-14 22:36:06.133 [info] fatal: not a git repository (or any of the parent directories): .git
2025-03-14 22:36:06.139 [info] > git rev-parse --show-toplevel [2ms]
2025-03-14 22:36:06.139 [info] fatal: not a git repository (or any of the parent directories): .git
2025-03-14 22:37:20.206 [info] > git rev-parse --show-toplevel [9ms]
2025-03-14 22:37:20.206 [info] fatal: not a git repository (or any of the parent directories): .git
2025-03-14 22:37:20.211 [info] > git rev-parse --show-toplevel [2ms]
2025-03-14 22:37:20.211 [info] fatal: not a git repository (or any of the parent directories): .git
2025-03-14 22:37:20.218 [info] > git rev-parse --show-toplevel [2ms]
2025-03-14 22:37:20.218 [info] fatal: not a git repository (or any of the parent directories): .git
2025-03-14 22:37:20.222 [info] > git rev-parse --show-toplevel [1ms]
2025-03-14 22:37:20.222 [info] fatal: not a git repository (or any of the parent directories): .git
2025-03-14 22:37:20.226 [info] > git rev-parse --show-toplevel [1ms]
2025-03-14 22:37:20.226 [info] fatal: not a git repository (or any of the parent directories): .git
2025-03-14 22:37:20.230 [info] > git rev-parse --show-toplevel [1ms]
2025-03-14 22:37:20.230 [info] fatal: not a git repository (or any of the parent directories): .git
2025-03-14 22:37:20.234 [info] > git rev-parse --show-toplevel [1ms]
2025-03-14 22:37:20.234 [info] fatal: not a git repository (or any of the parent directories): .git
2025-03-14 22:37:20.239 [info] > git rev-parse --show-toplevel [1ms]
2025-03-14 22:37:20.239 [info] fatal: not a git repository (or any of the parent directories): .git
2025-03-14 22:37:20.243 [info] > git rev-parse --show-toplevel [1ms]
2025-03-14 22:37:20.243 [info] fatal: not a git repository (or any of the parent directories): .git
2025-03-14 22:37:20.249 [info] > git rev-parse --show-toplevel [3ms]
2025-03-14 22:37:20.249 [info] fatal: not a git repository (or any of the parent directories): .git
2025-03-14 22:37:20.256 [info] > git rev-parse --show-toplevel [3ms]
2025-03-14 22:37:20.256 [info] fatal: not a git repository (or any of the parent directories): .git
2025-03-14 22:37:20.260 [info] > git rev-parse --show-toplevel [1ms]
2025-03-14 22:37:20.260 [info] fatal: not a git repository (or any of the parent directories): .git
2025-03-14 22:37:20.264 [info] > git rev-parse --show-toplevel [1ms]
2025-03-14 22:37:20.264 [info] fatal: not a git repository (or any of the parent directories): .git
2025-03-14 22:37:20.268 [info] > git rev-parse --show-toplevel [1ms]
2025-03-14 22:37:20.268 [info] fatal: not a git repository (or any of the parent directories): .git
2025-03-14 22:37:20.273 [info] > git rev-parse --show-toplevel [1ms]
2025-03-14 22:37:20.273 [info] fatal: not a git repository (or any of the parent directories): .git
2025-03-14 22:37:20.278 [info] > git rev-parse --show-toplevel [2ms]
2025-03-14 22:37:20.278 [info] fatal: not a git repository (or any of the parent directories): .git
2025-03-14 22:37:20.284 [info] > git rev-parse --show-toplevel [2ms]
2025-03-14 22:37:20.284 [info] fatal: not a git repository (or any of the parent directories): .git
2025-03-14 22:37:30.320 [info] > git rev-parse --show-toplevel [6ms]
2025-03-14 22:37:30.320 [info] fatal: not a git repository (or any of the parent directories): .git
2025-03-14 22:37:30.329 [info] > git rev-parse --show-toplevel [3ms]
2025-03-14 22:37:30.329 [info] fatal: not a git repository (or any of the parent directories): .git
2025-03-14 22:37:30.333 [info] > git rev-parse --show-toplevel [1ms]
2025-03-14 22:37:30.333 [info] fatal: not a git repository (or any of the parent directories): .git
2025-03-14 22:37:30.337 [info] > git rev-parse --show-toplevel [1ms]
2025-03-14 22:37:30.337 [info] fatal: not a git repository (or any of the parent directories): .git
2025-03-14 22:37:30.341 [info] > git rev-parse --show-toplevel [1ms]
2025-03-14 22:37:30.342 [info] fatal: not a git repository (or any of the parent directories): .git
2025-03-14 22:37:30.346 [info] > git rev-parse --show-toplevel [1ms]
2025-03-14 22:37:30.346 [info] fatal: not a git repository (or any of the parent directories): .git
2025-03-14 22:37:30.350 [info] > git rev-parse --show-toplevel [2ms]
2025-03-14 22:37:30.350 [info] fatal: not a git repository (or any of the parent directories): .git
2025-03-14 22:37:30.354 [info] > git rev-parse --show-toplevel [2ms]
2025-03-14 22:37:30.354 [info] fatal: not a git repository (or any of the parent directories): .git
2025-03-14 22:37:30.358 [info] > git rev-parse --show-toplevel [1ms]
2025-03-14 22:37:30.358 [info] fatal: not a git repository (or any of the parent directories): .git
2025-03-14 22:37:30.370 [info] > git rev-parse --show-toplevel [6ms]
2025-03-14 22:37:30.370 [info] fatal: not a git repository (or any of the parent directories): .git
2025-03-14 22:37:30.381 [info] > git rev-parse --show-toplevel [2ms]
2025-03-14 22:37:30.381 [info] fatal: not a git repository (or any of the parent directories): .git
2025-03-14 22:37:30.385 [info] > git rev-parse --show-toplevel [2ms]
2025-03-14 22:37:30.385 [info] fatal: not a git repository (or any of the parent directories): .git
2025-03-14 22:37:30.389 [info] > git rev-parse --show-toplevel [1ms]
2025-03-14 22:37:30.389 [info] fatal: not a git repository (or any of the parent directories): .git
2025-03-14 22:37:30.394 [info] > git rev-parse --show-toplevel [2ms]
2025-03-14 22:37:30.394 [info] fatal: not a git repository (or any of the parent directories): .git
2025-03-14 22:37:30.398 [info] > git rev-parse --show-toplevel [2ms]
2025-03-14 22:37:30.398 [info] fatal: not a git repository (or any of the parent directories): .git
2025-03-14 22:37:30.402 [info] > git rev-parse --show-toplevel [2ms]
2025-03-14 22:37:30.402 [info] fatal: not a git repository (or any of the parent directories): .git
2025-03-14 22:37:30.406 [info] > git rev-parse --show-toplevel [2ms]
2025-03-14 22:37:30.406 [info] fatal: not a git repository (or any of the parent directories): .git
