2025-03-17 21:12:45.807 [info] Extension host with pid 1079 started
2025-03-17 21:12:45.807 [error] Error: EEXIST: file already exists, open '/root/.vscode-server/data/User/workspaceStorage/99125c4b3bde653cbaa6c15da80dd38a/vscode.lock'
2025-03-17 21:12:45.811 [info] Lock '/root/.vscode-server/data/User/workspaceStorage/99125c4b3bde653cbaa6c15da80dd38a/vscode.lock': Could not acquire lock, checking if the file is stale.
2025-03-17 21:12:45.819 [info] Lock '/root/.vscode-server/data/User/workspaceStorage/99125c4b3bde653cbaa6c15da80dd38a/vscode.lock': The lock does not look stale, elapsed: 158258 ms, giving up.
2025-03-17 21:12:45.828 [error] Error: EEXIST: file already exists, open '/root/.vscode-server/data/User/workspaceStorage/99125c4b3bde653cbaa6c15da80dd38a-1/vscode.lock'
2025-03-17 21:12:45.829 [info] Lock '/root/.vscode-server/data/User/workspaceStorage/99125c4b3bde653cbaa6c15da80dd38a-1/vscode.lock': Could not acquire lock, checking if the file is stale.
2025-03-17 21:12:45.829 [info] Lock '/root/.vscode-server/data/User/workspaceStorage/99125c4b3bde653cbaa6c15da80dd38a-1/vscode.lock': The pid 282130 appears to be gone.
2025-03-17 21:12:45.829 [info] Lock '/root/.vscode-server/data/User/workspaceStorage/99125c4b3bde653cbaa6c15da80dd38a-1/vscode.lock': Deleting a stale lock.
2025-03-17 21:12:45.833 [info] Lock '/root/.vscode-server/data/User/workspaceStorage/99125c4b3bde653cbaa6c15da80dd38a-1/vscode.lock': Lock acquired.
2025-03-17 21:12:45.969 [info] ExtensionService#_doActivateExtension vscode.git-base, startup: false, activationEvent: '*', root cause: vscode.git
2025-03-17 21:12:45.973 [info] ExtensionService#_doActivateExtension vscode.tunnel-forwarding, startup: false, activationEvent: 'onTunnel'
2025-03-17 21:12:45.974 [info] ExtensionService#_doActivateExtension vscode.emmet, startup: false, activationEvent: 'onLanguage'
2025-03-17 21:12:45.974 [info] ExtensionService#_doActivateExtension vscode.typescript-language-features, startup: false, activationEvent: 'onLanguage:javascript'
2025-03-17 21:12:45.974 [info] ExtensionService#_doActivateExtension vscode.html-language-features, startup: false, activationEvent: 'onLanguage:html'
2025-03-17 21:12:46.959 [info] ExtensionService#_doActivateExtension vscode.git, startup: false, activationEvent: '*'
2025-03-17 21:12:46.960 [info] ExtensionService#_doActivateExtension vscode.github, startup: false, activationEvent: '*'
2025-03-17 21:12:47.546 [info] ExtensionService#_doActivateExtension vscode.npm, startup: true, activationEvent: 'workspaceContains:package.json'
2025-03-17 21:12:50.631 [info] Eager extensions activated
2025-03-17 21:12:50.631 [info] ExtensionService#_doActivateExtension vscode.debug-auto-launch, startup: false, activationEvent: 'onStartupFinished'
2025-03-17 21:12:50.640 [info] ExtensionService#_doActivateExtension vscode.merge-conflict, startup: false, activationEvent: 'onStartupFinished'
2025-03-17 21:12:56.577 [info] ExtensionService#_doActivateExtension vscode.configuration-editing, startup: false, activationEvent: 'onLanguage:json'
2025-03-17 21:12:56.578 [info] ExtensionService#_doActivateExtension vscode.extension-editing, startup: false, activationEvent: 'onLanguage:json'
2025-03-17 21:12:56.582 [info] ExtensionService#_doActivateExtension vscode.json-language-features, startup: false, activationEvent: 'onLanguage:json'
2025-03-17 21:48:31.264 [info] ExtensionService#_doActivateExtension vscode.css-language-features, startup: false, activationEvent: 'onLanguage:css'
