2025-03-17 21:05:44.449 [info] [main] Log level: Info
2025-03-17 21:05:44.449 [info] [main] Validating found git in: "git"
2025-03-17 21:05:44.449 [info] [main] Using git "2.45.2" from "git"
2025-03-17 21:05:44.449 [info] [Model][doInitialScan] Initial repository scan started
2025-03-17 21:05:44.449 [info] > git rev-parse --show-toplevel [313ms]
2025-03-17 21:05:44.449 [info] fatal: not a git repository (or any of the parent directories): .git
2025-03-17 21:05:44.449 [info] > git rev-parse --show-toplevel [479ms]
2025-03-17 21:05:44.449 [info] fatal: not a git repository (or any of the parent directories): .git
2025-03-17 21:05:44.449 [info] > git rev-parse --show-toplevel [140ms]
2025-03-17 21:05:44.449 [info] fatal: not a git repository (or any of the parent directories): .git
2025-03-17 21:05:44.650 [info] > git rev-parse --show-toplevel [150ms]
2025-03-17 21:05:44.650 [info] fatal: not a git repository (or any of the parent directories): .git
2025-03-17 21:05:44.731 [info] > git rev-parse --show-toplevel [33ms]
2025-03-17 21:05:44.731 [info] fatal: not a git repository (or any of the parent directories): .git
2025-03-17 21:05:44.797 [info] > git rev-parse --show-toplevel [19ms]
2025-03-17 21:05:44.797 [info] fatal: not a git repository (or any of the parent directories): .git
2025-03-17 21:05:44.844 [info] > git rev-parse --show-toplevel [12ms]
2025-03-17 21:05:44.844 [info] fatal: not a git repository (or any of the parent directories): .git
2025-03-17 21:05:44.893 [info] > git rev-parse --show-toplevel [10ms]
2025-03-17 21:05:44.893 [info] fatal: not a git repository (or any of the parent directories): .git
2025-03-17 21:05:44.972 [info] > git rev-parse --show-toplevel [33ms]
2025-03-17 21:05:44.972 [info] fatal: not a git repository (or any of the parent directories): .git
2025-03-17 21:05:45.020 [info] [Model][doInitialScan] Initial repository scan completed - repositories (0), closed repositories (0), parent repositories (0), unsafe repositories (0)
