2025-03-17 22:27:48.299 [info] Extension host with pid 2366 started
2025-03-17 22:27:48.299 [error] Error: EEXIST: file already exists, open '/root/.vscode-server/data/User/workspaceStorage/99125c4b3bde653cbaa6c15da80dd38a/vscode.lock'
2025-03-17 22:27:48.482 [info] Lock '/root/.vscode-server/data/User/workspaceStorage/99125c4b3bde653cbaa6c15da80dd38a/vscode.lock': Could not acquire lock, checking if the file is stale.
2025-03-17 22:27:48.570 [info] ExtensionService#_doActivateExtension vscode.git-base, startup: false, activationEvent: '*', root cause: vscode.git
2025-03-17 22:27:48.583 [info] ExtensionService#_doActivateExtension vscode.typescript-language-features, startup: false, activationEvent: 'onLanguage:javascript'
2025-03-17 22:27:48.583 [info] ExtensionService#_doActivateExtension vscode.emmet, startup: false, activationEvent: 'onLanguage'
2025-03-17 22:27:48.583 [info] ExtensionService#_doActivateExtension vscode.html-language-features, startup: false, activationEvent: 'onLanguage:html'
2025-03-17 22:27:48.584 [info] ExtensionService#_doActivateExtension vscode.css-language-features, startup: false, activationEvent: 'onLanguage:css'
2025-03-17 22:27:50.789 [info] Lock '/root/.vscode-server/data/User/workspaceStorage/99125c4b3bde653cbaa6c15da80dd38a/vscode.lock': The pid 3324 appears to be gone.
2025-03-17 22:27:50.789 [info] Lock '/root/.vscode-server/data/User/workspaceStorage/99125c4b3bde653cbaa6c15da80dd38a/vscode.lock': Deleting a stale lock.
2025-03-17 22:27:50.901 [info] ExtensionService#_doActivateExtension vscode.tunnel-forwarding, startup: false, activationEvent: 'onTunnel'
2025-03-17 22:27:50.921 [info] Lock '/root/.vscode-server/data/User/workspaceStorage/99125c4b3bde653cbaa6c15da80dd38a/vscode.lock': Lock acquired.
2025-03-17 22:27:52.069 [info] ExtensionService#_doActivateExtension vscode.git, startup: false, activationEvent: '*'
2025-03-17 22:27:52.070 [info] ExtensionService#_doActivateExtension vscode.github, startup: false, activationEvent: '*'
2025-03-17 22:27:55.593 [info] Eager extensions activated
2025-03-17 22:27:55.623 [info] ExtensionService#_doActivateExtension vscode.debug-auto-launch, startup: false, activationEvent: 'onStartupFinished'
2025-03-17 22:27:55.635 [info] ExtensionService#_doActivateExtension vscode.merge-conflict, startup: false, activationEvent: 'onStartupFinished'
2025-03-17 22:28:15.871 [info] ExtensionService#_doActivateExtension vscode.npm, startup: false, activationEvent: 'onTerminalQuickFixRequest:ms-vscode.npm-command'
2025-03-17 22:28:22.390 [info] ExtensionService#_doActivateExtension vscode.configuration-editing, startup: false, activationEvent: 'onLanguage:json'
2025-03-17 22:28:22.403 [info] ExtensionService#_doActivateExtension vscode.extension-editing, startup: false, activationEvent: 'onLanguage:json'
2025-03-17 22:28:22.411 [info] ExtensionService#_doActivateExtension vscode.json-language-features, startup: false, activationEvent: 'onLanguage:json'
