2025-03-12 22:33:12.848 [info] Extension host with pid 140646 started
2025-03-12 22:33:12.848 [error] Error: EEXIST: file already exists, open '/root/.vscode-server/data/User/workspaceStorage/99125c4b3bde653cbaa6c15da80dd38a/vscode.lock'
2025-03-12 22:33:12.850 [info] Lock '/root/.vscode-server/data/User/workspaceStorage/99125c4b3bde653cbaa6c15da80dd38a/vscode.lock': Could not acquire lock, checking if the file is stale.
2025-03-12 22:33:12.864 [info] Lock '/root/.vscode-server/data/User/workspaceStorage/99125c4b3bde653cbaa6c15da80dd38a/vscode.lock': The lock does not look stale, elapsed: 752 ms, giving up.
2025-03-12 22:33:12.866 [error] Error: EEXIST: file already exists, open '/root/.vscode-server/data/User/workspaceStorage/99125c4b3bde653cbaa6c15da80dd38a-1/vscode.lock'
2025-03-12 22:33:12.866 [info] Lock '/root/.vscode-server/data/User/workspaceStorage/99125c4b3bde653cbaa6c15da80dd38a-1/vscode.lock': Could not acquire lock, checking if the file is stale.
2025-03-12 22:33:12.867 [info] Lock '/root/.vscode-server/data/User/workspaceStorage/99125c4b3bde653cbaa6c15da80dd38a-1/vscode.lock': The pid 45773 appears to be gone.
2025-03-12 22:33:12.867 [info] Lock '/root/.vscode-server/data/User/workspaceStorage/99125c4b3bde653cbaa6c15da80dd38a-1/vscode.lock': Deleting a stale lock.
2025-03-12 22:33:12.871 [info] Lock '/root/.vscode-server/data/User/workspaceStorage/99125c4b3bde653cbaa6c15da80dd38a-1/vscode.lock': Lock acquired.
2025-03-12 22:33:12.952 [info] ExtensionService#_doActivateExtension vscode.git-base, startup: false, activationEvent: '*', root cause: vscode.git
2025-03-12 22:33:12.954 [info] ExtensionService#_doActivateExtension vscode.tunnel-forwarding, startup: false, activationEvent: 'onTunnel'
2025-03-12 22:33:12.954 [info] ExtensionService#_doActivateExtension vscode.emmet, startup: false, activationEvent: 'onLanguage'
2025-03-12 22:33:12.955 [info] ExtensionService#_doActivateExtension vscode.html-language-features, startup: false, activationEvent: 'onLanguage:html'
2025-03-12 22:33:13.333 [info] ExtensionService#_doActivateExtension vscode.git, startup: false, activationEvent: '*'
2025-03-12 22:33:13.334 [info] ExtensionService#_doActivateExtension vscode.github, startup: false, activationEvent: '*'
2025-03-12 22:33:14.048 [info] Eager extensions activated
2025-03-12 22:33:14.048 [info] ExtensionService#_doActivateExtension vscode.debug-auto-launch, startup: false, activationEvent: 'onStartupFinished'
2025-03-12 22:33:14.070 [info] ExtensionService#_doActivateExtension vscode.merge-conflict, startup: false, activationEvent: 'onStartupFinished'
2025-03-13 02:03:34.109 [info] Extension host terminating: renderer disconnected for too long (1)
2025-03-13 02:03:34.112 [info] Lock '/root/.vscode-server/data/User/workspaceStorage/99125c4b3bde653cbaa6c15da80dd38a-1/vscode.lock': Marking the lockfile as scheduled to be released in 6000 ms.
2025-03-13 02:03:34.169 [info] Extension host with pid 140646 exiting with code 0
